2024-11-15 18:01:56.429 [main] WARN  com.alibaba.nacos.client.logging.NacosLogging - Load Logback Configuration of Nacos fail, message: Could not initialize Logback Nacos logging from classpath:nacos-logback.xml
2024-11-15 18:01:56.484 [main] WARN  com.alibaba.nacos.client.logging.NacosLogging - Load Logback Configuration of Nacos fail, message: Could not initialize Logback Nacos logging from classpath:nacos-logback.xml
2024-11-15 18:01:56.667 [main] WARN  com.alibaba.nacos.client.logging.NacosLogging - Load Logback Configuration of Nacos fail, message: Could not initialize Logback Nacos logging from classpath:nacos-logback.xml
2024-11-15 18:01:56.669 [main] INFO  com.alibaba.nacos.client.utils.ParamUtil - [settings] [req-serv] nacos-server port:8848
2024-11-15 18:01:56.669 [main] INFO  com.alibaba.nacos.client.utils.ParamUtil - [settings] [http-client] connect timeout:1000
2024-11-15 18:01:56.670 [main] INFO  com.alibaba.nacos.client.utils.ParamUtil - PER_TASK_CONFIG_SIZE: 3000.0
2024-11-15 18:01:56.694 [main] INFO  c.a.n.p.auth.spi.client.ClientAuthPluginManager - [ClientAuthPluginManager] Load ClientAuthService com.alibaba.nacos.client.auth.impl.NacosClientAuthServiceImpl success.
2024-11-15 18:01:56.694 [main] INFO  c.a.n.p.auth.spi.client.ClientAuthPluginManager - [ClientAuthPluginManager] Load ClientAuthService com.alibaba.nacos.client.auth.ram.RamClientAuthServiceImpl success.
2024-11-15 18:01:56.696 [main] INFO  c.a.n.client.auth.ram.identify.CredentialWatcher - null No credential found
2024-11-15 18:01:57.185 [main] WARN  com.alibaba.nacos.client.logging.NacosLogging - Load Logback Configuration of Nacos fail, message: Could not initialize Logback Nacos logging from classpath:nacos-logback.xml
2024-11-15 18:01:57.199 [main] INFO  c.a.n.client.config.impl.LocalConfigInfoProcessor - LOCAL_SNAPSHOT_PATH:C:\Users\xu\nacos\config
2024-11-15 18:01:57.203 [main] INFO  com.alibaba.nacos.common.remote.client - [RpcClientFactory] create a new rpc client of 8f02a949-5b65-47ce-85f7-c37ad55a8d9e_config-0
2024-11-15 18:01:57.220 [main] INFO  com.alibaba.nacos.common.remote.client - [8f02a949-5b65-47ce-85f7-c37ad55a8d9e_config-0] Register server push request handler:com.alibaba.nacos.client.config.impl.ClientWorker$ConfigRpcTransportClient$$Lambda$586/0x0000000800f90000
2024-11-15 18:01:57.220 [main] INFO  com.alibaba.nacos.common.remote.client - [8f02a949-5b65-47ce-85f7-c37ad55a8d9e_config-0] Register server push request handler:com.alibaba.nacos.client.config.impl.ClientWorker$ConfigRpcTransportClient$$Lambda$587/0x0000000800f90420
2024-11-15 18:01:57.221 [main] INFO  com.alibaba.nacos.common.remote.client - [8f02a949-5b65-47ce-85f7-c37ad55a8d9e_config-0] Registry connection listener to current client:com.alibaba.nacos.client.config.impl.ClientWorker$ConfigRpcTransportClient$1
2024-11-15 18:01:57.221 [main] INFO  com.alibaba.nacos.common.remote.client - [8f02a949-5b65-47ce-85f7-c37ad55a8d9e_config-0] RpcClient init, ServerListFactory = com.alibaba.nacos.client.config.impl.ClientWorker$ConfigRpcTransportClient$2
2024-11-15 18:01:57.228 [main] INFO  com.alibaba.nacos.common.remote.client - [8f02a949-5b65-47ce-85f7-c37ad55a8d9e_config-0] Try to connect to server on start up, server: {serverIp = '192.168.117.200', server main port = 8848}
2024-11-15 18:01:57.257 [main] INFO  c.a.nacos.common.remote.client.grpc.GrpcClient - grpc client connection server:192.168.117.200 ip,serverPort:9848,grpcTslConfig:{"sslProvider":"OPENSSL","enableTls":false,"mutualAuthEnable":false,"trustAll":false}
2024-11-15 18:01:58.366 [main] INFO  com.alibaba.nacos.common.remote.client - [8f02a949-5b65-47ce-85f7-c37ad55a8d9e_config-0] Success to connect to server [192.168.117.200:8848] on start up, connectionId = 1731664918777_192.168.117.1_64923
2024-11-15 18:01:58.367 [com.alibaba.nacos.client.remote.worker] INFO  com.alibaba.nacos.common.remote.client - [8f02a949-5b65-47ce-85f7-c37ad55a8d9e_config-0] Notify connected event to listeners.
2024-11-15 18:01:58.367 [main] INFO  com.alibaba.nacos.common.remote.client - [8f02a949-5b65-47ce-85f7-c37ad55a8d9e_config-0] Register server push request handler:com.alibaba.nacos.common.remote.client.RpcClient$ConnectResetRequestHandler
2024-11-15 18:01:58.367 [com.alibaba.nacos.client.remote.worker] INFO  com.alibaba.nacos.client.config.impl.ClientWorker - [8f02a949-5b65-47ce-85f7-c37ad55a8d9e_config-0] Connected,notify listen context...
2024-11-15 18:01:58.367 [main] INFO  com.alibaba.nacos.common.remote.client - [8f02a949-5b65-47ce-85f7-c37ad55a8d9e_config-0] Register server push request handler:com.alibaba.nacos.common.remote.client.RpcClient$$Lambda$607/0x00000008010d8228
2024-11-15 18:01:58.422 [main] INFO  com.alibaba.nacos.client.config.impl.Limiter - limitTime:5.0
2024-11-15 18:01:58.469 [main] INFO  com.alibaba.nacos.client.config.utils.JvmUtil - isMultiInstance:false
2024-11-15 18:01:58.506 [main] WARN  c.a.cloud.nacos.client.NacosPropertySourceBuilder - Ignore the empty nacos configuration and get it based on dataId[xiaohashu-auth.yaml] & group[DEFAULT_GROUP]
2024-11-15 18:01:58.545 [main] INFO  o.s.c.b.c.PropertySourceBootstrapConfiguration - Located property source: [BootstrapPropertySource {name='bootstrapProperties-xiaohashu-auth-dev.yaml,DEFAULT_GROUP'}, BootstrapPropertySource {name='bootstrapProperties-xiaohashu-auth.yaml,DEFAULT_GROUP'}, BootstrapPropertySource {name='bootstrapProperties-xiaohashu-auth,DEFAULT_GROUP'}]
2024-11-15 18:01:58.553 [main] WARN  com.alibaba.nacos.client.logging.NacosLogging - Load Logback Configuration of Nacos fail, message: Could not initialize Logback Nacos logging from classpath:nacos-logback.xml
2024-11-15 18:01:58.555 [main] INFO  c.arnanzz.xiaohashu.auth.XiaohashuAuthApplication - The following 1 profile is active: "dev"
2024-11-15 18:01:59.234 [main] INFO  o.s.d.r.config.RepositoryConfigurationDelegate - Multiple Spring Data modules found, entering strict repository configuration mode
2024-11-15 18:01:59.236 [main] INFO  o.s.d.r.config.RepositoryConfigurationDelegate - Bootstrapping Spring Data Redis repositories in DEFAULT mode.
2024-11-15 18:01:59.258 [main] INFO  o.s.d.r.config.RepositoryConfigurationDelegate - Finished Spring Data repository scanning in 8 ms. Found 0 Redis repository interfaces.
2024-11-15 18:01:59.392 [main] WARN  org.mybatis.spring.mapper.ClassPathMapperScanner - No MyBatis mapper was found in '[com.arnanzz.xiaohashu.auth]' package. Please check your configuration.
2024-11-15 18:01:59.467 [main] INFO  o.springframework.cloud.context.scope.GenericScope - BeanFactory id=afd4f599-cc48-332e-8704-45f5e94a97d8
2024-11-15 18:02:00.053 [main] INFO  o.s.boot.web.embedded.tomcat.TomcatWebServer - Tomcat initialized with port(s): 8080 (http)
2024-11-15 18:02:00.063 [main] INFO  org.apache.catalina.core.StandardService - Starting service [Tomcat]
2024-11-15 18:02:00.064 [main] INFO  org.apache.catalina.core.StandardEngine - Starting Servlet engine: [Apache Tomcat/10.1.5]
2024-11-15 18:02:00.158 [main] INFO  o.a.c.core.ContainerBase.[Tomcat].[localhost].[/] - Initializing Spring embedded WebApplicationContext
2024-11-15 18:02:00.158 [main] INFO  o.s.b.w.s.c.ServletWebServerApplicationContext - Root WebApplicationContext: initialization completed in 1547 ms
2024-11-15 18:02:00.590 [main] INFO  o.s.cloud.openfeign.FeignClientFactoryBean - For 'xiaohashu-user' URL not provided. Will try picking an instance via load-balancing.
2024-11-15 18:02:01.975 [main] INFO  c.a.d.s.b.a.DruidDataSourceAutoConfigure - Init DruidDataSource
2024-11-15 18:02:02.058 [main] WARN  o.s.b.w.s.c.AnnotationConfigServletWebServerApplicationContext - Exception encountered during context initialization - cancelling refresh attempt: org.springframework.beans.factory.BeanCreationException: Error creating bean with name 'dataSource' defined in class path resource [com/alibaba/druid/spring/boot3/autoconfigure/DruidDataSourceAutoConfigure.class]: Failed to determine a suitable driver class
2024-11-15 18:02:02.075 [main] INFO  org.apache.catalina.core.StandardService - Stopping service [Tomcat]
2024-11-15 18:02:02.122 [main] INFO  o.s.b.a.logging.ConditionEvaluationReportLogger - 

Error starting ApplicationContext. To display the condition evaluation report re-run your application with 'debug' enabled.
2024-11-15 18:02:02.146 [main] ERROR o.s.b.diagnostics.LoggingFailureAnalysisReporter - 

***************************
APPLICATION FAILED TO START
***************************

Description:

Failed to configure a DataSource: 'url' attribute is not specified and no embedded datasource could be configured.

Reason: Failed to determine a suitable driver class


Action:

Consider the following:
	If you want an embedded database (H2, HSQL or Derby), please put it on the classpath.
	If you have database settings to be loaded from a particular profile you may need to activate it (the profiles dev are currently active).

2024-11-15 18:02:03.078 [Thread-9] WARN  com.alibaba.nacos.common.notify.NotifyCenter - [NotifyCenter] Start destroying Publisher
2024-11-15 18:02:03.078 [Thread-2] WARN  c.alibaba.nacos.common.http.HttpClientBeanHolder - [HttpClientBeanHolder] Start destroying common HttpClient
2024-11-15 18:02:03.078 [Thread-9] WARN  com.alibaba.nacos.common.notify.NotifyCenter - [NotifyCenter] Destruction of the end
2024-11-15 18:03:09.191 [main] WARN  com.alibaba.nacos.client.logging.NacosLogging - Load Logback Configuration of Nacos fail, message: Could not initialize Logback Nacos logging from classpath:nacos-logback.xml
2024-11-15 18:03:09.260 [main] WARN  com.alibaba.nacos.client.logging.NacosLogging - Load Logback Configuration of Nacos fail, message: Could not initialize Logback Nacos logging from classpath:nacos-logback.xml
2024-11-15 18:03:09.466 [main] WARN  com.alibaba.nacos.client.logging.NacosLogging - Load Logback Configuration of Nacos fail, message: Could not initialize Logback Nacos logging from classpath:nacos-logback.xml
2024-11-15 18:03:09.468 [main] INFO  com.alibaba.nacos.client.utils.ParamUtil - [settings] [req-serv] nacos-server port:8848
2024-11-15 18:03:09.468 [main] INFO  com.alibaba.nacos.client.utils.ParamUtil - [settings] [http-client] connect timeout:1000
2024-11-15 18:03:09.469 [main] INFO  com.alibaba.nacos.client.utils.ParamUtil - PER_TASK_CONFIG_SIZE: 3000.0
2024-11-15 18:03:09.496 [main] INFO  c.a.n.p.auth.spi.client.ClientAuthPluginManager - [ClientAuthPluginManager] Load ClientAuthService com.alibaba.nacos.client.auth.impl.NacosClientAuthServiceImpl success.
2024-11-15 18:03:09.496 [main] INFO  c.a.n.p.auth.spi.client.ClientAuthPluginManager - [ClientAuthPluginManager] Load ClientAuthService com.alibaba.nacos.client.auth.ram.RamClientAuthServiceImpl success.
2024-11-15 18:03:09.499 [main] INFO  c.a.n.client.auth.ram.identify.CredentialWatcher - null No credential found
2024-11-15 18:03:09.980 [main] WARN  com.alibaba.nacos.client.logging.NacosLogging - Load Logback Configuration of Nacos fail, message: Could not initialize Logback Nacos logging from classpath:nacos-logback.xml
2024-11-15 18:03:09.991 [main] INFO  c.a.n.client.config.impl.LocalConfigInfoProcessor - LOCAL_SNAPSHOT_PATH:C:\Users\xu\nacos\config
2024-11-15 18:03:09.995 [main] INFO  com.alibaba.nacos.common.remote.client - [RpcClientFactory] create a new rpc client of 368b1f69-41e3-42d1-8e83-8529cba23f9f_config-0
2024-11-15 18:03:10.011 [main] INFO  com.alibaba.nacos.common.remote.client - [368b1f69-41e3-42d1-8e83-8529cba23f9f_config-0] Register server push request handler:com.alibaba.nacos.client.config.impl.ClientWorker$ConfigRpcTransportClient$$Lambda$586/0x0000000800f8f5a8
2024-11-15 18:03:10.012 [main] INFO  com.alibaba.nacos.common.remote.client - [368b1f69-41e3-42d1-8e83-8529cba23f9f_config-0] Register server push request handler:com.alibaba.nacos.client.config.impl.ClientWorker$ConfigRpcTransportClient$$Lambda$587/0x0000000800f8f9c8
2024-11-15 18:03:10.013 [main] INFO  com.alibaba.nacos.common.remote.client - [368b1f69-41e3-42d1-8e83-8529cba23f9f_config-0] Registry connection listener to current client:com.alibaba.nacos.client.config.impl.ClientWorker$ConfigRpcTransportClient$1
2024-11-15 18:03:10.013 [main] INFO  com.alibaba.nacos.common.remote.client - [368b1f69-41e3-42d1-8e83-8529cba23f9f_config-0] RpcClient init, ServerListFactory = com.alibaba.nacos.client.config.impl.ClientWorker$ConfigRpcTransportClient$2
2024-11-15 18:03:10.021 [main] INFO  com.alibaba.nacos.common.remote.client - [368b1f69-41e3-42d1-8e83-8529cba23f9f_config-0] Try to connect to server on start up, server: {serverIp = '192.168.117.200', server main port = 8848}
2024-11-15 18:03:10.058 [main] INFO  c.a.nacos.common.remote.client.grpc.GrpcClient - grpc client connection server:192.168.117.200 ip,serverPort:9848,grpcTslConfig:{"sslProvider":"OPENSSL","enableTls":false,"mutualAuthEnable":false,"trustAll":false}
2024-11-15 18:03:11.229 [main] INFO  com.alibaba.nacos.common.remote.client - [368b1f69-41e3-42d1-8e83-8529cba23f9f_config-0] Success to connect to server [192.168.117.200:8848] on start up, connectionId = 1731664991630_192.168.117.1_65048
2024-11-15 18:03:11.229 [com.alibaba.nacos.client.remote.worker] INFO  com.alibaba.nacos.common.remote.client - [368b1f69-41e3-42d1-8e83-8529cba23f9f_config-0] Notify connected event to listeners.
2024-11-15 18:03:11.229 [com.alibaba.nacos.client.remote.worker] INFO  com.alibaba.nacos.client.config.impl.ClientWorker - [368b1f69-41e3-42d1-8e83-8529cba23f9f_config-0] Connected,notify listen context...
2024-11-15 18:03:11.230 [main] INFO  com.alibaba.nacos.common.remote.client - [368b1f69-41e3-42d1-8e83-8529cba23f9f_config-0] Register server push request handler:com.alibaba.nacos.common.remote.client.RpcClient$ConnectResetRequestHandler
2024-11-15 18:03:11.230 [main] INFO  com.alibaba.nacos.common.remote.client - [368b1f69-41e3-42d1-8e83-8529cba23f9f_config-0] Register server push request handler:com.alibaba.nacos.common.remote.client.RpcClient$$Lambda$607/0x00000008010d76f0
2024-11-15 18:03:11.279 [main] INFO  com.alibaba.nacos.client.config.impl.Limiter - limitTime:5.0
2024-11-15 18:03:11.293 [main] INFO  com.alibaba.nacos.client.config.utils.JvmUtil - isMultiInstance:false
2024-11-15 18:03:11.304 [main] WARN  c.a.cloud.nacos.client.NacosPropertySourceBuilder - Ignore the empty nacos configuration and get it based on dataId[xiaohashu-auth.yaml] & group[DEFAULT_GROUP]
2024-11-15 18:03:11.314 [main] INFO  o.s.c.b.c.PropertySourceBootstrapConfiguration - Located property source: [BootstrapPropertySource {name='bootstrapProperties-xiaohashu-auth-dev.yaml,DEFAULT_GROUP'}, BootstrapPropertySource {name='bootstrapProperties-xiaohashu-auth.yaml,DEFAULT_GROUP'}, BootstrapPropertySource {name='bootstrapProperties-xiaohashu-auth,DEFAULT_GROUP'}]
2024-11-15 18:03:11.319 [main] WARN  com.alibaba.nacos.client.logging.NacosLogging - Load Logback Configuration of Nacos fail, message: Could not initialize Logback Nacos logging from classpath:nacos-logback.xml
2024-11-15 18:03:11.320 [main] INFO  c.arnanzz.xiaohashu.auth.XiaohashuAuthApplication - The following 1 profile is active: "dev"
2024-11-15 18:03:11.800 [main] INFO  o.s.d.r.config.RepositoryConfigurationDelegate - Multiple Spring Data modules found, entering strict repository configuration mode
2024-11-15 18:03:11.803 [main] INFO  o.s.d.r.config.RepositoryConfigurationDelegate - Bootstrapping Spring Data Redis repositories in DEFAULT mode.
2024-11-15 18:03:11.834 [main] INFO  o.s.d.r.config.RepositoryConfigurationDelegate - Finished Spring Data repository scanning in 10 ms. Found 0 Redis repository interfaces.
2024-11-15 18:03:12.031 [main] INFO  o.springframework.cloud.context.scope.GenericScope - BeanFactory id=7b892883-55ff-392a-a8ed-40508504190f
2024-11-15 18:03:12.045 [main] INFO  o.s.c.s.PostProcessorRegistrationDelegate$BeanPostProcessorChecker - Bean 'com.arnanzz.xiaohashu.user.api.UserFeignApi' of type [org.springframework.cloud.openfeign.FeignClientFactoryBean] is not eligible for getting processed by all BeanPostProcessors (for example: not eligible for auto-proxying)
2024-11-15 18:03:12.433 [main] INFO  o.s.boot.web.embedded.tomcat.TomcatWebServer - Tomcat initialized with port(s): 8080 (http)
2024-11-15 18:03:12.442 [main] INFO  org.apache.catalina.core.StandardService - Starting service [Tomcat]
2024-11-15 18:03:12.442 [main] INFO  org.apache.catalina.core.StandardEngine - Starting Servlet engine: [Apache Tomcat/10.1.5]
2024-11-15 18:03:12.511 [main] INFO  o.a.c.core.ContainerBase.[Tomcat].[localhost].[/] - Initializing Spring embedded WebApplicationContext
2024-11-15 18:03:12.511 [main] INFO  o.s.b.w.s.c.ServletWebServerApplicationContext - Root WebApplicationContext: initialization completed in 1177 ms
2024-11-15 18:03:12.978 [main] INFO  o.s.cloud.openfeign.FeignClientFactoryBean - For 'xiaohashu-user' URL not provided. Will try picking an instance via load-balancing.
2024-11-15 18:03:14.744 [main] WARN  o.s.c.l.c.LoadBalancerCacheAutoConfiguration$LoadBalancerCaffeineWarnLogger - Spring Cloud LoadBalancer is currently working with the default cache. While this cache implementation is useful for development and tests, it's recommended to use Caffeine cache in production.You can switch to using Caffeine cache, by adding it and org.springframework.cache.caffeine.CaffeineCacheManager to the classpath.
2024-11-15 18:03:14.801 [main] INFO  o.s.boot.web.embedded.tomcat.TomcatWebServer - Tomcat started on port(s): 8080 (http) with context path ''
2024-11-15 18:03:14.807 [main] INFO  com.alibaba.nacos.client.naming - initializer namespace from ans.namespace attribute : null
2024-11-15 18:03:14.807 [main] INFO  com.alibaba.nacos.client.naming - initializer namespace from ALIBABA_ALIWARE_NAMESPACE attribute :null
2024-11-15 18:03:14.808 [main] INFO  com.alibaba.nacos.client.naming - initializer namespace from namespace attribute :null
2024-11-15 18:03:14.816 [main] INFO  c.a.n.p.auth.spi.client.ClientAuthPluginManager - [ClientAuthPluginManager] Load ClientAuthService com.alibaba.nacos.client.auth.impl.NacosClientAuthServiceImpl success.
2024-11-15 18:03:14.817 [main] INFO  c.a.n.p.auth.spi.client.ClientAuthPluginManager - [ClientAuthPluginManager] Load ClientAuthService com.alibaba.nacos.client.auth.ram.RamClientAuthServiceImpl success.
2024-11-15 18:03:14.822 [main] INFO  com.alibaba.nacos.common.remote.client - [RpcClientFactory] create a new rpc client of 88f234c5-958b-4074-8bd7-14cb2c56b202
2024-11-15 18:03:14.823 [main] INFO  com.alibaba.nacos.common.remote.client - [88f234c5-958b-4074-8bd7-14cb2c56b202] RpcClient init, ServerListFactory = com.alibaba.nacos.client.naming.core.ServerListManager
2024-11-15 18:03:14.824 [main] INFO  com.alibaba.nacos.common.remote.client - [88f234c5-958b-4074-8bd7-14cb2c56b202] Registry connection listener to current client:com.alibaba.nacos.client.naming.remote.gprc.redo.NamingGrpcRedoService
2024-11-15 18:03:14.824 [main] INFO  com.alibaba.nacos.common.remote.client - [88f234c5-958b-4074-8bd7-14cb2c56b202] Register server push request handler:com.alibaba.nacos.client.naming.remote.gprc.NamingPushRequestHandler
2024-11-15 18:03:14.824 [main] INFO  com.alibaba.nacos.common.remote.client - [88f234c5-958b-4074-8bd7-14cb2c56b202] Try to connect to server on start up, server: {serverIp = '192.168.117.200', server main port = 8848}
2024-11-15 18:03:14.825 [main] INFO  c.a.nacos.common.remote.client.grpc.GrpcClient - grpc client connection server:192.168.117.200 ip,serverPort:9848,grpcTslConfig:{"sslProvider":"OPENSSL","enableTls":false,"mutualAuthEnable":false,"trustAll":false}
2024-11-15 18:03:14.939 [main] INFO  com.alibaba.nacos.common.remote.client - [88f234c5-958b-4074-8bd7-14cb2c56b202] Success to connect to server [192.168.117.200:8848] on start up, connectionId = 1731664995431_192.168.117.1_65051
2024-11-15 18:03:14.939 [main] INFO  com.alibaba.nacos.common.remote.client - [88f234c5-958b-4074-8bd7-14cb2c56b202] Register server push request handler:com.alibaba.nacos.common.remote.client.RpcClient$ConnectResetRequestHandler
2024-11-15 18:03:14.939 [com.alibaba.nacos.client.remote.worker] INFO  com.alibaba.nacos.common.remote.client - [88f234c5-958b-4074-8bd7-14cb2c56b202] Notify connected event to listeners.
2024-11-15 18:03:14.939 [com.alibaba.nacos.client.remote.worker] INFO  com.alibaba.nacos.client.naming - Grpc connection connect
2024-11-15 18:03:14.939 [main] INFO  com.alibaba.nacos.common.remote.client - [88f234c5-958b-4074-8bd7-14cb2c56b202] Register server push request handler:com.alibaba.nacos.common.remote.client.RpcClient$$Lambda$607/0x00000008010d76f0
2024-11-15 18:03:14.940 [main] INFO  com.alibaba.nacos.client.naming - [REGISTER-SERVICE] xiaohashu registering service xiaohashu-auth with instance Instance{instanceId='null', ip='192.168.117.1', port=8080, weight=1.0, healthy=true, enabled=true, ephemeral=true, clusterName='DEFAULT', serviceName='null', metadata={IPv6=null, preserved.register.source=SPRING_CLOUD}}
2024-11-15 18:03:14.952 [main] INFO  c.a.cloud.nacos.registry.NacosServiceRegistry - nacos registry, DEFAULT_GROUP xiaohashu-auth 192.168.117.1:8080 register finished
2024-11-15 18:03:15.371 [main] INFO  c.arnanzz.xiaohashu.auth.XiaohashuAuthApplication - Started XiaohashuAuthApplication in 7.121 seconds (process running for 7.858)
2024-11-15 18:03:15.375 [main] INFO  com.alibaba.nacos.client.config.impl.CacheData - nacos.cache.data.init.snapshot = true 
2024-11-15 18:03:15.375 [main] INFO  com.alibaba.nacos.client.config.impl.ClientWorker - [fixed-xiaohashu-192.168.117.200_8848] [subscribe] xiaohashu-auth.yaml+DEFAULT_GROUP+xiaohashu
2024-11-15 18:03:15.382 [main] INFO  com.alibaba.nacos.client.config.impl.CacheData - [fixed-xiaohashu-192.168.117.200_8848] [add-listener] ok, tenant=xiaohashu, dataId=xiaohashu-auth.yaml, group=DEFAULT_GROUP, cnt=1
2024-11-15 18:03:15.382 [main] INFO  c.a.cloud.nacos.refresh.NacosContextRefresher - [Nacos Config] Listening config: dataId=xiaohashu-auth.yaml, group=DEFAULT_GROUP
2024-11-15 18:03:15.384 [main] INFO  com.alibaba.nacos.client.config.impl.ClientWorker - [fixed-xiaohashu-192.168.117.200_8848] [subscribe] xiaohashu-auth-dev.yaml+DEFAULT_GROUP+xiaohashu
2024-11-15 18:03:15.385 [main] INFO  com.alibaba.nacos.client.config.impl.CacheData - [fixed-xiaohashu-192.168.117.200_8848] [add-listener] ok, tenant=xiaohashu, dataId=xiaohashu-auth-dev.yaml, group=DEFAULT_GROUP, cnt=1
2024-11-15 18:03:15.385 [main] INFO  c.a.cloud.nacos.refresh.NacosContextRefresher - [Nacos Config] Listening config: dataId=xiaohashu-auth-dev.yaml, group=DEFAULT_GROUP
2024-11-15 18:03:15.386 [main] INFO  com.alibaba.nacos.client.config.impl.ClientWorker - [fixed-xiaohashu-192.168.117.200_8848] [subscribe] xiaohashu-auth+DEFAULT_GROUP+xiaohashu
2024-11-15 18:03:15.387 [main] INFO  com.alibaba.nacos.client.config.impl.CacheData - [fixed-xiaohashu-192.168.117.200_8848] [add-listener] ok, tenant=xiaohashu, dataId=xiaohashu-auth, group=DEFAULT_GROUP, cnt=1
2024-11-15 18:03:15.387 [main] INFO  c.a.cloud.nacos.refresh.NacosContextRefresher - [Nacos Config] Listening config: dataId=xiaohashu-auth, group=DEFAULT_GROUP
2024-11-15 18:11:43.523 [Thread-2] WARN  c.alibaba.nacos.common.http.HttpClientBeanHolder - [HttpClientBeanHolder] Start destroying common HttpClient
2024-11-15 18:11:43.523 [Thread-9] WARN  com.alibaba.nacos.common.notify.NotifyCenter - [NotifyCenter] Start destroying Publisher
2024-11-15 18:11:43.523 [Thread-9] WARN  com.alibaba.nacos.common.notify.NotifyCenter - [NotifyCenter] Destruction of the end
2024-11-15 18:11:43.525 [Thread-2] WARN  c.alibaba.nacos.common.http.HttpClientBeanHolder - [HttpClientBeanHolder] Destruction of the end
2024-11-15 18:11:43.590 [SpringApplicationShutdownHook] INFO  c.a.cloud.nacos.registry.NacosServiceRegistry - De-registering from Nacos Server now...
2024-11-15 18:11:43.590 [SpringApplicationShutdownHook] INFO  com.alibaba.nacos.client.naming - [DEREGISTER-SERVICE] xiaohashu deregistering service xiaohashu-auth with instance: Instance{instanceId='null', ip='192.168.117.1', port=8080, weight=1.0, healthy=true, enabled=true, ephemeral=true, clusterName='DEFAULT', serviceName='null', metadata={}}
2024-11-15 18:11:43.635 [SpringApplicationShutdownHook] INFO  c.a.cloud.nacos.registry.NacosServiceRegistry - De-registration finished.
2024-11-15 18:11:43.635 [SpringApplicationShutdownHook] INFO  com.alibaba.nacos.client.naming - com.alibaba.nacos.client.naming.cache.ServiceInfoHolder do shutdown begin
2024-11-15 18:11:43.635 [SpringApplicationShutdownHook] INFO  com.alibaba.nacos.client.naming - com.alibaba.nacos.client.naming.backups.FailoverReactor do shutdown begin
2024-11-15 18:11:43.640 [SpringApplicationShutdownHook] INFO  com.alibaba.nacos.client.naming - com.alibaba.nacos.client.naming.backups.FailoverReactor do shutdown stop
2024-11-15 18:11:43.640 [SpringApplicationShutdownHook] INFO  com.alibaba.nacos.client.naming - com.alibaba.nacos.client.naming.cache.ServiceInfoHolder do shutdown stop
2024-11-15 18:11:43.640 [SpringApplicationShutdownHook] INFO  com.alibaba.nacos.client.naming - com.alibaba.nacos.client.naming.remote.NamingClientProxyDelegate do shutdown begin
2024-11-15 18:11:43.640 [SpringApplicationShutdownHook] INFO  com.alibaba.nacos.client.naming - com.alibaba.nacos.client.naming.core.ServiceInfoUpdateService do shutdown begin
2024-11-15 18:11:43.640 [SpringApplicationShutdownHook] INFO  com.alibaba.nacos.client.naming - com.alibaba.nacos.client.naming.core.ServiceInfoUpdateService do shutdown stop
2024-11-15 18:11:43.640 [SpringApplicationShutdownHook] INFO  com.alibaba.nacos.client.naming - com.alibaba.nacos.client.naming.core.ServerListManager do shutdown begin
2024-11-15 18:11:43.641 [SpringApplicationShutdownHook] WARN  com.alibaba.nacos.client.naming - [NamingHttpClientManager] Start destroying NacosRestTemplate
2024-11-15 18:11:43.641 [SpringApplicationShutdownHook] WARN  com.alibaba.nacos.client.naming - [NamingHttpClientManager] Destruction of the end
2024-11-15 18:11:43.641 [SpringApplicationShutdownHook] INFO  com.alibaba.nacos.client.naming - com.alibaba.nacos.client.naming.core.ServerListManager do shutdown stop
2024-11-15 18:11:43.641 [SpringApplicationShutdownHook] INFO  com.alibaba.nacos.client.naming - com.alibaba.nacos.client.naming.remote.http.NamingHttpClientProxy do shutdown begin
2024-11-15 18:11:43.641 [SpringApplicationShutdownHook] WARN  com.alibaba.nacos.client.naming - [NamingHttpClientManager] Start destroying NacosRestTemplate
2024-11-15 18:11:43.641 [SpringApplicationShutdownHook] WARN  com.alibaba.nacos.client.naming - [NamingHttpClientManager] Destruction of the end
2024-11-15 18:11:43.641 [SpringApplicationShutdownHook] INFO  com.alibaba.nacos.client.naming - com.alibaba.nacos.client.naming.remote.http.NamingHttpClientProxy do shutdown stop
2024-11-15 18:11:43.641 [SpringApplicationShutdownHook] INFO  com.alibaba.nacos.common.remote.client - Shutdown rpc client, set status to shutdown
2024-11-15 18:11:43.641 [SpringApplicationShutdownHook] INFO  com.alibaba.nacos.common.remote.client - Shutdown client event executor java.util.concurrent.ScheduledThreadPoolExecutor@60a015b9[Running, pool size = 2, active threads = 2, queued tasks = 0, completed tasks = 0]
2024-11-15 18:11:43.641 [SpringApplicationShutdownHook] INFO  com.alibaba.nacos.common.remote.client - Close current connection 1731664995431_192.168.117.1_65051
2024-11-15 18:11:43.662 [nacos-grpc-client-executor-192.168.117.200-122] WARN  c.a.nacos.common.remote.client.grpc.GrpcClient - [1731664995431_192.168.117.1_65051]Ignore error event,isRunning:false,isAbandon=false
2024-11-15 18:11:43.694 [SpringApplicationShutdownHook] INFO  c.a.nacos.common.remote.client.grpc.GrpcClient - Shutdown grpc executor java.util.concurrent.ThreadPoolExecutor@e62c56e[Running, pool size = 5, active threads = 0, queued tasks = 0, completed tasks = 123]
2024-11-15 18:11:43.694 [SpringApplicationShutdownHook] INFO  com.alibaba.nacos.client.naming - Shutdown grpc redo service executor java.util.concurrent.ScheduledThreadPoolExecutor@1b1a543[Running, pool size = 1, active threads = 0, queued tasks = 1, completed tasks = 169]
2024-11-15 18:11:43.694 [SpringApplicationShutdownHook] INFO  c.a.n.client.auth.ram.identify.CredentialWatcher - [null] CredentialWatcher is stopped
2024-11-15 18:11:43.695 [SpringApplicationShutdownHook] INFO  c.a.n.client.auth.ram.identify.CredentialService - [null] CredentialService is freed
2024-11-15 18:11:43.695 [SpringApplicationShutdownHook] INFO  com.alibaba.nacos.client.naming - com.alibaba.nacos.client.naming.remote.NamingClientProxyDelegate do shutdown stop
2024-11-15 18:11:49.217 [main] WARN  com.alibaba.nacos.client.logging.NacosLogging - Load Logback Configuration of Nacos fail, message: Could not initialize Logback Nacos logging from classpath:nacos-logback.xml
2024-11-15 18:11:49.290 [main] WARN  com.alibaba.nacos.client.logging.NacosLogging - Load Logback Configuration of Nacos fail, message: Could not initialize Logback Nacos logging from classpath:nacos-logback.xml
2024-11-15 18:11:49.487 [main] WARN  com.alibaba.nacos.client.logging.NacosLogging - Load Logback Configuration of Nacos fail, message: Could not initialize Logback Nacos logging from classpath:nacos-logback.xml
2024-11-15 18:11:49.489 [main] INFO  com.alibaba.nacos.client.utils.ParamUtil - [settings] [req-serv] nacos-server port:8848
2024-11-15 18:11:49.489 [main] INFO  com.alibaba.nacos.client.utils.ParamUtil - [settings] [http-client] connect timeout:1000
2024-11-15 18:11:49.492 [main] INFO  com.alibaba.nacos.client.utils.ParamUtil - PER_TASK_CONFIG_SIZE: 3000.0
2024-11-15 18:11:49.521 [main] INFO  c.a.n.p.auth.spi.client.ClientAuthPluginManager - [ClientAuthPluginManager] Load ClientAuthService com.alibaba.nacos.client.auth.impl.NacosClientAuthServiceImpl success.
2024-11-15 18:11:49.521 [main] INFO  c.a.n.p.auth.spi.client.ClientAuthPluginManager - [ClientAuthPluginManager] Load ClientAuthService com.alibaba.nacos.client.auth.ram.RamClientAuthServiceImpl success.
2024-11-15 18:11:49.524 [main] INFO  c.a.n.client.auth.ram.identify.CredentialWatcher - null No credential found
2024-11-15 18:11:49.989 [main] WARN  com.alibaba.nacos.client.logging.NacosLogging - Load Logback Configuration of Nacos fail, message: Could not initialize Logback Nacos logging from classpath:nacos-logback.xml
2024-11-15 18:11:50.000 [main] INFO  c.a.n.client.config.impl.LocalConfigInfoProcessor - LOCAL_SNAPSHOT_PATH:C:\Users\xu\nacos\config
2024-11-15 18:11:50.003 [main] INFO  com.alibaba.nacos.common.remote.client - [RpcClientFactory] create a new rpc client of d7838d12-3801-40ad-9671-320d710f6c28_config-0
2024-11-15 18:11:50.023 [main] INFO  com.alibaba.nacos.common.remote.client - [d7838d12-3801-40ad-9671-320d710f6c28_config-0] Register server push request handler:com.alibaba.nacos.client.config.impl.ClientWorker$ConfigRpcTransportClient$$Lambda$586/0x0000000800f8f3b0
2024-11-15 18:11:50.023 [main] INFO  com.alibaba.nacos.common.remote.client - [d7838d12-3801-40ad-9671-320d710f6c28_config-0] Register server push request handler:com.alibaba.nacos.client.config.impl.ClientWorker$ConfigRpcTransportClient$$Lambda$587/0x0000000800f8f7d0
2024-11-15 18:11:50.024 [main] INFO  com.alibaba.nacos.common.remote.client - [d7838d12-3801-40ad-9671-320d710f6c28_config-0] Registry connection listener to current client:com.alibaba.nacos.client.config.impl.ClientWorker$ConfigRpcTransportClient$1
2024-11-15 18:11:50.024 [main] INFO  com.alibaba.nacos.common.remote.client - [d7838d12-3801-40ad-9671-320d710f6c28_config-0] RpcClient init, ServerListFactory = com.alibaba.nacos.client.config.impl.ClientWorker$ConfigRpcTransportClient$2
2024-11-15 18:11:50.031 [main] INFO  com.alibaba.nacos.common.remote.client - [d7838d12-3801-40ad-9671-320d710f6c28_config-0] Try to connect to server on start up, server: {serverIp = '192.168.117.200', server main port = 8848}
2024-11-15 18:11:50.067 [main] INFO  c.a.nacos.common.remote.client.grpc.GrpcClient - grpc client connection server:192.168.117.200 ip,serverPort:9848,grpcTslConfig:{"sslProvider":"OPENSSL","enableTls":false,"mutualAuthEnable":false,"trustAll":false}
2024-11-15 18:11:51.331 [main] INFO  com.alibaba.nacos.common.remote.client - [d7838d12-3801-40ad-9671-320d710f6c28_config-0] Success to connect to server [192.168.117.200:8848] on start up, connectionId = 1731665511726_192.168.117.1_49331
2024-11-15 18:11:51.331 [com.alibaba.nacos.client.remote.worker] INFO  com.alibaba.nacos.common.remote.client - [d7838d12-3801-40ad-9671-320d710f6c28_config-0] Notify connected event to listeners.
2024-11-15 18:11:51.332 [com.alibaba.nacos.client.remote.worker] INFO  com.alibaba.nacos.client.config.impl.ClientWorker - [d7838d12-3801-40ad-9671-320d710f6c28_config-0] Connected,notify listen context...
2024-11-15 18:11:51.332 [main] INFO  com.alibaba.nacos.common.remote.client - [d7838d12-3801-40ad-9671-320d710f6c28_config-0] Register server push request handler:com.alibaba.nacos.common.remote.client.RpcClient$ConnectResetRequestHandler
2024-11-15 18:11:51.332 [main] INFO  com.alibaba.nacos.common.remote.client - [d7838d12-3801-40ad-9671-320d710f6c28_config-0] Register server push request handler:com.alibaba.nacos.common.remote.client.RpcClient$$Lambda$607/0x00000008010d7068
2024-11-15 18:11:51.376 [main] INFO  com.alibaba.nacos.client.config.impl.Limiter - limitTime:5.0
2024-11-15 18:11:51.389 [main] INFO  com.alibaba.nacos.client.config.utils.JvmUtil - isMultiInstance:false
2024-11-15 18:11:51.400 [main] WARN  c.a.cloud.nacos.client.NacosPropertySourceBuilder - Ignore the empty nacos configuration and get it based on dataId[xiaohashu-auth.yaml] & group[DEFAULT_GROUP]
2024-11-15 18:11:51.407 [main] INFO  o.s.c.b.c.PropertySourceBootstrapConfiguration - Located property source: [BootstrapPropertySource {name='bootstrapProperties-xiaohashu-auth-dev.yaml,DEFAULT_GROUP'}, BootstrapPropertySource {name='bootstrapProperties-xiaohashu-auth.yaml,DEFAULT_GROUP'}, BootstrapPropertySource {name='bootstrapProperties-xiaohashu-auth,DEFAULT_GROUP'}]
2024-11-15 18:11:51.412 [main] WARN  com.alibaba.nacos.client.logging.NacosLogging - Load Logback Configuration of Nacos fail, message: Could not initialize Logback Nacos logging from classpath:nacos-logback.xml
2024-11-15 18:11:51.412 [main] INFO  c.arnanzz.xiaohashu.auth.XiaohashuAuthApplication - The following 1 profile is active: "dev"
2024-11-15 18:11:51.855 [main] INFO  o.s.d.r.config.RepositoryConfigurationDelegate - Multiple Spring Data modules found, entering strict repository configuration mode
2024-11-15 18:11:51.857 [main] INFO  o.s.d.r.config.RepositoryConfigurationDelegate - Bootstrapping Spring Data Redis repositories in DEFAULT mode.
2024-11-15 18:11:51.876 [main] INFO  o.s.d.r.config.RepositoryConfigurationDelegate - Finished Spring Data repository scanning in 8 ms. Found 0 Redis repository interfaces.
2024-11-15 18:11:52.030 [main] INFO  o.springframework.cloud.context.scope.GenericScope - BeanFactory id=2ecfa33d-44ff-33fb-b93a-f8b784a2e1d5
2024-11-15 18:11:52.042 [main] INFO  o.s.c.s.PostProcessorRegistrationDelegate$BeanPostProcessorChecker - Bean 'com.arnanzz.xiaohashu.user.api.UserFeignApi' of type [org.springframework.cloud.openfeign.FeignClientFactoryBean] is not eligible for getting processed by all BeanPostProcessors (for example: not eligible for auto-proxying)
2024-11-15 18:11:52.393 [main] INFO  o.s.boot.web.embedded.tomcat.TomcatWebServer - Tomcat initialized with port(s): 8080 (http)
2024-11-15 18:11:52.402 [main] INFO  org.apache.catalina.core.StandardService - Starting service [Tomcat]
2024-11-15 18:11:52.402 [main] INFO  org.apache.catalina.core.StandardEngine - Starting Servlet engine: [Apache Tomcat/10.1.5]
2024-11-15 18:11:52.472 [main] INFO  o.a.c.core.ContainerBase.[Tomcat].[localhost].[/] - Initializing Spring embedded WebApplicationContext
2024-11-15 18:11:52.472 [main] INFO  o.s.b.w.s.c.ServletWebServerApplicationContext - Root WebApplicationContext: initialization completed in 1049 ms
2024-11-15 18:11:53.029 [main] INFO  o.s.cloud.openfeign.FeignClientFactoryBean - For 'xiaohashu-user' URL not provided. Will try picking an instance via load-balancing.
2024-11-15 18:11:54.615 [main] WARN  o.s.c.l.c.LoadBalancerCacheAutoConfiguration$LoadBalancerCaffeineWarnLogger - Spring Cloud LoadBalancer is currently working with the default cache. While this cache implementation is useful for development and tests, it's recommended to use Caffeine cache in production.You can switch to using Caffeine cache, by adding it and org.springframework.cache.caffeine.CaffeineCacheManager to the classpath.
2024-11-15 18:11:54.689 [main] INFO  o.s.boot.web.embedded.tomcat.TomcatWebServer - Tomcat started on port(s): 8080 (http) with context path ''
2024-11-15 18:11:54.694 [main] INFO  com.alibaba.nacos.client.naming - initializer namespace from ans.namespace attribute : null
2024-11-15 18:11:54.694 [main] INFO  com.alibaba.nacos.client.naming - initializer namespace from ALIBABA_ALIWARE_NAMESPACE attribute :null
2024-11-15 18:11:54.695 [main] INFO  com.alibaba.nacos.client.naming - initializer namespace from namespace attribute :null
2024-11-15 18:11:54.704 [main] INFO  c.a.n.p.auth.spi.client.ClientAuthPluginManager - [ClientAuthPluginManager] Load ClientAuthService com.alibaba.nacos.client.auth.impl.NacosClientAuthServiceImpl success.
2024-11-15 18:11:54.705 [main] INFO  c.a.n.p.auth.spi.client.ClientAuthPluginManager - [ClientAuthPluginManager] Load ClientAuthService com.alibaba.nacos.client.auth.ram.RamClientAuthServiceImpl success.
2024-11-15 18:11:54.709 [main] INFO  com.alibaba.nacos.common.remote.client - [RpcClientFactory] create a new rpc client of 1c61b1e6-2012-4c14-b47e-735a2ae6eb32
2024-11-15 18:11:54.711 [main] INFO  com.alibaba.nacos.common.remote.client - [1c61b1e6-2012-4c14-b47e-735a2ae6eb32] RpcClient init, ServerListFactory = com.alibaba.nacos.client.naming.core.ServerListManager
2024-11-15 18:11:54.711 [main] INFO  com.alibaba.nacos.common.remote.client - [1c61b1e6-2012-4c14-b47e-735a2ae6eb32] Registry connection listener to current client:com.alibaba.nacos.client.naming.remote.gprc.redo.NamingGrpcRedoService
2024-11-15 18:11:54.711 [main] INFO  com.alibaba.nacos.common.remote.client - [1c61b1e6-2012-4c14-b47e-735a2ae6eb32] Register server push request handler:com.alibaba.nacos.client.naming.remote.gprc.NamingPushRequestHandler
2024-11-15 18:11:54.712 [main] INFO  com.alibaba.nacos.common.remote.client - [1c61b1e6-2012-4c14-b47e-735a2ae6eb32] Try to connect to server on start up, server: {serverIp = '192.168.117.200', server main port = 8848}
2024-11-15 18:11:54.712 [main] INFO  c.a.nacos.common.remote.client.grpc.GrpcClient - grpc client connection server:192.168.117.200 ip,serverPort:9848,grpcTslConfig:{"sslProvider":"OPENSSL","enableTls":false,"mutualAuthEnable":false,"trustAll":false}
2024-11-15 18:11:54.839 [main] INFO  com.alibaba.nacos.common.remote.client - [1c61b1e6-2012-4c14-b47e-735a2ae6eb32] Success to connect to server [192.168.117.200:8848] on start up, connectionId = 1731665515318_192.168.117.1_49336
2024-11-15 18:11:54.839 [com.alibaba.nacos.client.remote.worker] INFO  com.alibaba.nacos.common.remote.client - [1c61b1e6-2012-4c14-b47e-735a2ae6eb32] Notify connected event to listeners.
2024-11-15 18:11:54.839 [main] INFO  com.alibaba.nacos.common.remote.client - [1c61b1e6-2012-4c14-b47e-735a2ae6eb32] Register server push request handler:com.alibaba.nacos.common.remote.client.RpcClient$ConnectResetRequestHandler
2024-11-15 18:11:54.839 [com.alibaba.nacos.client.remote.worker] INFO  com.alibaba.nacos.client.naming - Grpc connection connect
2024-11-15 18:11:54.839 [main] INFO  com.alibaba.nacos.common.remote.client - [1c61b1e6-2012-4c14-b47e-735a2ae6eb32] Register server push request handler:com.alibaba.nacos.common.remote.client.RpcClient$$Lambda$607/0x00000008010d7068
2024-11-15 18:11:54.840 [main] INFO  com.alibaba.nacos.client.naming - [REGISTER-SERVICE] xiaohashu registering service xiaohashu-auth with instance Instance{instanceId='null', ip='192.168.117.1', port=8080, weight=1.0, healthy=true, enabled=true, ephemeral=true, clusterName='DEFAULT', serviceName='null', metadata={IPv6=null, preserved.register.source=SPRING_CLOUD}}
2024-11-15 18:11:54.851 [main] INFO  c.a.cloud.nacos.registry.NacosServiceRegistry - nacos registry, DEFAULT_GROUP xiaohashu-auth 192.168.117.1:8080 register finished
2024-11-15 18:11:55.284 [main] INFO  c.arnanzz.xiaohashu.auth.XiaohashuAuthApplication - Started XiaohashuAuthApplication in 7.349 seconds (process running for 8.192)
2024-11-15 18:11:55.287 [main] INFO  com.alibaba.nacos.client.config.impl.CacheData - nacos.cache.data.init.snapshot = true 
2024-11-15 18:11:55.288 [main] INFO  com.alibaba.nacos.client.config.impl.ClientWorker - [fixed-xiaohashu-192.168.117.200_8848] [subscribe] xiaohashu-auth.yaml+DEFAULT_GROUP+xiaohashu
2024-11-15 18:11:55.294 [main] INFO  com.alibaba.nacos.client.config.impl.CacheData - [fixed-xiaohashu-192.168.117.200_8848] [add-listener] ok, tenant=xiaohashu, dataId=xiaohashu-auth.yaml, group=DEFAULT_GROUP, cnt=1
2024-11-15 18:11:55.294 [main] INFO  c.a.cloud.nacos.refresh.NacosContextRefresher - [Nacos Config] Listening config: dataId=xiaohashu-auth.yaml, group=DEFAULT_GROUP
2024-11-15 18:11:55.296 [main] INFO  com.alibaba.nacos.client.config.impl.ClientWorker - [fixed-xiaohashu-192.168.117.200_8848] [subscribe] xiaohashu-auth-dev.yaml+DEFAULT_GROUP+xiaohashu
2024-11-15 18:11:55.296 [main] INFO  com.alibaba.nacos.client.config.impl.CacheData - [fixed-xiaohashu-192.168.117.200_8848] [add-listener] ok, tenant=xiaohashu, dataId=xiaohashu-auth-dev.yaml, group=DEFAULT_GROUP, cnt=1
2024-11-15 18:11:55.296 [main] INFO  c.a.cloud.nacos.refresh.NacosContextRefresher - [Nacos Config] Listening config: dataId=xiaohashu-auth-dev.yaml, group=DEFAULT_GROUP
2024-11-15 18:11:55.298 [main] INFO  com.alibaba.nacos.client.config.impl.ClientWorker - [fixed-xiaohashu-192.168.117.200_8848] [subscribe] xiaohashu-auth+DEFAULT_GROUP+xiaohashu
2024-11-15 18:11:55.298 [main] INFO  com.alibaba.nacos.client.config.impl.CacheData - [fixed-xiaohashu-192.168.117.200_8848] [add-listener] ok, tenant=xiaohashu, dataId=xiaohashu-auth, group=DEFAULT_GROUP, cnt=1
2024-11-15 18:11:55.298 [main] INFO  c.a.cloud.nacos.refresh.NacosContextRefresher - [Nacos Config] Listening config: dataId=xiaohashu-auth, group=DEFAULT_GROUP
2024-11-15 18:16:56.783 [http-nio-8080-exec-1] INFO  o.a.c.core.ContainerBase.[Tomcat].[localhost].[/] - Initializing Spring DispatcherServlet 'dispatcherServlet'
2024-11-15 18:16:56.785 [http-nio-8080-exec-1] INFO  org.springframework.web.servlet.DispatcherServlet - Initializing Servlet 'dispatcherServlet'
2024-11-15 18:16:56.787 [http-nio-8080-exec-1] INFO  org.springframework.web.servlet.DispatcherServlet - Completed initialization in 1 ms
2024-11-15 18:16:56.792 [http-nio-8080-exec-1] INFO  c.a.f.b.context.filter.HeaderUserId2ContextFilter - ## HeaderUserId2ContextFilter, 用户 ID: null
2024-11-15 18:16:56.880 [http-nio-8080-exec-1] INFO  c.a.f.b.operationlog.aspect.ApiOperationLogAspect - ====== 请求开始: [用户登录/注册], 入参: {"phone":"17631536801","code":null,"password":"000000","type":2}, 请求类: AuthController, 请求方法: loginAndRegister =================================== 
2024-11-15 18:16:56.944 [http-nio-8080-exec-1] INFO  com.alibaba.nacos.client.naming - [SUBSCRIBE-SERVICE] service:xiaohashu-user, group:DEFAULT_GROUP, clusters: 
2024-11-15 18:16:56.955 [http-nio-8080-exec-1] INFO  com.alibaba.nacos.client.naming - init new ips(1) service: DEFAULT_GROUP@@xiaohashu-user -> [{"ip":"192.168.117.1","port":8082,"weight":1.0,"healthy":true,"enabled":true,"ephemeral":true,"clusterName":"DEFAULT","serviceName":"DEFAULT_GROUP@@xiaohashu-user","metadata":{"preserved.register.source":"SPRING_CLOUD"},"ipDeleteTimeout":30000,"instanceHeartBeatInterval":5000,"instanceHeartBeatTimeOut":15000}]
2024-11-15 18:16:56.956 [http-nio-8080-exec-1] INFO  com.alibaba.nacos.client.naming - current ips:(1) service: DEFAULT_GROUP@@xiaohashu-user -> [{"ip":"192.168.117.1","port":8082,"weight":1.0,"healthy":true,"enabled":true,"ephemeral":true,"clusterName":"DEFAULT","serviceName":"DEFAULT_GROUP@@xiaohashu-user","metadata":{"preserved.register.source":"SPRING_CLOUD"},"ipDeleteTimeout":30000,"instanceHeartBeatInterval":5000,"instanceHeartBeatTimeOut":15000}]
2024-11-15 18:16:57.505 [nacos-grpc-client-executor-192.168.117.200-86] INFO  com.alibaba.nacos.common.remote.client - [1c61b1e6-2012-4c14-b47e-735a2ae6eb32] Receive server push request, request = NotifySubscriberRequest, requestId = 2
2024-11-15 18:16:57.505 [nacos-grpc-client-executor-192.168.117.200-86] INFO  com.alibaba.nacos.common.remote.client - [1c61b1e6-2012-4c14-b47e-735a2ae6eb32] Ack server push request, request = NotifySubscriberRequest, requestId = 2
2024-11-15 18:16:57.722 [http-nio-8080-exec-1] INFO  c.a.f.b.operationlog.aspect.ApiOperationLogAspect - ====== 请求结束: [用户登录/注册], 耗时: 844ms, 出参: {"success":true,"message":null,"errorCode":null,"data":"2ThdaRb89cR3DTXZhg2XGHMUt8SlFisVVqPqcs5edFkdAWLptd53tJXOeIemtiBobKjoDPhliGHASZnKzDt451KgMj50Jgw9288hN8Jg1utGRAj2CFONxPzsXy1N4cwf"} =================================== 
2024-11-15 18:17:51.312 [http-nio-8080-exec-2] INFO  c.a.f.b.context.filter.HeaderUserId2ContextFilter - ## HeaderUserId2ContextFilter, 用户 ID: null
2024-11-15 18:18:17.369 [http-nio-8080-exec-4] INFO  c.a.f.b.context.filter.HeaderUserId2ContextFilter - ## HeaderUserId2ContextFilter, 用户 ID: 6
2024-11-15 18:18:17.369 [http-nio-8080-exec-4] INFO  c.a.f.b.context.filter.HeaderUserId2ContextFilter - ===== 设置 userId 到 ThreadLocal 中， 用户 ID: 6
2024-11-15 18:18:17.391 [http-nio-8080-exec-4] INFO  c.a.f.b.operationlog.aspect.ApiOperationLogAspect - ====== 请求开始: [修改密码], 入参: {"newPassword":"root"}, 请求类: AuthController, 请求方法: updatePassword =================================== 
2024-11-15 18:18:17.518 [http-nio-8080-exec-4] INFO  c.a.f.b.operationlog.aspect.ApiOperationLogAspect - ====== 请求结束: [修改密码], 耗时: 127ms, 出参: {"success":true,"message":null,"errorCode":null,"data":null} =================================== 
2024-11-15 18:18:17.519 [http-nio-8080-exec-4] INFO  c.a.f.b.context.filter.HeaderUserId2ContextFilter - ===== 删除 ThreadLocal， userId: 6
2024-11-15 18:18:41.161 [nacos-grpc-client-executor-192.168.117.200-106] INFO  com.alibaba.nacos.common.remote.client - [1c61b1e6-2012-4c14-b47e-735a2ae6eb32] Receive server push request, request = NotifySubscriberRequest, requestId = 3
2024-11-15 18:18:41.162 [nacos-grpc-client-executor-192.168.117.200-106] INFO  com.alibaba.nacos.client.naming - removed ips(1) service: DEFAULT_GROUP@@xiaohashu-user -> [{"ip":"192.168.117.1","port":8082,"weight":1.0,"healthy":true,"enabled":true,"ephemeral":true,"clusterName":"DEFAULT","serviceName":"DEFAULT_GROUP@@xiaohashu-user","metadata":{"preserved.register.source":"SPRING_CLOUD"},"ipDeleteTimeout":30000,"instanceHeartBeatInterval":5000,"instanceHeartBeatTimeOut":15000}]
2024-11-15 18:18:41.162 [nacos-grpc-client-executor-192.168.117.200-106] INFO  com.alibaba.nacos.client.naming - current ips:(0) service: DEFAULT_GROUP@@xiaohashu-user -> []
2024-11-15 18:18:41.164 [nacos-grpc-client-executor-192.168.117.200-106] INFO  com.alibaba.nacos.common.remote.client - [1c61b1e6-2012-4c14-b47e-735a2ae6eb32] Ack server push request, request = NotifySubscriberRequest, requestId = 3
2024-11-15 18:18:43.273 [Thread-2] WARN  c.alibaba.nacos.common.http.HttpClientBeanHolder - [HttpClientBeanHolder] Start destroying common HttpClient
2024-11-15 18:18:43.273 [Thread-9] WARN  com.alibaba.nacos.common.notify.NotifyCenter - [NotifyCenter] Start destroying Publisher
2024-11-15 18:18:43.273 [Thread-9] WARN  com.alibaba.nacos.common.notify.NotifyCenter - [NotifyCenter] Destruction of the end
2024-11-15 18:18:43.273 [Thread-2] WARN  c.alibaba.nacos.common.http.HttpClientBeanHolder - [HttpClientBeanHolder] Destruction of the end
2024-11-15 18:18:43.316 [SpringApplicationShutdownHook] INFO  c.a.cloud.nacos.registry.NacosServiceRegistry - De-registering from Nacos Server now...
2024-11-15 18:18:43.316 [SpringApplicationShutdownHook] INFO  com.alibaba.nacos.client.naming - [DEREGISTER-SERVICE] xiaohashu deregistering service xiaohashu-auth with instance: Instance{instanceId='null', ip='192.168.117.1', port=8080, weight=1.0, healthy=true, enabled=true, ephemeral=true, clusterName='DEFAULT', serviceName='null', metadata={}}
2024-11-15 18:18:43.340 [SpringApplicationShutdownHook] INFO  c.a.cloud.nacos.registry.NacosServiceRegistry - De-registration finished.
2024-11-15 18:18:43.341 [SpringApplicationShutdownHook] INFO  com.alibaba.nacos.client.naming - com.alibaba.nacos.client.naming.cache.ServiceInfoHolder do shutdown begin
2024-11-15 18:18:43.341 [SpringApplicationShutdownHook] INFO  com.alibaba.nacos.client.naming - com.alibaba.nacos.client.naming.backups.FailoverReactor do shutdown begin
2024-11-15 18:18:43.341 [SpringApplicationShutdownHook] INFO  com.alibaba.nacos.client.naming - com.alibaba.nacos.client.naming.backups.FailoverReactor do shutdown stop
2024-11-15 18:18:43.341 [SpringApplicationShutdownHook] INFO  com.alibaba.nacos.client.naming - com.alibaba.nacos.client.naming.cache.ServiceInfoHolder do shutdown stop
2024-11-15 18:18:43.341 [SpringApplicationShutdownHook] INFO  com.alibaba.nacos.client.naming - com.alibaba.nacos.client.naming.remote.NamingClientProxyDelegate do shutdown begin
2024-11-15 18:18:43.341 [SpringApplicationShutdownHook] INFO  com.alibaba.nacos.client.naming - com.alibaba.nacos.client.naming.core.ServiceInfoUpdateService do shutdown begin
2024-11-15 18:18:43.341 [SpringApplicationShutdownHook] INFO  com.alibaba.nacos.client.naming - com.alibaba.nacos.client.naming.core.ServiceInfoUpdateService do shutdown stop
2024-11-15 18:18:43.341 [SpringApplicationShutdownHook] INFO  com.alibaba.nacos.client.naming - com.alibaba.nacos.client.naming.core.ServerListManager do shutdown begin
2024-11-15 18:18:43.342 [SpringApplicationShutdownHook] WARN  com.alibaba.nacos.client.naming - [NamingHttpClientManager] Start destroying NacosRestTemplate
2024-11-15 18:18:43.342 [SpringApplicationShutdownHook] WARN  com.alibaba.nacos.client.naming - [NamingHttpClientManager] Destruction of the end
2024-11-15 18:18:43.342 [SpringApplicationShutdownHook] INFO  com.alibaba.nacos.client.naming - com.alibaba.nacos.client.naming.core.ServerListManager do shutdown stop
2024-11-15 18:18:43.342 [SpringApplicationShutdownHook] INFO  com.alibaba.nacos.client.naming - com.alibaba.nacos.client.naming.remote.http.NamingHttpClientProxy do shutdown begin
2024-11-15 18:18:43.342 [SpringApplicationShutdownHook] WARN  com.alibaba.nacos.client.naming - [NamingHttpClientManager] Start destroying NacosRestTemplate
2024-11-15 18:18:43.342 [SpringApplicationShutdownHook] WARN  com.alibaba.nacos.client.naming - [NamingHttpClientManager] Destruction of the end
2024-11-15 18:18:43.342 [SpringApplicationShutdownHook] INFO  com.alibaba.nacos.client.naming - com.alibaba.nacos.client.naming.remote.http.NamingHttpClientProxy do shutdown stop
2024-11-15 18:18:43.342 [SpringApplicationShutdownHook] INFO  com.alibaba.nacos.common.remote.client - Shutdown rpc client, set status to shutdown
2024-11-15 18:18:43.342 [SpringApplicationShutdownHook] INFO  com.alibaba.nacos.common.remote.client - Shutdown client event executor java.util.concurrent.ScheduledThreadPoolExecutor@66befefb[Running, pool size = 2, active threads = 2, queued tasks = 0, completed tasks = 0]
2024-11-15 18:18:43.342 [SpringApplicationShutdownHook] INFO  com.alibaba.nacos.common.remote.client - Close current connection 1731665515318_192.168.117.1_49336
2024-11-15 18:18:43.344 [nacos-grpc-client-executor-192.168.117.200-108] INFO  c.a.nacos.common.remote.client.grpc.GrpcClient - [1731665515318_192.168.117.1_49336]Ignore complete event,isRunning:false,isAbandon=false
2024-11-15 18:18:43.347 [SpringApplicationShutdownHook] INFO  c.a.nacos.common.remote.client.grpc.GrpcClient - Shutdown grpc executor java.util.concurrent.ThreadPoolExecutor@1287a607[Running, pool size = 4, active threads = 0, queued tasks = 0, completed tasks = 109]
2024-11-15 18:18:43.348 [SpringApplicationShutdownHook] INFO  com.alibaba.nacos.client.naming - Shutdown grpc redo service executor java.util.concurrent.ScheduledThreadPoolExecutor@28cc0c2d[Running, pool size = 1, active threads = 0, queued tasks = 1, completed tasks = 135]
2024-11-15 18:18:43.348 [SpringApplicationShutdownHook] INFO  c.a.n.client.auth.ram.identify.CredentialWatcher - [null] CredentialWatcher is stopped
2024-11-15 18:18:43.349 [SpringApplicationShutdownHook] INFO  c.a.n.client.auth.ram.identify.CredentialService - [null] CredentialService is freed
2024-11-15 18:18:43.349 [SpringApplicationShutdownHook] INFO  com.alibaba.nacos.client.naming - com.alibaba.nacos.client.naming.remote.NamingClientProxyDelegate do shutdown stop
