2024-11-18 16:52:39.312 [main] WARN  com.alibaba.nacos.client.logging.NacosLogging - Load Logback Configuration of Nacos fail, message: Could not initialize Logback Nacos logging from classpath:nacos-logback.xml
2024-11-18 16:52:39.361 [main] WARN  com.alibaba.nacos.client.logging.NacosLogging - Load Logback Configuration of Nacos fail, message: Could not initialize Logback Nacos logging from classpath:nacos-logback.xml
2024-11-18 16:52:39.563 [main] WARN  com.alibaba.nacos.client.logging.NacosLogging - Load Logback Configuration of Nacos fail, message: Could not initialize Logback Nacos logging from classpath:nacos-logback.xml
2024-11-18 16:52:39.565 [main] INFO  com.alibaba.nacos.client.utils.ParamUtil - [settings] [req-serv] nacos-server port:8848
2024-11-18 16:52:39.566 [main] INFO  com.alibaba.nacos.client.utils.ParamUtil - [settings] [http-client] connect timeout:1000
2024-11-18 16:52:39.567 [main] INFO  com.alibaba.nacos.client.utils.ParamUtil - PER_TASK_CONFIG_SIZE: 3000.0
2024-11-18 16:52:39.598 [main] INFO  c.a.n.p.auth.spi.client.ClientAuthPluginManager - [ClientAuthPluginManager] Load ClientAuthService com.alibaba.nacos.client.auth.impl.NacosClientAuthServiceImpl success.
2024-11-18 16:52:39.598 [main] INFO  c.a.n.p.auth.spi.client.ClientAuthPluginManager - [ClientAuthPluginManager] Load ClientAuthService com.alibaba.nacos.client.auth.ram.RamClientAuthServiceImpl success.
2024-11-18 16:52:39.600 [main] INFO  c.a.n.client.auth.ram.identify.CredentialWatcher - null No credential found
2024-11-18 16:52:40.056 [main] WARN  com.alibaba.nacos.client.logging.NacosLogging - Load Logback Configuration of Nacos fail, message: Could not initialize Logback Nacos logging from classpath:nacos-logback.xml
2024-11-18 16:52:40.068 [main] INFO  c.a.n.client.config.impl.LocalConfigInfoProcessor - LOCAL_SNAPSHOT_PATH:C:\Users\xu\nacos\config
2024-11-18 16:52:40.073 [main] INFO  com.alibaba.nacos.common.remote.client - [RpcClientFactory] create a new rpc client of 12c06b34-c6c3-48bd-aa67-d37315f22dcd_config-0
2024-11-18 16:52:40.089 [main] INFO  com.alibaba.nacos.common.remote.client - [12c06b34-c6c3-48bd-aa67-d37315f22dcd_config-0] Register server push request handler:com.alibaba.nacos.client.config.impl.ClientWorker$ConfigRpcTransportClient$$Lambda$586/0x0000000800f8f3b0
2024-11-18 16:52:40.089 [main] INFO  com.alibaba.nacos.common.remote.client - [12c06b34-c6c3-48bd-aa67-d37315f22dcd_config-0] Register server push request handler:com.alibaba.nacos.client.config.impl.ClientWorker$ConfigRpcTransportClient$$Lambda$587/0x0000000800f8f7d0
2024-11-18 16:52:40.090 [main] INFO  com.alibaba.nacos.common.remote.client - [12c06b34-c6c3-48bd-aa67-d37315f22dcd_config-0] Registry connection listener to current client:com.alibaba.nacos.client.config.impl.ClientWorker$ConfigRpcTransportClient$1
2024-11-18 16:52:40.090 [main] INFO  com.alibaba.nacos.common.remote.client - [12c06b34-c6c3-48bd-aa67-d37315f22dcd_config-0] RpcClient init, ServerListFactory = com.alibaba.nacos.client.config.impl.ClientWorker$ConfigRpcTransportClient$2
2024-11-18 16:52:40.097 [main] INFO  com.alibaba.nacos.common.remote.client - [12c06b34-c6c3-48bd-aa67-d37315f22dcd_config-0] Try to connect to server on start up, server: {serverIp = '192.168.117.200', server main port = 8848}
2024-11-18 16:52:40.130 [main] INFO  c.a.nacos.common.remote.client.grpc.GrpcClient - grpc client connection server:192.168.117.200 ip,serverPort:9848,grpcTslConfig:{"sslProvider":"OPENSSL","enableTls":false,"mutualAuthEnable":false,"trustAll":false}
2024-11-18 16:52:41.465 [main] INFO  com.alibaba.nacos.common.remote.client - [12c06b34-c6c3-48bd-aa67-d37315f22dcd_config-0] Success to connect to server [192.168.117.200:8848] on start up, connectionId = 1731919962404_192.168.117.1_49544
2024-11-18 16:52:41.467 [com.alibaba.nacos.client.remote.worker] INFO  com.alibaba.nacos.common.remote.client - [12c06b34-c6c3-48bd-aa67-d37315f22dcd_config-0] Notify connected event to listeners.
2024-11-18 16:52:41.467 [com.alibaba.nacos.client.remote.worker] INFO  com.alibaba.nacos.client.config.impl.ClientWorker - [12c06b34-c6c3-48bd-aa67-d37315f22dcd_config-0] Connected,notify listen context...
2024-11-18 16:52:41.468 [main] INFO  com.alibaba.nacos.common.remote.client - [12c06b34-c6c3-48bd-aa67-d37315f22dcd_config-0] Register server push request handler:com.alibaba.nacos.common.remote.client.RpcClient$ConnectResetRequestHandler
2024-11-18 16:52:41.468 [main] INFO  com.alibaba.nacos.common.remote.client - [12c06b34-c6c3-48bd-aa67-d37315f22dcd_config-0] Register server push request handler:com.alibaba.nacos.common.remote.client.RpcClient$$Lambda$607/0x00000008010d7080
2024-11-18 16:52:41.532 [main] INFO  com.alibaba.nacos.client.config.impl.Limiter - limitTime:5.0
2024-11-18 16:52:41.692 [main] ERROR com.alibaba.nacos.common.remote.client - Connection is unregistered, switch server, connectionId = 1731919962404_192.168.117.1_49544, request = ConfigQueryRequest
2024-11-18 16:52:41.692 [com.alibaba.nacos.client.remote.worker] INFO  com.alibaba.nacos.common.remote.client - [12c06b34-c6c3-48bd-aa67-d37315f22dcd_config-0] Try to reconnect to a new server, server is  not appointed, will choose a random server.
2024-11-18 16:52:41.693 [com.alibaba.nacos.client.remote.worker] INFO  c.a.nacos.common.remote.client.grpc.GrpcClient - grpc client connection server:192.168.117.200 ip,serverPort:9848,grpcTslConfig:{"sslProvider":"OPENSSL","enableTls":false,"mutualAuthEnable":false,"trustAll":false}
2024-11-18 16:52:41.805 [main] ERROR com.alibaba.nacos.common.remote.client - Send request fail, request = ConfigQueryRequest{headers={charset=UTF-8, Client-AppName=unknown, Client-RequestToken=e81babf3003ed6255ef68bb4b4de1667, Client-RequestTS=1731919961469, exConfigInfo=true, notify=false}, requestId='null'}, retryTimes = 0, errorMessage = Connection is unregistered.
2024-11-18 16:52:41.837 [com.alibaba.nacos.client.remote.worker] INFO  com.alibaba.nacos.common.remote.client - [12c06b34-c6c3-48bd-aa67-d37315f22dcd_config-0] Success to connect a server [192.168.117.200:8848], connectionId = 1731919962905_192.168.117.1_49547
2024-11-18 16:52:41.837 [com.alibaba.nacos.client.remote.worker] INFO  com.alibaba.nacos.common.remote.client - [12c06b34-c6c3-48bd-aa67-d37315f22dcd_config-0] Abandon prev connection, server is 192.168.117.200:8848, connectionId is 1731919962404_192.168.117.1_49544
2024-11-18 16:52:41.837 [com.alibaba.nacos.client.remote.worker] INFO  com.alibaba.nacos.common.remote.client - Close current connection 1731919962404_192.168.117.1_49544
2024-11-18 16:52:41.840 [nacos-grpc-client-executor-192.168.117.200-15] WARN  c.a.nacos.common.remote.client.grpc.GrpcClient - [1731919962404_192.168.117.1_49544]Ignore error event,isRunning:false,isAbandon=true
2024-11-18 16:52:41.842 [com.alibaba.nacos.client.remote.worker] INFO  com.alibaba.nacos.common.remote.client - [12c06b34-c6c3-48bd-aa67-d37315f22dcd_config-0] Notify disconnected event to listeners
2024-11-18 16:52:41.842 [com.alibaba.nacos.client.remote.worker] INFO  com.alibaba.nacos.client.config.impl.ClientWorker - [12c06b34-c6c3-48bd-aa67-d37315f22dcd_config-0] DisConnected,clear listen context...
2024-11-18 16:52:41.842 [com.alibaba.nacos.client.remote.worker] INFO  com.alibaba.nacos.common.remote.client - [12c06b34-c6c3-48bd-aa67-d37315f22dcd_config-0] Notify connected event to listeners.
2024-11-18 16:52:41.842 [com.alibaba.nacos.client.remote.worker] INFO  com.alibaba.nacos.client.config.impl.ClientWorker - [12c06b34-c6c3-48bd-aa67-d37315f22dcd_config-0] Connected,notify listen context...
2024-11-18 16:52:41.915 [main] ERROR com.alibaba.nacos.common.remote.client - Send request fail, request = ConfigQueryRequest{headers={charset=UTF-8, Client-AppName=unknown, Client-RequestToken=e81babf3003ed6255ef68bb4b4de1667, Client-RequestTS=1731919961469, exConfigInfo=true, notify=false}, requestId='null'}, retryTimes = 1, errorMessage = Client not connected, current status:UNHEALTHY
2024-11-18 16:52:42.371 [main] INFO  com.alibaba.nacos.client.config.utils.JvmUtil - isMultiInstance:false
2024-11-18 16:52:42.412 [main] WARN  c.a.cloud.nacos.client.NacosPropertySourceBuilder - Ignore the empty nacos configuration and get it based on dataId[xiaohashu-auth.yaml] & group[DEFAULT_GROUP]
2024-11-18 16:52:42.434 [main] INFO  o.s.c.b.c.PropertySourceBootstrapConfiguration - Located property source: [BootstrapPropertySource {name='bootstrapProperties-xiaohashu-auth-dev.yaml,DEFAULT_GROUP'}, BootstrapPropertySource {name='bootstrapProperties-xiaohashu-auth.yaml,DEFAULT_GROUP'}, BootstrapPropertySource {name='bootstrapProperties-xiaohashu-auth,DEFAULT_GROUP'}]
2024-11-18 16:52:42.440 [main] WARN  com.alibaba.nacos.client.logging.NacosLogging - Load Logback Configuration of Nacos fail, message: Could not initialize Logback Nacos logging from classpath:nacos-logback.xml
2024-11-18 16:52:42.441 [main] INFO  c.arnanzz.xiaohashu.auth.XiaohashuAuthApplication - The following 1 profile is active: "dev"
2024-11-18 16:52:42.996 [main] INFO  o.s.d.r.config.RepositoryConfigurationDelegate - Multiple Spring Data modules found, entering strict repository configuration mode
2024-11-18 16:52:42.999 [main] INFO  o.s.d.r.config.RepositoryConfigurationDelegate - Bootstrapping Spring Data Redis repositories in DEFAULT mode.
2024-11-18 16:52:43.025 [main] INFO  o.s.d.r.config.RepositoryConfigurationDelegate - Finished Spring Data repository scanning in 11 ms. Found 0 Redis repository interfaces.
2024-11-18 16:52:43.214 [main] INFO  o.springframework.cloud.context.scope.GenericScope - BeanFactory id=2ecfa33d-44ff-33fb-b93a-f8b784a2e1d5
2024-11-18 16:52:43.228 [main] INFO  o.s.c.s.PostProcessorRegistrationDelegate$BeanPostProcessorChecker - Bean 'com.arnanzz.xiaohashu.user.api.UserFeignApi' of type [org.springframework.cloud.openfeign.FeignClientFactoryBean] is not eligible for getting processed by all BeanPostProcessors (for example: not eligible for auto-proxying)
2024-11-18 16:52:43.626 [main] INFO  o.s.boot.web.embedded.tomcat.TomcatWebServer - Tomcat initialized with port(s): 8080 (http)
2024-11-18 16:52:43.634 [main] INFO  org.apache.catalina.core.StandardService - Starting service [Tomcat]
2024-11-18 16:52:43.634 [main] INFO  org.apache.catalina.core.StandardEngine - Starting Servlet engine: [Apache Tomcat/10.1.5]
2024-11-18 16:52:43.699 [main] INFO  o.a.c.core.ContainerBase.[Tomcat].[localhost].[/] - Initializing Spring embedded WebApplicationContext
2024-11-18 16:52:43.699 [main] INFO  o.s.b.w.s.c.ServletWebServerApplicationContext - Root WebApplicationContext: initialization completed in 1242 ms
2024-11-18 16:52:44.303 [main] INFO  o.s.cloud.openfeign.FeignClientFactoryBean - For 'xiaohashu-user' URL not provided. Will try picking an instance via load-balancing.
2024-11-18 16:52:45.980 [main] WARN  o.s.c.l.c.LoadBalancerCacheAutoConfiguration$LoadBalancerCaffeineWarnLogger - Spring Cloud LoadBalancer is currently working with the default cache. While this cache implementation is useful for development and tests, it's recommended to use Caffeine cache in production.You can switch to using Caffeine cache, by adding it and org.springframework.cache.caffeine.CaffeineCacheManager to the classpath.
2024-11-18 16:52:46.027 [main] INFO  o.s.boot.web.embedded.tomcat.TomcatWebServer - Tomcat started on port(s): 8080 (http) with context path ''
2024-11-18 16:52:46.030 [main] INFO  com.alibaba.nacos.client.naming - initializer namespace from ans.namespace attribute : null
2024-11-18 16:52:46.031 [main] INFO  com.alibaba.nacos.client.naming - initializer namespace from ALIBABA_ALIWARE_NAMESPACE attribute :null
2024-11-18 16:52:46.031 [main] INFO  com.alibaba.nacos.client.naming - initializer namespace from namespace attribute :null
2024-11-18 16:52:46.038 [main] INFO  c.a.n.p.auth.spi.client.ClientAuthPluginManager - [ClientAuthPluginManager] Load ClientAuthService com.alibaba.nacos.client.auth.impl.NacosClientAuthServiceImpl success.
2024-11-18 16:52:46.038 [main] INFO  c.a.n.p.auth.spi.client.ClientAuthPluginManager - [ClientAuthPluginManager] Load ClientAuthService com.alibaba.nacos.client.auth.ram.RamClientAuthServiceImpl success.
2024-11-18 16:52:46.041 [main] INFO  com.alibaba.nacos.common.remote.client - [RpcClientFactory] create a new rpc client of da0ffb68-eff6-474f-a475-645e568ab21b
2024-11-18 16:52:46.043 [main] INFO  com.alibaba.nacos.common.remote.client - [da0ffb68-eff6-474f-a475-645e568ab21b] RpcClient init, ServerListFactory = com.alibaba.nacos.client.naming.core.ServerListManager
2024-11-18 16:52:46.043 [main] INFO  com.alibaba.nacos.common.remote.client - [da0ffb68-eff6-474f-a475-645e568ab21b] Registry connection listener to current client:com.alibaba.nacos.client.naming.remote.gprc.redo.NamingGrpcRedoService
2024-11-18 16:52:46.043 [main] INFO  com.alibaba.nacos.common.remote.client - [da0ffb68-eff6-474f-a475-645e568ab21b] Register server push request handler:com.alibaba.nacos.client.naming.remote.gprc.NamingPushRequestHandler
2024-11-18 16:52:46.043 [main] INFO  com.alibaba.nacos.common.remote.client - [da0ffb68-eff6-474f-a475-645e568ab21b] Try to connect to server on start up, server: {serverIp = '192.168.117.200', server main port = 8848}
2024-11-18 16:52:46.044 [main] INFO  c.a.nacos.common.remote.client.grpc.GrpcClient - grpc client connection server:192.168.117.200 ip,serverPort:9848,grpcTslConfig:{"sslProvider":"OPENSSL","enableTls":false,"mutualAuthEnable":false,"trustAll":false}
2024-11-18 16:52:46.494 [main] INFO  com.alibaba.nacos.common.remote.client - [da0ffb68-eff6-474f-a475-645e568ab21b] Success to connect to server [192.168.117.200:8848] on start up, connectionId = 1731919967563_192.168.117.1_49556
2024-11-18 16:52:46.494 [main] INFO  com.alibaba.nacos.common.remote.client - [da0ffb68-eff6-474f-a475-645e568ab21b] Register server push request handler:com.alibaba.nacos.common.remote.client.RpcClient$ConnectResetRequestHandler
2024-11-18 16:52:46.494 [com.alibaba.nacos.client.remote.worker] INFO  com.alibaba.nacos.common.remote.client - [da0ffb68-eff6-474f-a475-645e568ab21b] Notify connected event to listeners.
2024-11-18 16:52:46.494 [main] INFO  com.alibaba.nacos.common.remote.client - [da0ffb68-eff6-474f-a475-645e568ab21b] Register server push request handler:com.alibaba.nacos.common.remote.client.RpcClient$$Lambda$607/0x00000008010d7080
2024-11-18 16:52:46.494 [com.alibaba.nacos.client.remote.worker] INFO  com.alibaba.nacos.client.naming - Grpc connection connect
2024-11-18 16:52:46.495 [main] INFO  com.alibaba.nacos.client.naming - [REGISTER-SERVICE] xiaohashu registering service xiaohashu-auth with instance Instance{instanceId='null', ip='192.168.117.1', port=8080, weight=1.0, healthy=true, enabled=true, ephemeral=true, clusterName='DEFAULT', serviceName='null', metadata={IPv6=null, preserved.register.source=SPRING_CLOUD}}
2024-11-18 16:52:46.505 [main] INFO  c.a.cloud.nacos.registry.NacosServiceRegistry - nacos registry, DEFAULT_GROUP xiaohashu-auth 192.168.117.1:8080 register finished
2024-11-18 16:52:46.852 [main] INFO  c.arnanzz.xiaohashu.auth.XiaohashuAuthApplication - Started XiaohashuAuthApplication in 8.447 seconds (process running for 9.182)
2024-11-18 16:52:46.855 [main] INFO  com.alibaba.nacos.client.config.impl.CacheData - nacos.cache.data.init.snapshot = true 
2024-11-18 16:52:46.856 [main] INFO  com.alibaba.nacos.client.config.impl.ClientWorker - [fixed-xiaohashu-192.168.117.200_8848] [subscribe] xiaohashu-auth.yaml+DEFAULT_GROUP+xiaohashu
2024-11-18 16:52:46.863 [main] INFO  com.alibaba.nacos.client.config.impl.CacheData - [fixed-xiaohashu-192.168.117.200_8848] [add-listener] ok, tenant=xiaohashu, dataId=xiaohashu-auth.yaml, group=DEFAULT_GROUP, cnt=1
2024-11-18 16:52:46.864 [main] INFO  c.a.cloud.nacos.refresh.NacosContextRefresher - [Nacos Config] Listening config: dataId=xiaohashu-auth.yaml, group=DEFAULT_GROUP
2024-11-18 16:52:46.866 [main] INFO  com.alibaba.nacos.client.config.impl.ClientWorker - [fixed-xiaohashu-192.168.117.200_8848] [subscribe] xiaohashu-auth-dev.yaml+DEFAULT_GROUP+xiaohashu
2024-11-18 16:52:46.866 [main] INFO  com.alibaba.nacos.client.config.impl.CacheData - [fixed-xiaohashu-192.168.117.200_8848] [add-listener] ok, tenant=xiaohashu, dataId=xiaohashu-auth-dev.yaml, group=DEFAULT_GROUP, cnt=1
2024-11-18 16:52:46.866 [main] INFO  c.a.cloud.nacos.refresh.NacosContextRefresher - [Nacos Config] Listening config: dataId=xiaohashu-auth-dev.yaml, group=DEFAULT_GROUP
2024-11-18 16:52:46.868 [main] INFO  com.alibaba.nacos.client.config.impl.ClientWorker - [fixed-xiaohashu-192.168.117.200_8848] [subscribe] xiaohashu-auth+DEFAULT_GROUP+xiaohashu
2024-11-18 16:52:46.868 [main] INFO  com.alibaba.nacos.client.config.impl.CacheData - [fixed-xiaohashu-192.168.117.200_8848] [add-listener] ok, tenant=xiaohashu, dataId=xiaohashu-auth, group=DEFAULT_GROUP, cnt=1
2024-11-18 16:52:46.868 [main] INFO  c.a.cloud.nacos.refresh.NacosContextRefresher - [Nacos Config] Listening config: dataId=xiaohashu-auth, group=DEFAULT_GROUP
2024-11-18 16:55:37.618 [http-nio-8080-exec-1] INFO  o.a.c.core.ContainerBase.[Tomcat].[localhost].[/] - Initializing Spring DispatcherServlet 'dispatcherServlet'
2024-11-18 16:55:37.620 [http-nio-8080-exec-1] INFO  org.springframework.web.servlet.DispatcherServlet - Initializing Servlet 'dispatcherServlet'
2024-11-18 16:55:37.621 [http-nio-8080-exec-1] INFO  org.springframework.web.servlet.DispatcherServlet - Completed initialization in 1 ms
2024-11-18 16:55:37.625 [http-nio-8080-exec-1] INFO  c.a.f.b.context.filter.HeaderUserId2ContextFilter - ## HeaderUserId2ContextFilter, 用户 ID: null
2024-11-18 16:55:37.639 [http-nio-8080-exec-1] ERROR c.a.x.auth.exception.GlobalExceptionHandler - /login request error, 
org.springframework.web.HttpRequestMethodNotSupportedException: Request method 'GET' is not supported
	at org.springframework.web.servlet.mvc.method.RequestMappingInfoHandlerMapping.handleNoMatch(RequestMappingInfoHandlerMapping.java:265)
	at org.springframework.web.servlet.handler.AbstractHandlerMethodMapping.lookupHandlerMethod(AbstractHandlerMethodMapping.java:441)
	at org.springframework.web.servlet.handler.AbstractHandlerMethodMapping.getHandlerInternal(AbstractHandlerMethodMapping.java:382)
	at org.springframework.web.servlet.mvc.method.RequestMappingInfoHandlerMapping.getHandlerInternal(RequestMappingInfoHandlerMapping.java:126)
	at org.springframework.web.servlet.mvc.method.RequestMappingInfoHandlerMapping.getHandlerInternal(RequestMappingInfoHandlerMapping.java:68)
	at org.springframework.web.servlet.handler.AbstractHandlerMapping.getHandler(AbstractHandlerMapping.java:504)
	at org.springframework.web.servlet.DispatcherServlet.getHandler(DispatcherServlet.java:1274)
	at org.springframework.web.servlet.DispatcherServlet.doDispatch(DispatcherServlet.java:1056)
	at org.springframework.web.servlet.DispatcherServlet.doService(DispatcherServlet.java:973)
	at org.springframework.web.servlet.FrameworkServlet.processRequest(FrameworkServlet.java:1011)
	at org.springframework.web.servlet.FrameworkServlet.doGet(FrameworkServlet.java:903)
	at jakarta.servlet.http.HttpServlet.service(HttpServlet.java:705)
	at org.springframework.web.servlet.FrameworkServlet.service(FrameworkServlet.java:885)
	at jakarta.servlet.http.HttpServlet.service(HttpServlet.java:814)
	at org.apache.catalina.core.ApplicationFilterChain.internalDoFilter(ApplicationFilterChain.java:223)
	at org.apache.catalina.core.ApplicationFilterChain.doFilter(ApplicationFilterChain.java:158)
	at org.apache.tomcat.websocket.server.WsFilter.doFilter(WsFilter.java:53)
	at org.apache.catalina.core.ApplicationFilterChain.internalDoFilter(ApplicationFilterChain.java:185)
	at org.apache.catalina.core.ApplicationFilterChain.doFilter(ApplicationFilterChain.java:158)
	at com.arnanzz.framework.biz.context.filter.HeaderUserId2ContextFilter.doFilterInternal(HeaderUserId2ContextFilter.java:33)
	at org.springframework.web.filter.OncePerRequestFilter.doFilter(OncePerRequestFilter.java:116)
	at org.apache.catalina.core.ApplicationFilterChain.internalDoFilter(ApplicationFilterChain.java:185)
	at org.apache.catalina.core.ApplicationFilterChain.doFilter(ApplicationFilterChain.java:158)
	at org.springframework.web.filter.RequestContextFilter.doFilterInternal(RequestContextFilter.java:100)
	at org.springframework.web.filter.OncePerRequestFilter.doFilter(OncePerRequestFilter.java:116)
	at org.apache.catalina.core.ApplicationFilterChain.internalDoFilter(ApplicationFilterChain.java:185)
	at org.apache.catalina.core.ApplicationFilterChain.doFilter(ApplicationFilterChain.java:158)
	at cn.dev33.satoken.filter.SaPathCheckFilterForJakartaServlet.doFilter(SaPathCheckFilterForJakartaServlet.java:55)
	at org.apache.catalina.core.ApplicationFilterChain.internalDoFilter(ApplicationFilterChain.java:185)
	at org.apache.catalina.core.ApplicationFilterChain.doFilter(ApplicationFilterChain.java:158)
	at org.springframework.web.filter.FormContentFilter.doFilterInternal(FormContentFilter.java:93)
	at org.springframework.web.filter.OncePerRequestFilter.doFilter(OncePerRequestFilter.java:116)
	at org.apache.catalina.core.ApplicationFilterChain.internalDoFilter(ApplicationFilterChain.java:185)
	at org.apache.catalina.core.ApplicationFilterChain.doFilter(ApplicationFilterChain.java:158)
	at org.springframework.web.filter.CharacterEncodingFilter.doFilterInternal(CharacterEncodingFilter.java:201)
	at org.springframework.web.filter.OncePerRequestFilter.doFilter(OncePerRequestFilter.java:116)
	at org.apache.catalina.core.ApplicationFilterChain.internalDoFilter(ApplicationFilterChain.java:185)
	at org.apache.catalina.core.ApplicationFilterChain.doFilter(ApplicationFilterChain.java:158)
	at org.apache.catalina.core.StandardWrapperValve.invoke(StandardWrapperValve.java:177)
	at org.apache.catalina.core.StandardContextValve.invoke(StandardContextValve.java:97)
	at org.apache.catalina.authenticator.AuthenticatorBase.invoke(AuthenticatorBase.java:542)
	at org.apache.catalina.core.StandardHostValve.invoke(StandardHostValve.java:119)
	at org.apache.catalina.valves.ErrorReportValve.invoke(ErrorReportValve.java:92)
	at org.apache.catalina.core.StandardEngineValve.invoke(StandardEngineValve.java:78)
	at org.apache.catalina.connector.CoyoteAdapter.service(CoyoteAdapter.java:357)
	at org.apache.coyote.http11.Http11Processor.service(Http11Processor.java:400)
	at org.apache.coyote.AbstractProcessorLight.process(AbstractProcessorLight.java:65)
	at org.apache.coyote.AbstractProtocol$ConnectionHandler.process(AbstractProtocol.java:859)
	at org.apache.tomcat.util.net.NioEndpoint$SocketProcessor.doRun(NioEndpoint.java:1734)
	at org.apache.tomcat.util.net.SocketProcessorBase.run(SocketProcessorBase.java:52)
	at org.apache.tomcat.util.threads.ThreadPoolExecutor.runWorker(ThreadPoolExecutor.java:1191)
	at org.apache.tomcat.util.threads.ThreadPoolExecutor$Worker.run(ThreadPoolExecutor.java:659)
	at org.apache.tomcat.util.threads.TaskThread$WrappingRunnable.run(TaskThread.java:61)
	at java.base/java.lang.Thread.run(Thread.java:833)
2024-11-18 16:55:57.078 [http-nio-8080-exec-2] INFO  c.a.f.b.context.filter.HeaderUserId2ContextFilter - ## HeaderUserId2ContextFilter, 用户 ID: null
2024-11-18 16:55:57.153 [http-nio-8080-exec-2] INFO  c.a.f.b.operationlog.aspect.ApiOperationLogAspect - ====== 请求开始: [用户登录/注册], 入参: {"phone":"17631536801","code":null,"password":"root","type":2}, 请求类: AuthController, 请求方法: loginAndRegister =================================== 
2024-11-18 16:55:57.213 [http-nio-8080-exec-2] INFO  com.alibaba.nacos.client.naming - [SUBSCRIBE-SERVICE] service:xiaohashu-user, group:DEFAULT_GROUP, clusters: 
2024-11-18 16:55:57.223 [http-nio-8080-exec-2] INFO  com.alibaba.nacos.client.naming - init new ips(1) service: DEFAULT_GROUP@@xiaohashu-user -> [{"ip":"192.168.117.1","port":8082,"weight":1.0,"healthy":true,"enabled":true,"ephemeral":true,"clusterName":"DEFAULT","serviceName":"DEFAULT_GROUP@@xiaohashu-user","metadata":{"preserved.register.source":"SPRING_CLOUD"},"ipDeleteTimeout":30000,"instanceHeartBeatInterval":5000,"instanceHeartBeatTimeOut":15000}]
2024-11-18 16:55:57.224 [http-nio-8080-exec-2] INFO  com.alibaba.nacos.client.naming - current ips:(1) service: DEFAULT_GROUP@@xiaohashu-user -> [{"ip":"192.168.117.1","port":8082,"weight":1.0,"healthy":true,"enabled":true,"ephemeral":true,"clusterName":"DEFAULT","serviceName":"DEFAULT_GROUP@@xiaohashu-user","metadata":{"preserved.register.source":"SPRING_CLOUD"},"ipDeleteTimeout":30000,"instanceHeartBeatInterval":5000,"instanceHeartBeatTimeOut":15000}]
2024-11-18 16:55:57.665 [http-nio-8080-exec-2] WARN  c.a.x.auth.exception.GlobalExceptionHandler - /login request fail, errorCode: AUTH-20004, errorMessage: 手机号或密码错误
2024-11-18 16:55:57.767 [nacos-grpc-client-executor-192.168.117.200-57] INFO  com.alibaba.nacos.common.remote.client - [da0ffb68-eff6-474f-a475-645e568ab21b] Receive server push request, request = NotifySubscriberRequest, requestId = 2
2024-11-18 16:55:57.767 [nacos-grpc-client-executor-192.168.117.200-57] INFO  com.alibaba.nacos.common.remote.client - [da0ffb68-eff6-474f-a475-645e568ab21b] Ack server push request, request = NotifySubscriberRequest, requestId = 2
2024-11-18 16:56:52.124 [http-nio-8080-exec-3] INFO  c.a.f.b.context.filter.HeaderUserId2ContextFilter - ## HeaderUserId2ContextFilter, 用户 ID: null
2024-11-18 16:56:52.125 [http-nio-8080-exec-3] INFO  c.a.f.b.operationlog.aspect.ApiOperationLogAspect - ====== 请求开始: [用户登录/注册], 入参: {"phone":"17631536801","code":null,"password":"root","type":2}, 请求类: AuthController, 请求方法: loginAndRegister =================================== 
2024-11-18 16:56:52.207 [http-nio-8080-exec-3] WARN  c.a.x.auth.exception.GlobalExceptionHandler - /login request fail, errorCode: AUTH-20004, errorMessage: 手机号或密码错误
2024-11-18 16:57:01.358 [http-nio-8080-exec-4] INFO  c.a.f.b.context.filter.HeaderUserId2ContextFilter - ## HeaderUserId2ContextFilter, 用户 ID: null
2024-11-18 16:57:01.360 [http-nio-8080-exec-4] INFO  c.a.f.b.operationlog.aspect.ApiOperationLogAspect - ====== 请求开始: [用户登录/注册], 入参: {"phone":"17631536801","code":null,"password":"000000","type":2}, 请求类: AuthController, 请求方法: loginAndRegister =================================== 
2024-11-18 16:57:02.077 [http-nio-8080-exec-4] INFO  c.a.f.b.operationlog.aspect.ApiOperationLogAspect - ====== 请求结束: [用户登录/注册], 耗时: 717ms, 出参: {"success":true,"message":null,"errorCode":null,"data":"2ThdaRb89cR3DTXZhg2XGHMUt8SlFisVVqPqcs5edFkdAWLptd53tJXOeIemtiBobKjoDPhliGHASZnKzDt451KgMj50Jgw9288hN8Jg1utGRAj2CFONxPzsXy1N4cwf"} =================================== 
2024-11-18 16:57:22.711 [http-nio-8080-exec-5] INFO  c.a.f.b.context.filter.HeaderUserId2ContextFilter - ## HeaderUserId2ContextFilter, 用户 ID: 6
2024-11-18 16:57:22.711 [http-nio-8080-exec-5] INFO  c.a.f.b.context.filter.HeaderUserId2ContextFilter - ===== 设置 userId 到 ThreadLocal 中， 用户 ID: 6
2024-11-18 16:57:22.731 [http-nio-8080-exec-5] INFO  c.a.f.b.context.filter.HeaderUserId2ContextFilter - ===== 删除 ThreadLocal， userId: 6
2024-11-18 16:57:38.380 [http-nio-8080-exec-6] INFO  c.a.f.b.context.filter.HeaderUserId2ContextFilter - ## HeaderUserId2ContextFilter, 用户 ID: null
2024-11-18 16:57:38.381 [http-nio-8080-exec-6] INFO  c.a.f.b.operationlog.aspect.ApiOperationLogAspect - ====== 请求开始: [用户登录/注册], 入参: {"phone":"17631536801","code":null,"password":"000000","type":2}, 请求类: AuthController, 请求方法: loginAndRegister =================================== 
2024-11-18 16:57:38.497 [http-nio-8080-exec-6] INFO  c.a.f.b.operationlog.aspect.ApiOperationLogAspect - ====== 请求结束: [用户登录/注册], 耗时: 116ms, 出参: {"success":true,"message":null,"errorCode":null,"data":"2ThdaRb89cR3DTXZhg2XGHMUt8SlFisVVqPqcs5edFkdAWLptd53tJXOeIemtiBobKjoDPhliGHASZnKzDt451KgMj50Jgw9288hN8Jg1utGRAj2CFONxPzsXy1N4cwf"} =================================== 
2024-11-18 16:58:39.587 [http-nio-8080-exec-8] INFO  c.a.f.b.context.filter.HeaderUserId2ContextFilter - ## HeaderUserId2ContextFilter, 用户 ID: null
2024-11-18 16:58:39.589 [http-nio-8080-exec-8] INFO  c.a.f.b.operationlog.aspect.ApiOperationLogAspect - ====== 请求开始: [用户登录/注册], 入参: {"phone":"17631536801","code":null,"password":"000000","type":2}, 请求类: AuthController, 请求方法: loginAndRegister =================================== 
2024-11-18 16:58:39.805 [http-nio-8080-exec-8] INFO  c.a.f.b.operationlog.aspect.ApiOperationLogAspect - ====== 请求结束: [用户登录/注册], 耗时: 216ms, 出参: {"success":true,"message":null,"errorCode":null,"data":"2ThdaRb89cR3DTXZhg2XGHMUt8SlFisVVqPqcs5edFkdAWLptd53tJXOeIemtiBobKjoDPhliGHASZnKzDt451KgMj50Jgw9288hN8Jg1utGRAj2CFONxPzsXy1N4cwf"} =================================== 
2024-11-18 16:59:24.931 [http-nio-8080-exec-9] INFO  c.a.f.b.context.filter.HeaderUserId2ContextFilter - ## HeaderUserId2ContextFilter, 用户 ID: null
2024-11-18 16:59:24.932 [http-nio-8080-exec-9] INFO  c.a.f.b.operationlog.aspect.ApiOperationLogAspect - ====== 请求开始: [用户登录/注册], 入参: {"phone":"17631536801","code":null,"password":"000000","type":2}, 请求类: AuthController, 请求方法: loginAndRegister =================================== 
2024-11-18 16:59:25.020 [http-nio-8080-exec-9] INFO  c.a.f.b.operationlog.aspect.ApiOperationLogAspect - ====== 请求结束: [用户登录/注册], 耗时: 88ms, 出参: {"success":true,"message":null,"errorCode":null,"data":"2ThdaRb89cR3DTXZhg2XGHMUt8SlFisVVqPqcs5edFkdAWLptd53tJXOeIemtiBobKjoDPhliGHASZnKzDt451KgMj50Jgw9288hN8Jg1utGRAj2CFONxPzsXy1N4cwf"} =================================== 
2024-11-18 17:05:24.991 [http-nio-8080-exec-1] INFO  c.a.f.b.context.filter.HeaderUserId2ContextFilter - ## HeaderUserId2ContextFilter, 用户 ID: null
2024-11-18 17:05:24.992 [http-nio-8080-exec-1] INFO  c.a.f.b.operationlog.aspect.ApiOperationLogAspect - ====== 请求开始: [用户登录/注册], 入参: {"phone":"17631536801","code":null,"password":"000000","type":2}, 请求类: AuthController, 请求方法: loginAndRegister =================================== 
2024-11-18 17:05:25.095 [http-nio-8080-exec-1] INFO  c.a.f.b.operationlog.aspect.ApiOperationLogAspect - ====== 请求结束: [用户登录/注册], 耗时: 103ms, 出参: {"success":true,"message":null,"errorCode":null,"data":"2ThdaRb89cR3DTXZhg2XGHMUt8SlFisVVqPqcs5edFkdAWLptd53tJXOeIemtiBobKjoDPhliGHASZnKzDt451KgMj50Jgw9288hN8Jg1utGRAj2CFONxPzsXy1N4cwf"} =================================== 
2024-11-18 17:06:03.317 [http-nio-8080-exec-2] INFO  c.a.f.b.context.filter.HeaderUserId2ContextFilter - ## HeaderUserId2ContextFilter, 用户 ID: null
2024-11-18 17:06:03.318 [http-nio-8080-exec-2] INFO  c.a.f.b.operationlog.aspect.ApiOperationLogAspect - ====== 请求开始: [用户登录/注册], 入参: {"phone":"17631536801","code":null,"password":"000000","type":2}, 请求类: AuthController, 请求方法: loginAndRegister =================================== 
2024-11-18 17:06:03.408 [http-nio-8080-exec-2] INFO  c.a.f.b.operationlog.aspect.ApiOperationLogAspect - ====== 请求结束: [用户登录/注册], 耗时: 90ms, 出参: {"success":true,"message":null,"errorCode":null,"data":"2ThdaRb89cR3DTXZhg2XGHMUt8SlFisVVqPqcs5edFkdAWLptd53tJXOeIemtiBobKjoDPhliGHASZnKzDt451KgMj50Jgw9288hN8Jg1utGRAj2CFONxPzsXy1N4cwf"} =================================== 
2024-11-18 17:06:13.734 [http-nio-8080-exec-3] INFO  c.a.f.b.context.filter.HeaderUserId2ContextFilter - ## HeaderUserId2ContextFilter, 用户 ID: null
2024-11-18 17:06:13.736 [http-nio-8080-exec-3] INFO  c.a.f.b.operationlog.aspect.ApiOperationLogAspect - ====== 请求开始: [用户登录/注册], 入参: {"phone":"17631536801","code":null,"password":"000000","type":2}, 请求类: AuthController, 请求方法: loginAndRegister =================================== 
2024-11-18 17:06:13.823 [http-nio-8080-exec-3] INFO  c.a.f.b.operationlog.aspect.ApiOperationLogAspect - ====== 请求结束: [用户登录/注册], 耗时: 87ms, 出参: {"success":true,"message":null,"errorCode":null,"data":"2ThdaRb89cR3DTXZhg2XGHMUt8SlFisVVqPqcs5edFkdAWLptd53tJXOeIemtiBobKjoDPhliGHASZnKzDt451KgMj50Jgw9288hN8Jg1utGRAj2CFONxPzsXy1N4cwf"} =================================== 
2024-11-18 17:09:01.422 [http-nio-8080-exec-5] INFO  c.a.f.b.context.filter.HeaderUserId2ContextFilter - ## HeaderUserId2ContextFilter, 用户 ID: null
2024-11-18 17:09:01.424 [http-nio-8080-exec-5] INFO  c.a.f.b.operationlog.aspect.ApiOperationLogAspect - ====== 请求开始: [用户登录/注册], 入参: {"phone":"17631536801","code":null,"password":"000000","type":2}, 请求类: AuthController, 请求方法: loginAndRegister =================================== 
2024-11-18 17:09:01.534 [http-nio-8080-exec-5] INFO  c.a.f.b.operationlog.aspect.ApiOperationLogAspect - ====== 请求结束: [用户登录/注册], 耗时: 110ms, 出参: {"success":true,"message":null,"errorCode":null,"data":"2ThdaRb89cR3DTXZhg2XGHMUt8SlFisVVqPqcs5edFkdAWLptd53tJXOeIemtiBobKjoDPhliGHASZnKzDt451KgMj50Jgw9288hN8Jg1utGRAj2CFONxPzsXy1N4cwf"} =================================== 
2024-11-18 17:09:15.796 [http-nio-8080-exec-6] INFO  c.a.f.b.context.filter.HeaderUserId2ContextFilter - ## HeaderUserId2ContextFilter, 用户 ID: null
2024-11-18 17:09:15.797 [http-nio-8080-exec-6] INFO  c.a.f.b.operationlog.aspect.ApiOperationLogAspect - ====== 请求开始: [用户登录/注册], 入参: {"phone":"17631536801","code":null,"password":"000000","type":2}, 请求类: AuthController, 请求方法: loginAndRegister =================================== 
2024-11-18 17:09:15.891 [http-nio-8080-exec-6] INFO  c.a.f.b.operationlog.aspect.ApiOperationLogAspect - ====== 请求结束: [用户登录/注册], 耗时: 94ms, 出参: {"success":true,"message":null,"errorCode":null,"data":"2ThdaRb89cR3DTXZhg2XGHMUt8SlFisVVqPqcs5edFkdAWLptd53tJXOeIemtiBobKjoDPhliGHASZnKzDt451KgMj50Jgw9288hN8Jg1utGRAj2CFONxPzsXy1N4cwf"} =================================== 
2024-11-18 17:09:51.072 [http-nio-8080-exec-7] INFO  c.a.f.b.context.filter.HeaderUserId2ContextFilter - ## HeaderUserId2ContextFilter, 用户 ID: null
2024-11-18 17:09:51.074 [http-nio-8080-exec-7] INFO  c.a.f.b.operationlog.aspect.ApiOperationLogAspect - ====== 请求开始: [用户登录/注册], 入参: {"phone":"17631536801","code":null,"password":"000000","type":2}, 请求类: AuthController, 请求方法: loginAndRegister =================================== 
2024-11-18 17:09:51.223 [http-nio-8080-exec-7] INFO  c.a.f.b.operationlog.aspect.ApiOperationLogAspect - ====== 请求结束: [用户登录/注册], 耗时: 149ms, 出参: {"success":true,"message":null,"errorCode":null,"data":"2ThdaRb89cR3DTXZhg2XGHMUt8SlFisVVqPqcs5edFkdAWLptd53tJXOeIemtiBobKjoDPhliGHASZnKzDt451KgMj50Jgw9288hN8Jg1utGRAj2CFONxPzsXy1N4cwf"} =================================== 
2024-11-18 17:09:51.357 [http-nio-8080-exec-8] INFO  c.a.f.b.context.filter.HeaderUserId2ContextFilter - ## HeaderUserId2ContextFilter, 用户 ID: 6
2024-11-18 17:09:51.357 [http-nio-8080-exec-8] INFO  c.a.f.b.context.filter.HeaderUserId2ContextFilter - ===== 设置 userId 到 ThreadLocal 中， 用户 ID: 6
2024-11-18 17:09:51.358 [http-nio-8080-exec-8] ERROR c.a.x.auth.exception.GlobalExceptionHandler - /logout request error, 
org.springframework.web.HttpRequestMethodNotSupportedException: Request method 'GET' is not supported
	at org.springframework.web.servlet.mvc.method.RequestMappingInfoHandlerMapping.handleNoMatch(RequestMappingInfoHandlerMapping.java:265)
	at org.springframework.web.servlet.handler.AbstractHandlerMethodMapping.lookupHandlerMethod(AbstractHandlerMethodMapping.java:441)
	at org.springframework.web.servlet.handler.AbstractHandlerMethodMapping.getHandlerInternal(AbstractHandlerMethodMapping.java:382)
	at org.springframework.web.servlet.mvc.method.RequestMappingInfoHandlerMapping.getHandlerInternal(RequestMappingInfoHandlerMapping.java:126)
	at org.springframework.web.servlet.mvc.method.RequestMappingInfoHandlerMapping.getHandlerInternal(RequestMappingInfoHandlerMapping.java:68)
	at org.springframework.web.servlet.handler.AbstractHandlerMapping.getHandler(AbstractHandlerMapping.java:504)
	at org.springframework.web.servlet.DispatcherServlet.getHandler(DispatcherServlet.java:1274)
	at org.springframework.web.servlet.DispatcherServlet.doDispatch(DispatcherServlet.java:1056)
	at org.springframework.web.servlet.DispatcherServlet.doService(DispatcherServlet.java:973)
	at org.springframework.web.servlet.FrameworkServlet.processRequest(FrameworkServlet.java:1011)
	at org.springframework.web.servlet.FrameworkServlet.doGet(FrameworkServlet.java:903)
	at jakarta.servlet.http.HttpServlet.service(HttpServlet.java:705)
	at org.springframework.web.servlet.FrameworkServlet.service(FrameworkServlet.java:885)
	at jakarta.servlet.http.HttpServlet.service(HttpServlet.java:814)
	at org.apache.catalina.core.ApplicationFilterChain.internalDoFilter(ApplicationFilterChain.java:223)
	at org.apache.catalina.core.ApplicationFilterChain.doFilter(ApplicationFilterChain.java:158)
	at org.apache.tomcat.websocket.server.WsFilter.doFilter(WsFilter.java:53)
	at org.apache.catalina.core.ApplicationFilterChain.internalDoFilter(ApplicationFilterChain.java:185)
	at org.apache.catalina.core.ApplicationFilterChain.doFilter(ApplicationFilterChain.java:158)
	at com.arnanzz.framework.biz.context.filter.HeaderUserId2ContextFilter.doFilterInternal(HeaderUserId2ContextFilter.java:43)
	at org.springframework.web.filter.OncePerRequestFilter.doFilter(OncePerRequestFilter.java:116)
	at org.apache.catalina.core.ApplicationFilterChain.internalDoFilter(ApplicationFilterChain.java:185)
	at org.apache.catalina.core.ApplicationFilterChain.doFilter(ApplicationFilterChain.java:158)
	at org.springframework.web.filter.RequestContextFilter.doFilterInternal(RequestContextFilter.java:100)
	at org.springframework.web.filter.OncePerRequestFilter.doFilter(OncePerRequestFilter.java:116)
	at org.apache.catalina.core.ApplicationFilterChain.internalDoFilter(ApplicationFilterChain.java:185)
	at org.apache.catalina.core.ApplicationFilterChain.doFilter(ApplicationFilterChain.java:158)
	at cn.dev33.satoken.filter.SaPathCheckFilterForJakartaServlet.doFilter(SaPathCheckFilterForJakartaServlet.java:55)
	at org.apache.catalina.core.ApplicationFilterChain.internalDoFilter(ApplicationFilterChain.java:185)
	at org.apache.catalina.core.ApplicationFilterChain.doFilter(ApplicationFilterChain.java:158)
	at org.springframework.web.filter.FormContentFilter.doFilterInternal(FormContentFilter.java:93)
	at org.springframework.web.filter.OncePerRequestFilter.doFilter(OncePerRequestFilter.java:116)
	at org.apache.catalina.core.ApplicationFilterChain.internalDoFilter(ApplicationFilterChain.java:185)
	at org.apache.catalina.core.ApplicationFilterChain.doFilter(ApplicationFilterChain.java:158)
	at org.springframework.web.filter.CharacterEncodingFilter.doFilterInternal(CharacterEncodingFilter.java:201)
	at org.springframework.web.filter.OncePerRequestFilter.doFilter(OncePerRequestFilter.java:116)
	at org.apache.catalina.core.ApplicationFilterChain.internalDoFilter(ApplicationFilterChain.java:185)
	at org.apache.catalina.core.ApplicationFilterChain.doFilter(ApplicationFilterChain.java:158)
	at org.apache.catalina.core.StandardWrapperValve.invoke(StandardWrapperValve.java:177)
	at org.apache.catalina.core.StandardContextValve.invoke(StandardContextValve.java:97)
	at org.apache.catalina.authenticator.AuthenticatorBase.invoke(AuthenticatorBase.java:542)
	at org.apache.catalina.core.StandardHostValve.invoke(StandardHostValve.java:119)
	at org.apache.catalina.valves.ErrorReportValve.invoke(ErrorReportValve.java:92)
	at org.apache.catalina.core.StandardEngineValve.invoke(StandardEngineValve.java:78)
	at org.apache.catalina.connector.CoyoteAdapter.service(CoyoteAdapter.java:357)
	at org.apache.coyote.http11.Http11Processor.service(Http11Processor.java:400)
	at org.apache.coyote.AbstractProcessorLight.process(AbstractProcessorLight.java:65)
	at org.apache.coyote.AbstractProtocol$ConnectionHandler.process(AbstractProtocol.java:859)
	at org.apache.tomcat.util.net.NioEndpoint$SocketProcessor.doRun(NioEndpoint.java:1734)
	at org.apache.tomcat.util.net.SocketProcessorBase.run(SocketProcessorBase.java:52)
	at org.apache.tomcat.util.threads.ThreadPoolExecutor.runWorker(ThreadPoolExecutor.java:1191)
	at org.apache.tomcat.util.threads.ThreadPoolExecutor$Worker.run(ThreadPoolExecutor.java:659)
	at org.apache.tomcat.util.threads.TaskThread$WrappingRunnable.run(TaskThread.java:61)
	at java.base/java.lang.Thread.run(Thread.java:833)
2024-11-18 17:09:51.358 [http-nio-8080-exec-8] INFO  c.a.f.b.context.filter.HeaderUserId2ContextFilter - ===== 删除 ThreadLocal， userId: 6
2024-11-18 17:10:17.904 [http-nio-8080-exec-9] INFO  c.a.f.b.context.filter.HeaderUserId2ContextFilter - ## HeaderUserId2ContextFilter, 用户 ID: null
2024-11-18 17:10:17.905 [http-nio-8080-exec-9] INFO  c.a.f.b.operationlog.aspect.ApiOperationLogAspect - ====== 请求开始: [用户登录/注册], 入参: {"phone":"17631536801","code":null,"password":"000000","type":2}, 请求类: AuthController, 请求方法: loginAndRegister =================================== 
2024-11-18 17:10:18.066 [http-nio-8080-exec-9] INFO  c.a.f.b.operationlog.aspect.ApiOperationLogAspect - ====== 请求结束: [用户登录/注册], 耗时: 161ms, 出参: {"success":true,"message":null,"errorCode":null,"data":"2ThdaRb89cR3DTXZhg2XGHMUt8SlFisVVqPqcs5edFkdAWLptd53tJXOeIemtiBobKjoDPhliGHASZnKzDt451KgMj50Jgw9288hN8Jg1utGRAj2CFONxPzsXy1N4cwf"} =================================== 
2024-11-18 17:10:18.106 [http-nio-8080-exec-10] INFO  c.a.f.b.context.filter.HeaderUserId2ContextFilter - ## HeaderUserId2ContextFilter, 用户 ID: 6
2024-11-18 17:10:18.106 [http-nio-8080-exec-10] INFO  c.a.f.b.context.filter.HeaderUserId2ContextFilter - ===== 设置 userId 到 ThreadLocal 中， 用户 ID: 6
2024-11-18 17:10:18.106 [http-nio-8080-exec-10] INFO  c.a.f.b.operationlog.aspect.ApiOperationLogAspect - ====== 请求开始: [账号登出], 入参: , 请求类: AuthController, 请求方法: logout =================================== 
2024-11-18 17:10:18.106 [http-nio-8080-exec-10] INFO  c.a.x.auth.domain.service.impl.AuthServiceImpl - ==> 用户退出登录, userId: 6
2024-11-18 17:10:18.264 [http-nio-8080-exec-10] INFO  c.a.f.b.operationlog.aspect.ApiOperationLogAspect - ====== 请求结束: [账号登出], 耗时: 158ms, 出参: {"success":true,"message":null,"errorCode":null,"data":null} =================================== 
2024-11-18 17:10:18.265 [http-nio-8080-exec-10] INFO  c.a.f.b.context.filter.HeaderUserId2ContextFilter - ===== 删除 ThreadLocal， userId: 6
2024-11-18 18:36:15.839 [http-nio-8080-exec-2] INFO  c.a.f.b.context.filter.HeaderUserId2ContextFilter - ## HeaderUserId2ContextFilter, 用户 ID: null
2024-11-18 18:36:16.306 [http-nio-8080-exec-3] INFO  c.a.f.b.context.filter.HeaderUserId2ContextFilter - ## HeaderUserId2ContextFilter, 用户 ID: null
2024-11-18 19:54:21.121 [nacos-grpc-client-executor-192.168.117.200-2199] INFO  com.alibaba.nacos.common.remote.client - [da0ffb68-eff6-474f-a475-645e568ab21b] Receive server push request, request = NotifySubscriberRequest, requestId = 3
2024-11-18 19:54:21.133 [nacos-grpc-client-executor-192.168.117.200-2199] INFO  com.alibaba.nacos.client.naming - removed ips(1) service: DEFAULT_GROUP@@xiaohashu-user -> [{"ip":"192.168.117.1","port":8082,"weight":1.0,"healthy":true,"enabled":true,"ephemeral":true,"clusterName":"DEFAULT","serviceName":"DEFAULT_GROUP@@xiaohashu-user","metadata":{"preserved.register.source":"SPRING_CLOUD"},"ipDeleteTimeout":30000,"instanceHeartBeatInterval":5000,"instanceHeartBeatTimeOut":15000}]
2024-11-18 19:54:21.134 [nacos-grpc-client-executor-192.168.117.200-2199] INFO  com.alibaba.nacos.client.naming - current ips:(0) service: DEFAULT_GROUP@@xiaohashu-user -> []
2024-11-18 19:54:21.138 [nacos-grpc-client-executor-192.168.117.200-2199] INFO  com.alibaba.nacos.common.remote.client - [da0ffb68-eff6-474f-a475-645e568ab21b] Ack server push request, request = NotifySubscriberRequest, requestId = 3
2024-11-18 19:54:39.214 [nacos-grpc-client-executor-192.168.117.200-2202] INFO  com.alibaba.nacos.common.remote.client - [da0ffb68-eff6-474f-a475-645e568ab21b] Receive server push request, request = NotifySubscriberRequest, requestId = 4
2024-11-18 19:54:39.215 [nacos-grpc-client-executor-192.168.117.200-2202] INFO  com.alibaba.nacos.client.naming - new ips(1) service: DEFAULT_GROUP@@xiaohashu-user -> [{"ip":"192.168.117.1","port":8082,"weight":1.0,"healthy":true,"enabled":true,"ephemeral":true,"clusterName":"DEFAULT","serviceName":"DEFAULT_GROUP@@xiaohashu-user","metadata":{"preserved.register.source":"SPRING_CLOUD"},"ipDeleteTimeout":30000,"instanceHeartBeatInterval":5000,"instanceHeartBeatTimeOut":15000}]
2024-11-18 19:54:39.215 [nacos-grpc-client-executor-192.168.117.200-2202] INFO  com.alibaba.nacos.client.naming - current ips:(1) service: DEFAULT_GROUP@@xiaohashu-user -> [{"ip":"192.168.117.1","port":8082,"weight":1.0,"healthy":true,"enabled":true,"ephemeral":true,"clusterName":"DEFAULT","serviceName":"DEFAULT_GROUP@@xiaohashu-user","metadata":{"preserved.register.source":"SPRING_CLOUD"},"ipDeleteTimeout":30000,"instanceHeartBeatInterval":5000,"instanceHeartBeatTimeOut":15000}]
2024-11-18 19:54:39.216 [nacos-grpc-client-executor-192.168.117.200-2202] INFO  com.alibaba.nacos.common.remote.client - [da0ffb68-eff6-474f-a475-645e568ab21b] Ack server push request, request = NotifySubscriberRequest, requestId = 4
2024-11-18 19:55:35.131 [http-nio-8080-exec-6] INFO  c.a.f.b.context.filter.HeaderUserId2ContextFilter - ## HeaderUserId2ContextFilter, 用户 ID: null
2024-11-18 19:55:35.176 [http-nio-8080-exec-6] INFO  c.a.f.b.operationlog.aspect.ApiOperationLogAspect - ====== 请求开始: [发送验证码], 入参: {"phone":"15633045860"}, 请求类: VerificationCodeController, 请求方法: send =================================== 
2024-11-18 19:55:35.277 [http-nio-8080-exec-6] INFO  c.a.x.a.d.service.impl.VerificationCodeServiceImpl - ==> 手机号: 15633045860, 已发送验证码：【753153】
2024-11-18 19:55:35.278 [AuthExecutor-1] INFO  com.arnanzz.xiaohashu.auth.sms.AliyunSmsHelper - ==> 开始短信发送, phone: 15633045860, signName: 阿里云短信测试, templateCode: SMS_154950909, templateParam: {"code":"753153"}
2024-11-18 19:55:35.590 [http-nio-8080-exec-6] INFO  c.a.f.b.operationlog.aspect.ApiOperationLogAspect - ====== 请求结束: [发送验证码], 耗时: 416ms, 出参: {"success":true,"message":null,"errorCode":null,"data":null} =================================== 
2024-11-18 19:55:36.120 [AuthExecutor-1] ERROR com.arnanzz.xiaohashu.auth.sms.AliyunSmsHelper - ==> 短信发送错误: 
com.aliyun.tea.TeaException: code: 400, AccessKeyId is mandatory for this action. request id: E442F7EF-29D5-5A3E-A53E-01D93687D6B4
	at com.aliyun.teaopenapi.Client.doRequest(Client.java:799)
	at com.aliyun.teaopenapi.Client.callApi(Client.java:1022)
	at com.aliyun.dysmsapi20170525.Client.sendSmsWithOptions(Client.java:1596)
	at com.arnanzz.xiaohashu.auth.sms.AliyunSmsHelper.sendMessage(AliyunSmsHelper.java:39)
	at com.arnanzz.xiaohashu.auth.domain.service.impl.VerificationCodeServiceImpl.lambda$send$0(VerificationCodeServiceImpl.java:59)
	at java.base/java.util.concurrent.Executors$RunnableAdapter.call(Executors.java:539)
	at java.base/java.util.concurrent.FutureTask.run(FutureTask.java:264)
	at java.base/java.util.concurrent.ThreadPoolExecutor.runWorker(ThreadPoolExecutor.java:1136)
	at java.base/java.util.concurrent.ThreadPoolExecutor$Worker.run(ThreadPoolExecutor.java:635)
	at java.base/java.lang.Thread.run(Thread.java:833)
2024-11-18 20:22:13.025 [nacos-grpc-client-executor-192.168.117.200-2531] INFO  com.alibaba.nacos.common.remote.client - [da0ffb68-eff6-474f-a475-645e568ab21b] Receive server push request, request = NotifySubscriberRequest, requestId = 5
2024-11-18 20:22:13.026 [nacos-grpc-client-executor-192.168.117.200-2531] INFO  com.alibaba.nacos.client.naming - removed ips(1) service: DEFAULT_GROUP@@xiaohashu-user -> [{"ip":"192.168.117.1","port":8082,"weight":1.0,"healthy":true,"enabled":true,"ephemeral":true,"clusterName":"DEFAULT","serviceName":"DEFAULT_GROUP@@xiaohashu-user","metadata":{"preserved.register.source":"SPRING_CLOUD"},"ipDeleteTimeout":30000,"instanceHeartBeatInterval":5000,"instanceHeartBeatTimeOut":15000}]
2024-11-18 20:22:13.026 [nacos-grpc-client-executor-192.168.117.200-2531] INFO  com.alibaba.nacos.client.naming - current ips:(0) service: DEFAULT_GROUP@@xiaohashu-user -> []
2024-11-18 20:22:13.028 [nacos-grpc-client-executor-192.168.117.200-2531] INFO  com.alibaba.nacos.common.remote.client - [da0ffb68-eff6-474f-a475-645e568ab21b] Ack server push request, request = NotifySubscriberRequest, requestId = 5
2024-11-18 20:22:18.020 [Thread-2] WARN  c.alibaba.nacos.common.http.HttpClientBeanHolder - [HttpClientBeanHolder] Start destroying common HttpClient
2024-11-18 20:22:18.020 [Thread-9] WARN  com.alibaba.nacos.common.notify.NotifyCenter - [NotifyCenter] Start destroying Publisher
2024-11-18 20:22:18.021 [Thread-9] WARN  com.alibaba.nacos.common.notify.NotifyCenter - [NotifyCenter] Destruction of the end
2024-11-18 20:22:18.022 [Thread-2] WARN  c.alibaba.nacos.common.http.HttpClientBeanHolder - [HttpClientBeanHolder] Destruction of the end
2024-11-18 20:22:18.272 [SpringApplicationShutdownHook] INFO  c.a.cloud.nacos.registry.NacosServiceRegistry - De-registering from Nacos Server now...
2024-11-18 20:22:18.311 [SpringApplicationShutdownHook] INFO  com.alibaba.nacos.client.naming - [DEREGISTER-SERVICE] xiaohashu deregistering service xiaohashu-auth with instance: Instance{instanceId='null', ip='192.168.117.1', port=8080, weight=1.0, healthy=true, enabled=true, ephemeral=true, clusterName='DEFAULT', serviceName='null', metadata={}}
2024-11-18 20:22:18.553 [SpringApplicationShutdownHook] INFO  c.a.cloud.nacos.registry.NacosServiceRegistry - De-registration finished.
2024-11-18 20:22:18.596 [SpringApplicationShutdownHook] INFO  com.alibaba.nacos.client.naming - com.alibaba.nacos.client.naming.cache.ServiceInfoHolder do shutdown begin
2024-11-18 20:22:18.596 [SpringApplicationShutdownHook] INFO  com.alibaba.nacos.client.naming - com.alibaba.nacos.client.naming.backups.FailoverReactor do shutdown begin
2024-11-18 20:22:18.597 [SpringApplicationShutdownHook] INFO  com.alibaba.nacos.client.naming - com.alibaba.nacos.client.naming.backups.FailoverReactor do shutdown stop
2024-11-18 20:22:18.597 [SpringApplicationShutdownHook] INFO  com.alibaba.nacos.client.naming - com.alibaba.nacos.client.naming.cache.ServiceInfoHolder do shutdown stop
2024-11-18 20:22:18.597 [SpringApplicationShutdownHook] INFO  com.alibaba.nacos.client.naming - com.alibaba.nacos.client.naming.remote.NamingClientProxyDelegate do shutdown begin
2024-11-18 20:22:18.597 [SpringApplicationShutdownHook] INFO  com.alibaba.nacos.client.naming - com.alibaba.nacos.client.naming.core.ServiceInfoUpdateService do shutdown begin
2024-11-18 20:22:18.597 [SpringApplicationShutdownHook] INFO  com.alibaba.nacos.client.naming - com.alibaba.nacos.client.naming.core.ServiceInfoUpdateService do shutdown stop
2024-11-18 20:22:18.597 [SpringApplicationShutdownHook] INFO  com.alibaba.nacos.client.naming - com.alibaba.nacos.client.naming.core.ServerListManager do shutdown begin
2024-11-18 20:22:18.597 [SpringApplicationShutdownHook] WARN  com.alibaba.nacos.client.naming - [NamingHttpClientManager] Start destroying NacosRestTemplate
2024-11-18 20:22:18.597 [SpringApplicationShutdownHook] WARN  com.alibaba.nacos.client.naming - [NamingHttpClientManager] Destruction of the end
2024-11-18 20:22:18.597 [SpringApplicationShutdownHook] INFO  com.alibaba.nacos.client.naming - com.alibaba.nacos.client.naming.core.ServerListManager do shutdown stop
2024-11-18 20:22:18.597 [SpringApplicationShutdownHook] INFO  com.alibaba.nacos.client.naming - com.alibaba.nacos.client.naming.remote.http.NamingHttpClientProxy do shutdown begin
2024-11-18 20:22:18.597 [SpringApplicationShutdownHook] WARN  com.alibaba.nacos.client.naming - [NamingHttpClientManager] Start destroying NacosRestTemplate
2024-11-18 20:22:18.597 [SpringApplicationShutdownHook] WARN  com.alibaba.nacos.client.naming - [NamingHttpClientManager] Destruction of the end
2024-11-18 20:22:18.597 [SpringApplicationShutdownHook] INFO  com.alibaba.nacos.client.naming - com.alibaba.nacos.client.naming.remote.http.NamingHttpClientProxy do shutdown stop
2024-11-18 20:22:18.597 [SpringApplicationShutdownHook] INFO  com.alibaba.nacos.common.remote.client - Shutdown rpc client, set status to shutdown
2024-11-18 20:22:18.598 [SpringApplicationShutdownHook] INFO  com.alibaba.nacos.common.remote.client - Shutdown client event executor java.util.concurrent.ScheduledThreadPoolExecutor@9fada[Running, pool size = 2, active threads = 2, queued tasks = 0, completed tasks = 0]
2024-11-18 20:22:18.598 [SpringApplicationShutdownHook] INFO  com.alibaba.nacos.common.remote.client - Close current connection 1731919967563_192.168.117.1_49556
2024-11-18 20:22:18.599 [nacos-grpc-client-executor-192.168.117.200-2533] INFO  c.a.nacos.common.remote.client.grpc.GrpcClient - [1731919967563_192.168.117.1_49556]Ignore complete event,isRunning:false,isAbandon=false
2024-11-18 20:22:18.603 [SpringApplicationShutdownHook] INFO  c.a.nacos.common.remote.client.grpc.GrpcClient - Shutdown grpc executor java.util.concurrent.ThreadPoolExecutor@22a3891e[Running, pool size = 4, active threads = 0, queued tasks = 0, completed tasks = 2534]
2024-11-18 20:22:18.603 [SpringApplicationShutdownHook] INFO  com.alibaba.nacos.client.naming - Shutdown grpc redo service executor java.util.concurrent.ScheduledThreadPoolExecutor@17a82795[Running, pool size = 1, active threads = 0, queued tasks = 1, completed tasks = 4178]
2024-11-18 20:22:18.604 [SpringApplicationShutdownHook] INFO  c.a.n.client.auth.ram.identify.CredentialWatcher - [null] CredentialWatcher is stopped
2024-11-18 20:22:18.604 [SpringApplicationShutdownHook] INFO  c.a.n.client.auth.ram.identify.CredentialService - [null] CredentialService is freed
2024-11-18 20:22:18.604 [SpringApplicationShutdownHook] INFO  com.alibaba.nacos.client.naming - com.alibaba.nacos.client.naming.remote.NamingClientProxyDelegate do shutdown stop
