2024-11-24 15:16:00.103 [main] WARN  com.alibaba.nacos.client.logging.NacosLogging - Load Logback Configuration of Nacos fail, message: Could not initialize Logback Nacos logging from classpath:nacos-logback.xml
2024-11-24 15:16:00.163 [main] WARN  com.alibaba.nacos.client.logging.NacosLogging - Load Logback Configuration of Nacos fail, message: Could not initialize Logback Nacos logging from classpath:nacos-logback.xml
2024-11-24 15:16:00.947 [main] WARN  com.alibaba.nacos.client.logging.NacosLogging - Load Logback Configuration of Nacos fail, message: Could not initialize Logback Nacos logging from classpath:nacos-logback.xml
2024-11-24 15:16:00.957 [main] WARN  com.alibaba.nacos.client.logging.NacosLogging - Load Logback Configuration of Nacos fail, message: Could not initialize Logback Nacos logging from classpath:nacos-logback.xml
2024-11-24 15:16:00.958 [main] INFO  c.a.x.d.i.g.b.XiaohashuDistributedIdGeneratorBizApplication - The following 1 profile is active: "dev"
2024-11-24 15:16:01.396 [main] INFO  o.springframework.cloud.context.scope.GenericScope - BeanFactory id=e88484a1-c242-3909-ad4a-4a98a0193c69
2024-11-24 15:16:01.662 [main] INFO  o.s.boot.web.embedded.tomcat.TomcatWebServer - Tomcat initialized with port(s): 8085 (http)
2024-11-24 15:16:01.670 [main] INFO  org.apache.catalina.core.StandardService - Starting service [Tomcat]
2024-11-24 15:16:01.670 [main] INFO  org.apache.catalina.core.StandardEngine - Starting Servlet engine: [Apache Tomcat/10.1.5]
2024-11-24 15:16:01.766 [main] INFO  o.a.c.core.ContainerBase.[Tomcat].[localhost].[/] - Initializing Spring embedded WebApplicationContext
2024-11-24 15:16:01.766 [main] INFO  o.s.b.w.s.c.ServletWebServerApplicationContext - Root WebApplicationContext: initialization completed in 796 ms
2024-11-24 15:16:01.919 [main] INFO  c.a.x.d.i.g.biz.core.segment.SegmentIDGenImpl - Init ...
2024-11-24 15:16:01.919 [main] INFO  c.a.x.d.i.g.biz.core.segment.SegmentIDGenImpl - update cache from db
2024-11-24 15:16:02.343 [main] INFO  c.a.x.d.i.g.biz.core.segment.SegmentIDGenImpl - Add tag leaf-segment-user-id from db to IdCache, SegmentBuffer SegmentBuffer{key='leaf-segment-user-id', segments=[Segment(value:0,max:0,step:0), Segment(value:0,max:0,step:0)], currentPos=0, nextReady=false, initOk=false, threadRunning=false, step=0, minStep=0, updateTimestamp=0}
2024-11-24 15:16:02.344 [main] INFO  c.a.x.d.i.g.biz.core.segment.SegmentIDGenImpl - Add tag leaf-segment-xiaohashu-id from db to IdCache, SegmentBuffer SegmentBuffer{key='leaf-segment-xiaohashu-id', segments=[Segment(value:0,max:0,step:0), Segment(value:0,max:0,step:0)], currentPos=0, nextReady=false, initOk=false, threadRunning=false, step=0, minStep=0, updateTimestamp=0}
2024-11-24 15:16:02.344 [main] INFO  org.perf4j.TimingLogger - start[1732432561920] time[423] tag[updateCacheFromDb]
2024-11-24 15:16:02.345 [main] INFO  c.a.x.d.id.generator.biz.service.SegmentService - Segment Service Init Successfully
2024-11-24 15:16:02.375 [main] INFO  c.a.x.d.i.g.biz.core.snowflake.SnowflakeIDGenImpl - twepoch:1288834974657 ,ip:192.168.117.1 ,zkAddress:192.168.117.200:2181 port:2222
2024-11-24 15:16:02.436 [main] WARN  org.apache.curator.CuratorZookeeperClient - session timeout [6000] is less than connection timeout [10000]
2024-11-24 15:16:02.450 [main] INFO  o.a.curator.framework.imps.CuratorFrameworkImpl - Starting
2024-11-24 15:16:02.455 [main] INFO  org.apache.zookeeper.ZooKeeper - Client environment:zookeeper.version=3.6.0--b4c89dc7f6083829e18fae6e446907ae0b1f22d7, built on 02/25/2020 14:38 GMT
2024-11-24 15:16:02.455 [main] INFO  org.apache.zookeeper.ZooKeeper - Client environment:host.name=DESKTOP-A5EBBKG
2024-11-24 15:16:02.455 [main] INFO  org.apache.zookeeper.ZooKeeper - Client environment:java.version=17.0.2
2024-11-24 15:16:02.455 [main] INFO  org.apache.zookeeper.ZooKeeper - Client environment:java.vendor=Oracle Corporation
2024-11-24 15:16:02.455 [main] INFO  org.apache.zookeeper.ZooKeeper - Client environment:java.home=E:\develop\Java\jdk-17.0.2
2024-11-24 15:16:02.455 [main] INFO  org.apache.zookeeper.ZooKeeper - Client environment:java.class.path=E:\java_workspace\project\xiaohashu\xiaohashu\xiaohashu-distributed-id-generator\target\classes;E:\java_workspace\project\xiaohashu\xiaohashu\xiaoha-framework\target\classes;E:\apache-maven-3.6.3\maven_library\org\projectlombok\lombok\1.18.30\lombok-1.18.30.jar;E:\apache-maven-3.6.3\maven_library\com\fasterxml\jackson\core\jackson-databind\2.16.1\jackson-databind-2.16.1.jar;E:\apache-maven-3.6.3\maven_library\com\fasterxml\jackson\core\jackson-annotations\2.14.1\jackson-annotations-2.14.1.jar;E:\apache-maven-3.6.3\maven_library\com\fasterxml\jackson\core\jackson-core\2.16.1\jackson-core-2.16.1.jar;E:\apache-maven-3.6.3\maven_library\com\fasterxml\jackson\datatype\jackson-datatype-jsr310\2.14.1\jackson-datatype-jsr310-2.14.1.jar;E:\apache-maven-3.6.3\maven_library\org\springframework\boot\spring-boot-starter-aop\3.0.2\spring-boot-starter-aop-3.0.2.jar;E:\apache-maven-3.6.3\maven_library\org\springframework\spring-aop\6.0.4\spring-aop-6.0.4.jar;E:\apache-maven-3.6.3\maven_library\org\aspectj\aspectjweaver\1.9.19\aspectjweaver-1.9.19.jar;E:\apache-maven-3.6.3\maven_library\jakarta\validation\jakarta.validation-api\3.0.2\jakarta.validation-api-3.0.2.jar;E:\apache-maven-3.6.3\maven_library\org\hibernate\validator\hibernate-validator\8.0.0.Final\hibernate-validator-8.0.0.Final.jar;E:\apache-maven-3.6.3\maven_library\org\jboss\logging\jboss-logging\3.5.0.Final\jboss-logging-3.5.0.Final.jar;E:\apache-maven-3.6.3\maven_library\com\fasterxml\classmate\1.5.1\classmate-1.5.1.jar;E:\apache-maven-3.6.3\maven_library\com\google\guava\guava\33.0.0-jre\guava-33.0.0-jre.jar;E:\apache-maven-3.6.3\maven_library\com\google\guava\failureaccess\1.0.2\failureaccess-1.0.2.jar;E:\apache-maven-3.6.3\maven_library\com\google\guava\listenablefuture\9999.0-empty-to-avoid-conflict-with-guava\listenablefuture-9999.0-empty-to-avoid-conflict-with-guava.jar;E:\apache-maven-3.6.3\maven_library\com\google\code\findbugs\jsr305\3.0.2\jsr305-3.0.2.jar;E:\apache-maven-3.6.3\maven_library\org\checkerframework\checker-qual\3.41.0\checker-qual-3.41.0.jar;E:\apache-maven-3.6.3\maven_library\com\google\errorprone\error_prone_annotations\2.23.0\error_prone_annotations-2.23.0.jar;E:\apache-maven-3.6.3\maven_library\com\google\j2objc\j2objc-annotations\2.8\j2objc-annotations-2.8.jar;E:\apache-maven-3.6.3\maven_library\cn\hutool\hutool-all\5.8.26\hutool-all-5.8.26.jar;E:\apache-maven-3.6.3\maven_library\org\apache\commons\commons-lang3\3.12.0\commons-lang3-3.12.0.jar;E:\apache-maven-3.6.3\maven_library\org\springframework\boot\spring-boot-starter-web\3.0.2\spring-boot-starter-web-3.0.2.jar;E:\apache-maven-3.6.3\maven_library\org\springframework\boot\spring-boot-starter\3.0.2\spring-boot-starter-3.0.2.jar;E:\apache-maven-3.6.3\maven_library\org\springframework\boot\spring-boot\3.0.2\spring-boot-3.0.2.jar;E:\apache-maven-3.6.3\maven_library\org\springframework\boot\spring-boot-autoconfigure\3.0.2\spring-boot-autoconfigure-3.0.2.jar;E:\apache-maven-3.6.3\maven_library\org\springframework\boot\spring-boot-starter-logging\3.0.2\spring-boot-starter-logging-3.0.2.jar;E:\apache-maven-3.6.3\maven_library\ch\qos\logback\logback-classic\1.4.5\logback-classic-1.4.5.jar;E:\apache-maven-3.6.3\maven_library\ch\qos\logback\logback-core\1.4.5\logback-core-1.4.5.jar;E:\apache-maven-3.6.3\maven_library\org\apache\logging\log4j\log4j-to-slf4j\2.19.0\log4j-to-slf4j-2.19.0.jar;E:\apache-maven-3.6.3\maven_library\org\apache\logging\log4j\log4j-api\2.19.0\log4j-api-2.19.0.jar;E:\apache-maven-3.6.3\maven_library\org\slf4j\jul-to-slf4j\2.0.6\jul-to-slf4j-2.0.6.jar;E:\apache-maven-3.6.3\maven_library\jakarta\annotation\jakarta.annotation-api\2.1.1\jakarta.annotation-api-2.1.1.jar;E:\apache-maven-3.6.3\maven_library\org\springframework\spring-core\6.0.4\spring-core-6.0.4.jar;E:\apache-maven-3.6.3\maven_library\org\springframework\spring-jcl\6.0.4\spring-jcl-6.0.4.jar;E:\apache-maven-3.6.3\maven_library\org\yaml\snakeyaml\1.33\snakeyaml-1.33.jar;E:\apache-maven-3.6.3\maven_library\org\springframework\boot\spring-boot-starter-json\3.0.2\spring-boot-starter-json-3.0.2.jar;E:\apache-maven-3.6.3\maven_library\com\fasterxml\jackson\datatype\jackson-datatype-jdk8\2.14.1\jackson-datatype-jdk8-2.14.1.jar;E:\apache-maven-3.6.3\maven_library\com\fasterxml\jackson\module\jackson-module-parameter-names\2.14.1\jackson-module-parameter-names-2.14.1.jar;E:\apache-maven-3.6.3\maven_library\org\springframework\boot\spring-boot-starter-tomcat\3.0.2\spring-boot-starter-tomcat-3.0.2.jar;E:\apache-maven-3.6.3\maven_library\org\apache\tomcat\embed\tomcat-embed-core\10.1.5\tomcat-embed-core-10.1.5.jar;E:\apache-maven-3.6.3\maven_library\org\apache\tomcat\embed\tomcat-embed-el\10.1.5\tomcat-embed-el-10.1.5.jar;E:\apache-maven-3.6.3\maven_library\org\apache\tomcat\embed\tomcat-embed-websocket\10.1.5\tomcat-embed-websocket-10.1.5.jar;E:\apache-maven-3.6.3\maven_library\org\springframework\spring-web\6.0.4\spring-web-6.0.4.jar;E:\apache-maven-3.6.3\maven_library\org\springframework\spring-beans\6.0.4\spring-beans-6.0.4.jar;E:\apache-maven-3.6.3\maven_library\io\micrometer\micrometer-observation\1.10.3\micrometer-observation-1.10.3.jar;E:\apache-maven-3.6.3\maven_library\io\micrometer\micrometer-commons\1.10.3\micrometer-commons-1.10.3.jar;E:\apache-maven-3.6.3\maven_library\org\springframework\spring-webmvc\6.0.4\spring-webmvc-6.0.4.jar;E:\apache-maven-3.6.3\maven_library\org\springframework\spring-context\6.0.4\spring-context-6.0.4.jar;E:\apache-maven-3.6.3\maven_library\org\springframework\spring-expression\6.0.4\spring-expression-6.0.4.jar;E:\apache-maven-3.6.3\maven_library\org\springframework\cloud\spring-cloud-starter-bootstrap\4.0.0\spring-cloud-starter-bootstrap-4.0.0.jar;E:\apache-maven-3.6.3\maven_library\org\springframework\cloud\spring-cloud-starter\4.0.0\spring-cloud-starter-4.0.0.jar;E:\apache-maven-3.6.3\maven_library\org\springframework\security\spring-security-rsa\1.0.11.RELEASE\spring-security-rsa-1.0.11.RELEASE.jar;E:\apache-maven-3.6.3\maven_library\org\bouncycastle\bcpkix-jdk15on\1.69\bcpkix-jdk15on-1.69.jar;E:\apache-maven-3.6.3\maven_library\org\bouncycastle\bcprov-jdk15on\1.69\bcprov-jdk15on-1.69.jar;E:\apache-maven-3.6.3\maven_library\org\bouncycastle\bcutil-jdk15on\1.69\bcutil-jdk15on-1.69.jar;E:\apache-maven-3.6.3\maven_library\com\alibaba\cloud\spring-cloud-starter-alibaba-nacos-discovery\2022.0.0.0\spring-cloud-starter-alibaba-nacos-discovery-2022.0.0.0.jar;E:\apache-maven-3.6.3\maven_library\com\alibaba\cloud\spring-cloud-alibaba-commons\2022.0.0.0\spring-cloud-alibaba-commons-2022.0.0.0.jar;E:\apache-maven-3.6.3\maven_library\com\alibaba\nacos\nacos-client\2.2.1\nacos-client-2.2.1.jar;E:\apache-maven-3.6.3\maven_library\com\alibaba\nacos\nacos-auth-plugin\2.2.1\nacos-auth-plugin-2.2.1.jar;E:\apache-maven-3.6.3\maven_library\com\alibaba\nacos\nacos-encryption-plugin\2.2.1\nacos-encryption-plugin-2.2.1.jar;E:\apache-maven-3.6.3\maven_library\commons-codec\commons-codec\1.15\commons-codec-1.15.jar;E:\apache-maven-3.6.3\maven_library\org\apache\httpcomponents\httpasyncclient\4.1.5\httpasyncclient-4.1.5.jar;E:\apache-maven-3.6.3\maven_library\org\apache\httpcomponents\httpcore\4.4.16\httpcore-4.4.16.jar;E:\apache-maven-3.6.3\maven_library\org\apache\httpcomponents\httpcore-nio\4.4.16\httpcore-nio-4.4.16.jar;E:\apache-maven-3.6.3\maven_library\org\apache\httpcomponents\httpclient\4.5.14\httpclient-4.5.14.jar;E:\apache-maven-3.6.3\maven_library\io\prometheus\simpleclient\0.16.0\simpleclient-0.16.0.jar;E:\apache-maven-3.6.3\maven_library\io\prometheus\simpleclient_tracer_otel\0.16.0\simpleclient_tracer_otel-0.16.0.jar;E:\apache-maven-3.6.3\maven_library\io\prometheus\simpleclient_tracer_common\0.16.0\simpleclient_tracer_common-0.16.0.jar;E:\apache-maven-3.6.3\maven_library\io\prometheus\simpleclient_tracer_otel_agent\0.16.0\simpleclient_tracer_otel_agent-0.16.0.jar;E:\apache-maven-3.6.3\maven_library\com\alibaba\spring\spring-context-support\1.0.11\spring-context-support-1.0.11.jar;E:\apache-maven-3.6.3\maven_library\org\springframework\cloud\spring-cloud-commons\4.0.0\spring-cloud-commons-4.0.0.jar;E:\apache-maven-3.6.3\maven_library\org\springframework\security\spring-security-crypto\6.0.1\spring-security-crypto-6.0.1.jar;E:\apache-maven-3.6.3\maven_library\org\springframework\cloud\spring-cloud-context\4.0.0\spring-cloud-context-4.0.0.jar;E:\apache-maven-3.6.3\maven_library\commons-io\commons-io\2.4\commons-io-2.4.jar;E:\apache-maven-3.6.3\maven_library\org\perf4j\perf4j\0.9.16\perf4j-0.9.16.jar;E:\apache-maven-3.6.3\maven_library\mysql\mysql-connector-java\8.0.29\mysql-connector-java-8.0.29.jar;E:\apache-maven-3.6.3\maven_library\com\google\protobuf\protobuf-java\3.19.4\protobuf-java-3.19.4.jar;E:\apache-maven-3.6.3\maven_library\com\alibaba\druid\1.0.18\druid-1.0.18.jar;E:\apache-maven-3.6.3\maven_library\org\mybatis\mybatis\3.3.0\mybatis-3.3.0.jar;E:\apache-maven-3.6.3\maven_library\org\apache\curator\curator-recipes\2.6.0\curator-recipes-2.6.0.jar;E:\apache-maven-3.6.3\maven_library\org\apache\curator\curator-framework\5.1.0\curator-framework-5.1.0.jar;E:\apache-maven-3.6.3\maven_library\org\apache\curator\curator-client\5.1.0\curator-client-5.1.0.jar;E:\apache-maven-3.6.3\maven_library\org\apache\zookeeper\zookeeper\3.6.0\zookeeper-3.6.0.jar;E:\apache-maven-3.6.3\maven_library\commons-lang\commons-lang\2.6\commons-lang-2.6.jar;E:\apache-maven-3.6.3\maven_library\org\apache\zookeeper\zookeeper-jute\3.6.0\zookeeper-jute-3.6.0.jar;E:\apache-maven-3.6.3\maven_library\org\apache\yetus\audience-annotations\0.5.0\audience-annotations-0.5.0.jar;E:\apache-maven-3.6.3\maven_library\io\netty\netty-handler\4.1.87.Final\netty-handler-4.1.87.Final.jar;E:\apache-maven-3.6.3\maven_library\io\netty\netty-common\4.1.87.Final\netty-common-4.1.87.Final.jar;E:\apache-maven-3.6.3\maven_library\io\netty\netty-resolver\4.1.87.Final\netty-resolver-4.1.87.Final.jar;E:\apache-maven-3.6.3\maven_library\io\netty\netty-buffer\4.1.87.Final\netty-buffer-4.1.87.Final.jar;E:\apache-maven-3.6.3\maven_library\io\netty\netty-transport\4.1.87.Final\netty-transport-4.1.87.Final.jar;E:\apache-maven-3.6.3\maven_library\io\netty\netty-transport-native-unix-common\4.1.87.Final\netty-transport-native-unix-common-4.1.87.Final.jar;E:\apache-maven-3.6.3\maven_library\io\netty\netty-codec\4.1.87.Final\netty-codec-4.1.87.Final.jar;E:\apache-maven-3.6.3\maven_library\io\netty\netty-transport-native-epoll\4.1.87.Final\netty-transport-native-epoll-4.1.87.Final.jar;E:\apache-maven-3.6.3\maven_library\io\netty\netty-transport-classes-epoll\4.1.87.Final\netty-transport-classes-epoll-4.1.87.Final.jar;E:\apache-maven-3.6.3\maven_library\org\slf4j\slf4j-api\2.0.6\slf4j-api-2.0.6.jar;E:\apache-maven-3.6.3\maven_library\org\slf4j\slf4j-reload4j\2.0.6\slf4j-reload4j-2.0.6.jar;E:\apache-maven-3.6.3\maven_library\log4j\log4j\1.2.17\log4j-1.2.17.jar
2024-11-24 15:16:02.455 [main] INFO  org.apache.zookeeper.ZooKeeper - Client environment:java.library.path=E:\develop\Java\jdk-17.0.2\bin;C:\WINDOWS\Sun\Java\bin;C:\WINDOWS\system32;C:\WINDOWS;E:\develop\Java\jdk1.8.0_251\bin;C:\Program Files\Common Files\Oracle\Java\javapath;C:\Program Files (x86)\Common Files\Oracle\Java\javapath;E:\CRT\;E:\vmware\bin\;C:\Windows\system32;C:\Windows;C:\Windows\System32\Wbem;C:\Windows\System32\WindowsPowerShell\v1.0\;C:\Windows\System32\OpenSSH\;C:\Program Files (x86)\NVIDIA Corporation\PhysX\Common;C:\Program Files\NVIDIA Corporation\NVIDIA NvDLISR;C:\Program Files\MySQL\MySQL Server 8.0\bin;C:\Program Files\Google\Chrome\Application;D:\xshell\;D:\xshell\xftp\;C:\WINDOWS\system32;C:\WINDOWS;C:\WINDOWS\System32\Wbem;C:\WINDOWS\System32\WindowsPowerShell\v1.0\;C:\WINDOWS\System32\OpenSSH\;E:\apache-maven-3.6.3\bin;E:\tools\nvm;E:\tools\nodejs;D:\微信web开发者工具\dll;E:\sql;erver\Microsoft SQL Server\120\DTS\Binn\;E:\sqlServer\Microsoft SQL Server\Client SDK\ODBC\110\Tools\Binn\;E:\sqlServer\sqlServer(86)\Microsoft SQL Server\120\Tools\Binn\;E:\sqlServer\Microsoft SQL Server\120\Tools\Binn\;E:\sqlServer\sqlServer(86)\Microsoft SQL Server\120\Tools\Binn\ManagementStudio\;E:\sqlServer\sqlServer(86)\Microsoft SQL Server\120\DTS\Binn\;E:\apache-maven-3.6.3\bin;E:\Git\cmd;%NPM_HOME%;C:\Program Files\Docker\Docker\resources\bin;E:\tools\nodejs;E:\python3.10.2\Scripts\;E:\python3.10.2\;C:\Users\xu\AppData\Local\Microsoft\WindowsApps;E:\pycharm\PyCharm Community Edition 2021.2.3\bin;;G:\Microsoft VS Code\bin;%IntelliJ IDEA Community Edition%;%IntelliJ IDEA%;E:\tools\nvm;E:\tools\nodejs;C:\Users\xu\AppData\Local\GitHubDesktop\bin;;.
2024-11-24 15:16:02.455 [main] INFO  org.apache.zookeeper.ZooKeeper - Client environment:java.io.tmpdir=C:\Users\xu\AppData\Local\Temp\
2024-11-24 15:16:02.455 [main] INFO  org.apache.zookeeper.ZooKeeper - Client environment:java.compiler=<NA>
2024-11-24 15:16:02.455 [main] INFO  org.apache.zookeeper.ZooKeeper - Client environment:os.name=Windows 11
2024-11-24 15:16:02.455 [main] INFO  org.apache.zookeeper.ZooKeeper - Client environment:os.arch=amd64
2024-11-24 15:16:02.455 [main] INFO  org.apache.zookeeper.ZooKeeper - Client environment:os.version=10.0
2024-11-24 15:16:02.455 [main] INFO  org.apache.zookeeper.ZooKeeper - Client environment:user.name=xu
2024-11-24 15:16:02.455 [main] INFO  org.apache.zookeeper.ZooKeeper - Client environment:user.home=C:\Users\xu
2024-11-24 15:16:02.455 [main] INFO  org.apache.zookeeper.ZooKeeper - Client environment:user.dir=E:\java_workspace\project\xiaohashu\xiaohashu
2024-11-24 15:16:02.455 [main] INFO  org.apache.zookeeper.ZooKeeper - Client environment:os.memory.free=60MB
2024-11-24 15:16:02.455 [main] INFO  org.apache.zookeeper.ZooKeeper - Client environment:os.memory.max=4074MB
2024-11-24 15:16:02.455 [main] INFO  org.apache.zookeeper.ZooKeeper - Client environment:os.memory.total=88MB
2024-11-24 15:16:02.458 [main] INFO  org.apache.zookeeper.ZooKeeper - Initiating client connection, connectString=192.168.117.200:2181 sessionTimeout=6000 watcher=org.apache.curator.ConnectionState@60bf494c
2024-11-24 15:16:02.462 [main] INFO  org.apache.zookeeper.common.X509Util - Setting -D jdk.tls.rejectClientInitiatedRenegotiation=true to disable client-initiated TLS renegotiation
2024-11-24 15:16:02.474 [main] INFO  org.apache.zookeeper.ClientCnxnSocket - jute.maxbuffer value is 1048575 Bytes
2024-11-24 15:16:02.479 [main] INFO  org.apache.zookeeper.ClientCnxn - zookeeper.request.timeout value is 0. feature enabled=false
2024-11-24 15:16:02.486 [main] INFO  o.a.curator.framework.imps.CuratorFrameworkImpl - Default schema
2024-11-24 15:16:05.176 [main-SendThread(192.168.117.200:2181)] INFO  org.apache.zookeeper.ClientCnxn - Opening socket connection to server 192.168.117.200/192.168.117.200:2181.
2024-11-24 15:16:05.176 [main-SendThread(192.168.117.200:2181)] INFO  org.apache.zookeeper.ClientCnxn - SASL config status: Will not attempt to authenticate using SASL (unknown error)
2024-11-24 15:16:05.178 [main-SendThread(192.168.117.200:2181)] INFO  org.apache.zookeeper.ClientCnxn - Socket connection established, initiating session, client: /192.168.117.1:55022, server: 192.168.117.200/192.168.117.200:2181
2024-11-24 15:16:07.356 [main-SendThread(192.168.117.200:2181)] INFO  org.apache.zookeeper.ClientCnxn - Session establishment complete on server 192.168.117.200/192.168.117.200:2181, session id = 0x100000095c80000, negotiated timeout = 6000
2024-11-24 15:16:07.360 [main-EventThread] INFO  o.a.curator.framework.state.ConnectionStateManager - State change: CONNECTED
2024-11-24 15:16:09.246 [main-EventThread] INFO  org.apache.curator.framework.imps.EnsembleTracker - New config event received: {}
2024-11-24 15:16:10.062 [main-EventThread] INFO  org.apache.curator.framework.imps.EnsembleTracker - New config event received: {}
2024-11-24 15:16:11.154 [main] INFO  c.a.x.d.i.g.b.c.snowflake.SnowflakeZookeeperHolder - file exists status is true
2024-11-24 15:16:11.161 [main] INFO  c.a.x.d.i.g.b.c.snowflake.SnowflakeZookeeperHolder - update file cache workerID is 0
2024-11-24 15:16:11.161 [main] INFO  c.a.x.d.i.g.b.c.snowflake.SnowflakeZookeeperHolder - [Old NODE]find forever node have this endpoint ip-192.168.117.1 port-2222 workid-0 childnode and start SUCCESS
2024-11-24 15:16:11.162 [main] INFO  c.a.x.d.i.g.biz.core.snowflake.SnowflakeIDGenImpl - START SUCCESS USE ZK WORKERID-0
2024-11-24 15:16:11.162 [main] INFO  c.a.x.d.id.generator.biz.service.SnowflakeService - Snowflake Service Init Successfully
2024-11-24 15:16:12.603 [main] INFO  o.s.boot.web.embedded.tomcat.TomcatWebServer - Tomcat started on port(s): 8085 (http) with context path ''
2024-11-24 15:16:12.610 [main] WARN  com.alibaba.nacos.client.logging.NacosLogging - Load Logback Configuration of Nacos fail, message: Could not initialize Logback Nacos logging from classpath:nacos-logback.xml
2024-11-24 15:16:12.610 [main] INFO  com.alibaba.nacos.client.naming - initializer namespace from ans.namespace attribute : null
2024-11-24 15:16:12.611 [main] INFO  com.alibaba.nacos.client.naming - initializer namespace from ALIBABA_ALIWARE_NAMESPACE attribute :null
2024-11-24 15:16:12.611 [main] INFO  com.alibaba.nacos.client.naming - initializer namespace from namespace attribute :null
2024-11-24 15:16:12.635 [main] INFO  com.alibaba.nacos.client.utils.ParamUtil - [settings] [req-serv] nacos-server port:8848
2024-11-24 15:16:12.635 [main] INFO  com.alibaba.nacos.client.utils.ParamUtil - [settings] [http-client] connect timeout:1000
2024-11-24 15:16:12.636 [main] INFO  com.alibaba.nacos.client.utils.ParamUtil - PER_TASK_CONFIG_SIZE: 3000.0
2024-11-24 15:16:12.640 [main] INFO  c.a.n.p.auth.spi.client.ClientAuthPluginManager - [ClientAuthPluginManager] Load ClientAuthService com.alibaba.nacos.client.auth.impl.NacosClientAuthServiceImpl success.
2024-11-24 15:16:12.640 [main] INFO  c.a.n.p.auth.spi.client.ClientAuthPluginManager - [ClientAuthPluginManager] Load ClientAuthService com.alibaba.nacos.client.auth.ram.RamClientAuthServiceImpl success.
2024-11-24 15:16:12.642 [main] INFO  c.a.n.client.auth.ram.identify.CredentialWatcher - null No credential found
2024-11-24 15:16:12.650 [main] INFO  com.alibaba.nacos.common.remote.client - [RpcClientFactory] create a new rpc client of 9d088d18-518c-43a5-8221-2983de3e96e7
2024-11-24 15:16:12.671 [main] INFO  com.alibaba.nacos.common.remote.client - [9d088d18-518c-43a5-8221-2983de3e96e7] RpcClient init, ServerListFactory = com.alibaba.nacos.client.naming.core.ServerListManager
2024-11-24 15:16:12.672 [main] INFO  com.alibaba.nacos.common.remote.client - [9d088d18-518c-43a5-8221-2983de3e96e7] Registry connection listener to current client:com.alibaba.nacos.client.naming.remote.gprc.redo.NamingGrpcRedoService
2024-11-24 15:16:12.672 [main] INFO  com.alibaba.nacos.common.remote.client - [9d088d18-518c-43a5-8221-2983de3e96e7] Register server push request handler:com.alibaba.nacos.client.naming.remote.gprc.NamingPushRequestHandler
2024-11-24 15:16:12.674 [main] INFO  com.alibaba.nacos.common.remote.client - [9d088d18-518c-43a5-8221-2983de3e96e7] Try to connect to server on start up, server: {serverIp = '192.168.117.200', server main port = 8848}
2024-11-24 15:16:12.678 [main] INFO  c.a.nacos.common.remote.client.grpc.GrpcClient - grpc client connection server:192.168.117.200 ip,serverPort:9848,grpcTslConfig:{"sslProvider":"OPENSSL","enableTls":false,"mutualAuthEnable":false,"trustAll":false}
2024-11-24 15:16:14.028 [main] INFO  com.alibaba.nacos.common.remote.client - [9d088d18-518c-43a5-8221-2983de3e96e7] Success to connect to server [192.168.117.200:8848] on start up, connectionId = 1732432574566_192.168.117.1_55028
2024-11-24 15:16:14.028 [com.alibaba.nacos.client.remote.worker] INFO  com.alibaba.nacos.common.remote.client - [9d088d18-518c-43a5-8221-2983de3e96e7] Notify connected event to listeners.
2024-11-24 15:16:14.028 [com.alibaba.nacos.client.remote.worker] INFO  com.alibaba.nacos.client.naming - Grpc connection connect
2024-11-24 15:16:14.028 [main] INFO  com.alibaba.nacos.common.remote.client - [9d088d18-518c-43a5-8221-2983de3e96e7] Register server push request handler:com.alibaba.nacos.common.remote.client.RpcClient$ConnectResetRequestHandler
2024-11-24 15:16:14.029 [main] INFO  com.alibaba.nacos.common.remote.client - [9d088d18-518c-43a5-8221-2983de3e96e7] Register server push request handler:com.alibaba.nacos.common.remote.client.RpcClient$$Lambda$963/0x0000000801339b10
2024-11-24 15:16:14.030 [main] INFO  com.alibaba.nacos.client.naming - [REGISTER-SERVICE] xiaohashu registering service xiaohashu-distributed-id-generator with instance Instance{instanceId='null', ip='192.168.117.1', port=8085, weight=1.0, healthy=true, enabled=true, ephemeral=true, clusterName='DEFAULT', serviceName='null', metadata={IPv6=null, preserved.register.source=SPRING_CLOUD}}
2024-11-24 15:16:14.194 [main] INFO  c.a.cloud.nacos.registry.NacosServiceRegistry - nacos registry, DEFAULT_GROUP xiaohashu-distributed-id-generator 192.168.117.1:8085 register finished
2024-11-24 15:16:14.596 [main] INFO  c.a.x.d.i.g.b.XiaohashuDistributedIdGeneratorBizApplication - Started XiaohashuDistributedIdGeneratorBizApplication in 15.485 seconds (process running for 16.485)
2024-11-24 15:17:02.346 [check-idCache-thread] INFO  c.a.x.d.i.g.biz.core.segment.SegmentIDGenImpl - update cache from db
2024-11-24 15:17:02.351 [check-idCache-thread] INFO  org.perf4j.TimingLogger - start[1732432622346] time[5] tag[updateCacheFromDb]
2024-11-24 15:18:02.355 [check-idCache-thread] INFO  c.a.x.d.i.g.biz.core.segment.SegmentIDGenImpl - update cache from db
2024-11-24 15:18:02.358 [check-idCache-thread] INFO  org.perf4j.TimingLogger - start[1732432682355] time[3] tag[updateCacheFromDb]
2024-11-24 15:19:02.365 [check-idCache-thread] INFO  c.a.x.d.i.g.biz.core.segment.SegmentIDGenImpl - update cache from db
2024-11-24 15:19:02.367 [check-idCache-thread] INFO  org.perf4j.TimingLogger - start[1732432742365] time[2] tag[updateCacheFromDb]
2024-11-24 15:20:02.376 [check-idCache-thread] INFO  c.a.x.d.i.g.biz.core.segment.SegmentIDGenImpl - update cache from db
2024-11-24 15:20:02.379 [check-idCache-thread] INFO  org.perf4j.TimingLogger - start[1732432802376] time[3] tag[updateCacheFromDb]
2024-11-24 15:21:02.389 [check-idCache-thread] INFO  c.a.x.d.i.g.biz.core.segment.SegmentIDGenImpl - update cache from db
2024-11-24 15:21:02.393 [check-idCache-thread] INFO  org.perf4j.TimingLogger - start[1732432862389] time[4] tag[updateCacheFromDb]
2024-11-24 15:22:02.398 [check-idCache-thread] INFO  c.a.x.d.i.g.biz.core.segment.SegmentIDGenImpl - update cache from db
2024-11-24 15:22:02.401 [check-idCache-thread] INFO  org.perf4j.TimingLogger - start[1732432922398] time[3] tag[updateCacheFromDb]
2024-11-24 15:23:02.416 [check-idCache-thread] INFO  c.a.x.d.i.g.biz.core.segment.SegmentIDGenImpl - update cache from db
2024-11-24 15:23:02.427 [check-idCache-thread] INFO  org.perf4j.TimingLogger - start[1732432982416] time[11] tag[updateCacheFromDb]
2024-11-24 15:24:02.443 [check-idCache-thread] INFO  c.a.x.d.i.g.biz.core.segment.SegmentIDGenImpl - update cache from db
2024-11-24 15:24:02.451 [check-idCache-thread] INFO  org.perf4j.TimingLogger - start[1732433042443] time[8] tag[updateCacheFromDb]
2024-11-24 15:25:02.454 [check-idCache-thread] INFO  c.a.x.d.i.g.biz.core.segment.SegmentIDGenImpl - update cache from db
2024-11-24 15:25:02.456 [check-idCache-thread] INFO  org.perf4j.TimingLogger - start[1732433102454] time[3] tag[updateCacheFromDb]
2024-11-24 15:26:02.459 [check-idCache-thread] INFO  c.a.x.d.i.g.biz.core.segment.SegmentIDGenImpl - update cache from db
2024-11-24 15:26:02.470 [check-idCache-thread] INFO  org.perf4j.TimingLogger - start[1732433162459] time[11] tag[updateCacheFromDb]
2024-11-24 15:27:02.479 [check-idCache-thread] INFO  c.a.x.d.i.g.biz.core.segment.SegmentIDGenImpl - update cache from db
2024-11-24 15:27:02.482 [check-idCache-thread] INFO  org.perf4j.TimingLogger - start[1732433222479] time[3] tag[updateCacheFromDb]
2024-11-24 15:28:02.486 [check-idCache-thread] INFO  c.a.x.d.i.g.biz.core.segment.SegmentIDGenImpl - update cache from db
2024-11-24 15:28:02.488 [check-idCache-thread] INFO  org.perf4j.TimingLogger - start[1732433282486] time[2] tag[updateCacheFromDb]
2024-11-24 15:29:02.492 [check-idCache-thread] INFO  c.a.x.d.i.g.biz.core.segment.SegmentIDGenImpl - update cache from db
2024-11-24 15:29:02.495 [check-idCache-thread] INFO  org.perf4j.TimingLogger - start[1732433342492] time[2] tag[updateCacheFromDb]
2024-11-24 15:30:02.507 [check-idCache-thread] INFO  c.a.x.d.i.g.biz.core.segment.SegmentIDGenImpl - update cache from db
2024-11-24 15:30:02.510 [check-idCache-thread] INFO  org.perf4j.TimingLogger - start[1732433402507] time[3] tag[updateCacheFromDb]
2024-11-24 15:31:02.526 [check-idCache-thread] INFO  c.a.x.d.i.g.biz.core.segment.SegmentIDGenImpl - update cache from db
2024-11-24 15:31:02.529 [check-idCache-thread] INFO  org.perf4j.TimingLogger - start[1732433462526] time[3] tag[updateCacheFromDb]
2024-11-24 15:32:02.536 [check-idCache-thread] INFO  c.a.x.d.i.g.biz.core.segment.SegmentIDGenImpl - update cache from db
2024-11-24 15:32:02.540 [check-idCache-thread] INFO  org.perf4j.TimingLogger - start[1732433522536] time[3] tag[updateCacheFromDb]
2024-11-24 15:33:02.547 [check-idCache-thread] INFO  c.a.x.d.i.g.biz.core.segment.SegmentIDGenImpl - update cache from db
2024-11-24 15:33:02.550 [check-idCache-thread] INFO  org.perf4j.TimingLogger - start[1732433582547] time[3] tag[updateCacheFromDb]
2024-11-24 15:34:02.554 [check-idCache-thread] INFO  c.a.x.d.i.g.biz.core.segment.SegmentIDGenImpl - update cache from db
2024-11-24 15:34:02.557 [check-idCache-thread] INFO  org.perf4j.TimingLogger - start[1732433642554] time[2] tag[updateCacheFromDb]
2024-11-24 15:35:02.570 [check-idCache-thread] INFO  c.a.x.d.i.g.biz.core.segment.SegmentIDGenImpl - update cache from db
2024-11-24 15:35:02.573 [check-idCache-thread] INFO  org.perf4j.TimingLogger - start[1732433702570] time[2] tag[updateCacheFromDb]
2024-11-24 15:36:02.587 [check-idCache-thread] INFO  c.a.x.d.i.g.biz.core.segment.SegmentIDGenImpl - update cache from db
2024-11-24 15:36:02.599 [check-idCache-thread] INFO  org.perf4j.TimingLogger - start[1732433762587] time[11] tag[updateCacheFromDb]
2024-11-24 15:37:02.601 [check-idCache-thread] INFO  c.a.x.d.i.g.biz.core.segment.SegmentIDGenImpl - update cache from db
2024-11-24 15:37:02.604 [check-idCache-thread] INFO  org.perf4j.TimingLogger - start[1732433822601] time[3] tag[updateCacheFromDb]
2024-11-24 15:38:02.607 [check-idCache-thread] INFO  c.a.x.d.i.g.biz.core.segment.SegmentIDGenImpl - update cache from db
2024-11-24 15:38:02.610 [check-idCache-thread] INFO  org.perf4j.TimingLogger - start[1732433882607] time[2] tag[updateCacheFromDb]
2024-11-24 15:39:02.626 [check-idCache-thread] INFO  c.a.x.d.i.g.biz.core.segment.SegmentIDGenImpl - update cache from db
2024-11-24 15:39:02.629 [check-idCache-thread] INFO  org.perf4j.TimingLogger - start[1732433942626] time[2] tag[updateCacheFromDb]
2024-11-24 15:40:02.637 [check-idCache-thread] INFO  c.a.x.d.i.g.biz.core.segment.SegmentIDGenImpl - update cache from db
2024-11-24 15:40:02.640 [check-idCache-thread] INFO  org.perf4j.TimingLogger - start[1732434002637] time[2] tag[updateCacheFromDb]
2024-11-24 15:41:02.645 [check-idCache-thread] INFO  c.a.x.d.i.g.biz.core.segment.SegmentIDGenImpl - update cache from db
2024-11-24 15:41:02.649 [check-idCache-thread] INFO  org.perf4j.TimingLogger - start[1732434062645] time[3] tag[updateCacheFromDb]
2024-11-24 15:42:02.659 [check-idCache-thread] INFO  c.a.x.d.i.g.biz.core.segment.SegmentIDGenImpl - update cache from db
2024-11-24 15:42:02.662 [check-idCache-thread] INFO  org.perf4j.TimingLogger - start[1732434122659] time[2] tag[updateCacheFromDb]
2024-11-24 15:43:02.668 [check-idCache-thread] INFO  c.a.x.d.i.g.biz.core.segment.SegmentIDGenImpl - update cache from db
2024-11-24 15:43:02.676 [check-idCache-thread] INFO  org.perf4j.TimingLogger - start[1732434182668] time[7] tag[updateCacheFromDb]
2024-11-24 15:44:02.689 [check-idCache-thread] INFO  c.a.x.d.i.g.biz.core.segment.SegmentIDGenImpl - update cache from db
2024-11-24 15:44:02.692 [check-idCache-thread] INFO  org.perf4j.TimingLogger - start[1732434242689] time[2] tag[updateCacheFromDb]
2024-11-24 15:45:02.707 [check-idCache-thread] INFO  c.a.x.d.i.g.biz.core.segment.SegmentIDGenImpl - update cache from db
2024-11-24 15:45:02.710 [check-idCache-thread] INFO  org.perf4j.TimingLogger - start[1732434302707] time[2] tag[updateCacheFromDb]
2024-11-24 15:46:02.717 [check-idCache-thread] INFO  c.a.x.d.i.g.biz.core.segment.SegmentIDGenImpl - update cache from db
2024-11-24 15:46:02.720 [check-idCache-thread] INFO  org.perf4j.TimingLogger - start[1732434362717] time[2] tag[updateCacheFromDb]
2024-11-24 15:47:02.730 [check-idCache-thread] INFO  c.a.x.d.i.g.biz.core.segment.SegmentIDGenImpl - update cache from db
2024-11-24 15:47:02.733 [check-idCache-thread] INFO  org.perf4j.TimingLogger - start[1732434422730] time[3] tag[updateCacheFromDb]
2024-11-24 15:48:02.738 [check-idCache-thread] INFO  c.a.x.d.i.g.biz.core.segment.SegmentIDGenImpl - update cache from db
2024-11-24 15:48:02.740 [check-idCache-thread] INFO  org.perf4j.TimingLogger - start[1732434482738] time[2] tag[updateCacheFromDb]
2024-11-24 15:49:02.746 [check-idCache-thread] INFO  c.a.x.d.i.g.biz.core.segment.SegmentIDGenImpl - update cache from db
2024-11-24 15:49:02.748 [check-idCache-thread] INFO  org.perf4j.TimingLogger - start[1732434542746] time[2] tag[updateCacheFromDb]
2024-11-24 15:50:02.755 [check-idCache-thread] INFO  c.a.x.d.i.g.biz.core.segment.SegmentIDGenImpl - update cache from db
2024-11-24 15:50:02.757 [check-idCache-thread] INFO  org.perf4j.TimingLogger - start[1732434602755] time[2] tag[updateCacheFromDb]
2024-11-24 15:51:02.819 [check-idCache-thread] INFO  c.a.x.d.i.g.biz.core.segment.SegmentIDGenImpl - update cache from db
2024-11-24 15:51:02.888 [check-idCache-thread] INFO  org.perf4j.TimingLogger - start[1732434662820] time[67] tag[updateCacheFromDb]
2024-11-24 15:52:02.902 [check-idCache-thread] INFO  c.a.x.d.i.g.biz.core.segment.SegmentIDGenImpl - update cache from db
2024-11-24 15:52:02.905 [check-idCache-thread] INFO  org.perf4j.TimingLogger - start[1732434722902] time[3] tag[updateCacheFromDb]
2024-11-24 15:53:02.914 [check-idCache-thread] INFO  c.a.x.d.i.g.biz.core.segment.SegmentIDGenImpl - update cache from db
2024-11-24 15:53:02.925 [check-idCache-thread] INFO  org.perf4j.TimingLogger - start[1732434782914] time[10] tag[updateCacheFromDb]
2024-11-24 15:54:02.936 [check-idCache-thread] INFO  c.a.x.d.i.g.biz.core.segment.SegmentIDGenImpl - update cache from db
2024-11-24 15:54:02.939 [check-idCache-thread] INFO  org.perf4j.TimingLogger - start[1732434842936] time[2] tag[updateCacheFromDb]
2024-11-24 15:55:02.943 [check-idCache-thread] INFO  c.a.x.d.i.g.biz.core.segment.SegmentIDGenImpl - update cache from db
2024-11-24 15:55:02.946 [check-idCache-thread] INFO  org.perf4j.TimingLogger - start[1732434902943] time[4] tag[updateCacheFromDb]
2024-11-24 15:56:02.951 [check-idCache-thread] INFO  c.a.x.d.i.g.biz.core.segment.SegmentIDGenImpl - update cache from db
2024-11-24 15:56:02.962 [check-idCache-thread] INFO  org.perf4j.TimingLogger - start[1732434962951] time[10] tag[updateCacheFromDb]
2024-11-24 15:57:02.973 [check-idCache-thread] INFO  c.a.x.d.i.g.biz.core.segment.SegmentIDGenImpl - update cache from db
2024-11-24 15:57:02.975 [check-idCache-thread] INFO  org.perf4j.TimingLogger - start[1732435022973] time[2] tag[updateCacheFromDb]
2024-11-24 15:58:02.979 [check-idCache-thread] INFO  c.a.x.d.i.g.biz.core.segment.SegmentIDGenImpl - update cache from db
2024-11-24 15:58:02.983 [check-idCache-thread] INFO  org.perf4j.TimingLogger - start[1732435082979] time[3] tag[updateCacheFromDb]
2024-11-24 15:59:02.992 [check-idCache-thread] INFO  c.a.x.d.i.g.biz.core.segment.SegmentIDGenImpl - update cache from db
2024-11-24 15:59:02.995 [check-idCache-thread] INFO  org.perf4j.TimingLogger - start[1732435142992] time[2] tag[updateCacheFromDb]
2024-11-24 15:59:23.708 [Thread-11] WARN  c.alibaba.nacos.common.http.HttpClientBeanHolder - [HttpClientBeanHolder] Start destroying common HttpClient
2024-11-24 15:59:23.708 [Thread-8] WARN  com.alibaba.nacos.common.notify.NotifyCenter - [NotifyCenter] Start destroying Publisher
2024-11-24 15:59:23.708 [Thread-8] WARN  com.alibaba.nacos.common.notify.NotifyCenter - [NotifyCenter] Destruction of the end
2024-11-24 15:59:23.709 [Thread-11] WARN  c.alibaba.nacos.common.http.HttpClientBeanHolder - [HttpClientBeanHolder] Destruction of the end
2024-11-24 15:59:23.787 [SpringApplicationShutdownHook] INFO  c.a.cloud.nacos.registry.NacosServiceRegistry - De-registering from Nacos Server now...
2024-11-24 15:59:23.787 [SpringApplicationShutdownHook] INFO  com.alibaba.nacos.client.naming - [DEREGISTER-SERVICE] xiaohashu deregistering service xiaohashu-distributed-id-generator with instance: Instance{instanceId='null', ip='192.168.117.1', port=8085, weight=1.0, healthy=true, enabled=true, ephemeral=true, clusterName='DEFAULT', serviceName='null', metadata={}}
2024-11-24 15:59:23.790 [SpringApplicationShutdownHook] INFO  c.a.cloud.nacos.registry.NacosServiceRegistry - De-registration finished.
2024-11-24 15:59:23.791 [SpringApplicationShutdownHook] INFO  com.alibaba.nacos.client.naming - com.alibaba.nacos.client.naming.cache.ServiceInfoHolder do shutdown begin
2024-11-24 15:59:23.791 [SpringApplicationShutdownHook] INFO  com.alibaba.nacos.client.naming - com.alibaba.nacos.client.naming.backups.FailoverReactor do shutdown begin
2024-11-24 15:59:23.791 [SpringApplicationShutdownHook] INFO  com.alibaba.nacos.client.naming - com.alibaba.nacos.client.naming.backups.FailoverReactor do shutdown stop
2024-11-24 15:59:23.792 [SpringApplicationShutdownHook] INFO  com.alibaba.nacos.client.naming - com.alibaba.nacos.client.naming.cache.ServiceInfoHolder do shutdown stop
2024-11-24 15:59:23.792 [SpringApplicationShutdownHook] INFO  com.alibaba.nacos.client.naming - com.alibaba.nacos.client.naming.remote.NamingClientProxyDelegate do shutdown begin
2024-11-24 15:59:23.792 [SpringApplicationShutdownHook] INFO  com.alibaba.nacos.client.naming - com.alibaba.nacos.client.naming.core.ServiceInfoUpdateService do shutdown begin
2024-11-24 15:59:23.792 [SpringApplicationShutdownHook] INFO  com.alibaba.nacos.client.naming - com.alibaba.nacos.client.naming.core.ServiceInfoUpdateService do shutdown stop
2024-11-24 15:59:23.792 [SpringApplicationShutdownHook] INFO  com.alibaba.nacos.client.naming - com.alibaba.nacos.client.naming.core.ServerListManager do shutdown begin
2024-11-24 15:59:23.792 [SpringApplicationShutdownHook] WARN  com.alibaba.nacos.client.naming - [NamingHttpClientManager] Start destroying NacosRestTemplate
2024-11-24 15:59:23.792 [SpringApplicationShutdownHook] WARN  com.alibaba.nacos.client.naming - [NamingHttpClientManager] Destruction of the end
2024-11-24 15:59:23.792 [SpringApplicationShutdownHook] INFO  com.alibaba.nacos.client.naming - com.alibaba.nacos.client.naming.core.ServerListManager do shutdown stop
2024-11-24 15:59:23.793 [SpringApplicationShutdownHook] INFO  com.alibaba.nacos.client.naming - com.alibaba.nacos.client.naming.remote.http.NamingHttpClientProxy do shutdown begin
2024-11-24 15:59:23.793 [SpringApplicationShutdownHook] WARN  com.alibaba.nacos.client.naming - [NamingHttpClientManager] Start destroying NacosRestTemplate
2024-11-24 15:59:23.793 [SpringApplicationShutdownHook] WARN  com.alibaba.nacos.client.naming - [NamingHttpClientManager] Destruction of the end
2024-11-24 15:59:23.793 [SpringApplicationShutdownHook] INFO  com.alibaba.nacos.client.naming - com.alibaba.nacos.client.naming.remote.http.NamingHttpClientProxy do shutdown stop
2024-11-24 15:59:23.793 [SpringApplicationShutdownHook] INFO  com.alibaba.nacos.common.remote.client - Shutdown rpc client, set status to shutdown
2024-11-24 15:59:23.793 [SpringApplicationShutdownHook] INFO  com.alibaba.nacos.common.remote.client - Shutdown client event executor java.util.concurrent.ScheduledThreadPoolExecutor@68d6c3bb[Running, pool size = 2, active threads = 2, queued tasks = 0, completed tasks = 0]
2024-11-24 15:59:23.793 [SpringApplicationShutdownHook] INFO  com.alibaba.nacos.common.remote.client - Close current connection 1732432574566_192.168.117.1_55028
2024-11-24 15:59:23.798 [nacos-grpc-client-executor-192.168.117.200-564] WARN  c.a.nacos.common.remote.client.grpc.GrpcClient - [1732432574566_192.168.117.1_55028]Ignore error event,isRunning:false,isAbandon=false
2024-11-24 15:59:23.801 [SpringApplicationShutdownHook] INFO  c.a.nacos.common.remote.client.grpc.GrpcClient - Shutdown grpc executor java.util.concurrent.ThreadPoolExecutor@30943f4a[Running, pool size = 4, active threads = 0, queued tasks = 0, completed tasks = 565]
2024-11-24 15:59:23.801 [SpringApplicationShutdownHook] INFO  com.alibaba.nacos.client.naming - Shutdown grpc redo service executor java.util.concurrent.ScheduledThreadPoolExecutor@303f5cbc[Running, pool size = 1, active threads = 0, queued tasks = 1, completed tasks = 861]
2024-11-24 15:59:23.801 [SpringApplicationShutdownHook] INFO  c.a.n.client.auth.ram.identify.CredentialWatcher - [null] CredentialWatcher is stopped
2024-11-24 15:59:23.802 [SpringApplicationShutdownHook] INFO  c.a.n.client.auth.ram.identify.CredentialService - [null] CredentialService is freed
2024-11-24 15:59:23.802 [SpringApplicationShutdownHook] INFO  com.alibaba.nacos.client.naming - com.alibaba.nacos.client.naming.remote.NamingClientProxyDelegate do shutdown stop
