2024-11-21 20:25:05.364 [main] WARN  com.alibaba.nacos.client.logging.NacosLogging - Load Logback Configuration of Nacos fail, message: Could not initialize Logback Nacos logging from classpath:nacos-logback.xml
2024-11-21 20:25:05.430 [main] WARN  com.alibaba.nacos.client.logging.NacosLogging - Load Logback Configuration of Nacos fail, message: Could not initialize Logback Nacos logging from classpath:nacos-logback.xml
2024-11-21 20:25:05.630 [main] WARN  com.alibaba.nacos.client.logging.NacosLogging - Load Logback Configuration of Nacos fail, message: Could not initialize Logback Nacos logging from classpath:nacos-logback.xml
2024-11-21 20:25:05.632 [main] INFO  com.alibaba.nacos.client.utils.ParamUtil - [settings] [req-serv] nacos-server port:8848
2024-11-21 20:25:05.632 [main] INFO  com.alibaba.nacos.client.utils.ParamUtil - [settings] [http-client] connect timeout:1000
2024-11-21 20:25:05.633 [main] INFO  com.alibaba.nacos.client.utils.ParamUtil - PER_TASK_CONFIG_SIZE: 3000.0
2024-11-21 20:25:05.656 [main] INFO  c.a.n.p.auth.spi.client.ClientAuthPluginManager - [ClientAuthPluginManager] Load ClientAuthService com.alibaba.nacos.client.auth.impl.NacosClientAuthServiceImpl success.
2024-11-21 20:25:05.656 [main] INFO  c.a.n.p.auth.spi.client.ClientAuthPluginManager - [ClientAuthPluginManager] Load ClientAuthService com.alibaba.nacos.client.auth.ram.RamClientAuthServiceImpl success.
2024-11-21 20:25:05.658 [main] INFO  c.a.n.client.auth.ram.identify.CredentialWatcher - null No credential found
2024-11-21 20:25:06.112 [main] WARN  com.alibaba.nacos.client.logging.NacosLogging - Load Logback Configuration of Nacos fail, message: Could not initialize Logback Nacos logging from classpath:nacos-logback.xml
2024-11-21 20:25:06.122 [main] INFO  c.a.n.client.config.impl.LocalConfigInfoProcessor - LOCAL_SNAPSHOT_PATH:C:\Users\xu\nacos\config
2024-11-21 20:25:06.126 [main] INFO  com.alibaba.nacos.common.remote.client - [RpcClientFactory] create a new rpc client of 8a70dbaa-f701-4234-8e4c-3c6ce1bece20_config-0
2024-11-21 20:25:06.139 [main] INFO  com.alibaba.nacos.common.remote.client - [8a70dbaa-f701-4234-8e4c-3c6ce1bece20_config-0] Register server push request handler:com.alibaba.nacos.client.config.impl.ClientWorker$ConfigRpcTransportClient$$Lambda$587/0x0000000800f90658
2024-11-21 20:25:06.139 [main] INFO  com.alibaba.nacos.common.remote.client - [8a70dbaa-f701-4234-8e4c-3c6ce1bece20_config-0] Register server push request handler:com.alibaba.nacos.client.config.impl.ClientWorker$ConfigRpcTransportClient$$Lambda$588/0x0000000800f90a78
2024-11-21 20:25:06.140 [main] INFO  com.alibaba.nacos.common.remote.client - [8a70dbaa-f701-4234-8e4c-3c6ce1bece20_config-0] Registry connection listener to current client:com.alibaba.nacos.client.config.impl.ClientWorker$ConfigRpcTransportClient$1
2024-11-21 20:25:06.140 [main] INFO  com.alibaba.nacos.common.remote.client - [8a70dbaa-f701-4234-8e4c-3c6ce1bece20_config-0] RpcClient init, ServerListFactory = com.alibaba.nacos.client.config.impl.ClientWorker$ConfigRpcTransportClient$2
2024-11-21 20:25:06.152 [main] INFO  com.alibaba.nacos.common.remote.client - [8a70dbaa-f701-4234-8e4c-3c6ce1bece20_config-0] Try to connect to server on start up, server: {serverIp = '192.168.117.200', server main port = 8848}
2024-11-21 20:25:06.180 [main] INFO  c.a.nacos.common.remote.client.grpc.GrpcClient - grpc client connection server:192.168.117.200 ip,serverPort:9848,grpcTslConfig:{"sslProvider":"OPENSSL","enableTls":false,"mutualAuthEnable":false,"trustAll":false}
2024-11-21 20:25:07.528 [main] INFO  com.alibaba.nacos.common.remote.client - [8a70dbaa-f701-4234-8e4c-3c6ce1bece20_config-0] Success to connect to server [192.168.117.200:8848] on start up, connectionId = 1732191907380_192.168.117.1_60037
2024-11-21 20:25:07.528 [com.alibaba.nacos.client.remote.worker] INFO  com.alibaba.nacos.common.remote.client - [8a70dbaa-f701-4234-8e4c-3c6ce1bece20_config-0] Notify connected event to listeners.
2024-11-21 20:25:07.528 [com.alibaba.nacos.client.remote.worker] INFO  com.alibaba.nacos.client.config.impl.ClientWorker - [8a70dbaa-f701-4234-8e4c-3c6ce1bece20_config-0] Connected,notify listen context...
2024-11-21 20:25:07.528 [main] INFO  com.alibaba.nacos.common.remote.client - [8a70dbaa-f701-4234-8e4c-3c6ce1bece20_config-0] Register server push request handler:com.alibaba.nacos.common.remote.client.RpcClient$ConnectResetRequestHandler
2024-11-21 20:25:07.529 [main] INFO  com.alibaba.nacos.common.remote.client - [8a70dbaa-f701-4234-8e4c-3c6ce1bece20_config-0] Register server push request handler:com.alibaba.nacos.common.remote.client.RpcClient$$Lambda$608/0x00000008010d8440
2024-11-21 20:25:07.571 [main] INFO  com.alibaba.nacos.client.config.impl.Limiter - limitTime:5.0
2024-11-21 20:25:07.621 [main] WARN  c.a.cloud.nacos.client.NacosPropertySourceBuilder - Ignore the empty nacos configuration and get it based on dataId[xiaohashu-oss] & group[DEFAULT_GROUP]
2024-11-21 20:25:07.630 [main] WARN  c.a.cloud.nacos.client.NacosPropertySourceBuilder - Ignore the empty nacos configuration and get it based on dataId[xiaohashu-oss.yaml] & group[DEFAULT_GROUP]
2024-11-21 20:25:07.708 [main] INFO  com.alibaba.nacos.client.config.utils.JvmUtil - isMultiInstance:false
2024-11-21 20:25:07.722 [main] INFO  o.s.c.b.c.PropertySourceBootstrapConfiguration - Located property source: [BootstrapPropertySource {name='bootstrapProperties-xiaohashu-oss-dev.yaml,DEFAULT_GROUP'}, BootstrapPropertySource {name='bootstrapProperties-xiaohashu-oss.yaml,DEFAULT_GROUP'}, BootstrapPropertySource {name='bootstrapProperties-xiaohashu-oss,DEFAULT_GROUP'}]
2024-11-21 20:25:07.728 [main] WARN  com.alibaba.nacos.client.logging.NacosLogging - Load Logback Configuration of Nacos fail, message: Could not initialize Logback Nacos logging from classpath:nacos-logback.xml
2024-11-21 20:25:07.729 [main] INFO  c.a.xiaohashu.oss.biz.XiaohashuOssBizApplication - The following 1 profile is active: "dev"
2024-11-21 20:25:08.239 [main] INFO  o.springframework.cloud.context.scope.GenericScope - BeanFactory id=be16fc23-0d75-34e1-aa8d-bbb424b5a6b8
2024-11-21 20:25:08.471 [main] INFO  o.s.boot.web.embedded.tomcat.TomcatWebServer - Tomcat initialized with port(s): 8081 (http)
2024-11-21 20:25:08.480 [main] INFO  org.apache.catalina.core.StandardService - Starting service [Tomcat]
2024-11-21 20:25:08.480 [main] INFO  org.apache.catalina.core.StandardEngine - Starting Servlet engine: [Apache Tomcat/10.1.5]
2024-11-21 20:25:08.562 [main] INFO  o.a.c.core.ContainerBase.[Tomcat].[localhost].[/] - Initializing Spring embedded WebApplicationContext
2024-11-21 20:25:08.562 [main] INFO  o.s.b.w.s.c.ServletWebServerApplicationContext - Root WebApplicationContext: initialization completed in 820 ms
2024-11-21 20:25:08.627 [main] WARN  o.s.b.w.s.c.AnnotationConfigServletWebServerApplicationContext - Exception encountered during context initialization - cancelling refresh attempt: org.springframework.beans.factory.BeanCreationException: Error creating bean with name 'aliyunOSSClient' defined in class path resource [com/arnanzz/xiaohashu/oss/biz/config/AliyunConfig.class]: Failed to instantiate [com.aliyun.oss.OSS]: Factory method 'aliyunOSSClient' threw exception with message: Access key id should not be null or empty.
2024-11-21 20:25:08.628 [main] INFO  org.apache.catalina.core.StandardService - Stopping service [Tomcat]
2024-11-21 20:25:08.639 [main] INFO  o.s.b.a.logging.ConditionEvaluationReportLogger - 

Error starting ApplicationContext. To display the condition evaluation report re-run your application with 'debug' enabled.
2024-11-21 20:25:08.654 [main] ERROR org.springframework.boot.SpringApplication - Application run failed
org.springframework.beans.factory.BeanCreationException: Error creating bean with name 'aliyunOSSClient' defined in class path resource [com/arnanzz/xiaohashu/oss/biz/config/AliyunConfig.class]: Failed to instantiate [com.aliyun.oss.OSS]: Factory method 'aliyunOSSClient' threw exception with message: Access key id should not be null or empty.
	at org.springframework.beans.factory.support.ConstructorResolver.instantiate(ConstructorResolver.java:657)
	at org.springframework.beans.factory.support.ConstructorResolver.instantiateUsingFactoryMethod(ConstructorResolver.java:491)
	at org.springframework.beans.factory.support.AbstractAutowireCapableBeanFactory.instantiateUsingFactoryMethod(AbstractAutowireCapableBeanFactory.java:1324)
	at org.springframework.beans.factory.support.AbstractAutowireCapableBeanFactory.createBeanInstance(AbstractAutowireCapableBeanFactory.java:1161)
	at org.springframework.beans.factory.support.AbstractAutowireCapableBeanFactory.doCreateBean(AbstractAutowireCapableBeanFactory.java:561)
	at org.springframework.beans.factory.support.AbstractAutowireCapableBeanFactory.createBean(AbstractAutowireCapableBeanFactory.java:521)
	at org.springframework.beans.factory.support.AbstractBeanFactory.lambda$doGetBean$0(AbstractBeanFactory.java:326)
	at org.springframework.beans.factory.support.DefaultSingletonBeanRegistry.getSingleton(DefaultSingletonBeanRegistry.java:234)
	at org.springframework.beans.factory.support.AbstractBeanFactory.doGetBean(AbstractBeanFactory.java:324)
	at org.springframework.beans.factory.support.AbstractBeanFactory.getBean(AbstractBeanFactory.java:200)
	at org.springframework.beans.factory.support.DefaultListableBeanFactory.preInstantiateSingletons(DefaultListableBeanFactory.java:961)
	at org.springframework.context.support.AbstractApplicationContext.finishBeanFactoryInitialization(AbstractApplicationContext.java:915)
	at org.springframework.context.support.AbstractApplicationContext.refresh(AbstractApplicationContext.java:584)
	at org.springframework.boot.web.servlet.context.ServletWebServerApplicationContext.refresh(ServletWebServerApplicationContext.java:146)
	at org.springframework.boot.SpringApplication.refresh(SpringApplication.java:730)
	at org.springframework.boot.SpringApplication.refreshContext(SpringApplication.java:432)
	at org.springframework.boot.SpringApplication.run(SpringApplication.java:308)
	at org.springframework.boot.SpringApplication.run(SpringApplication.java:1302)
	at org.springframework.boot.SpringApplication.run(SpringApplication.java:1291)
	at com.arnanzz.xiaohashu.oss.biz.XiaohashuOssBizApplication.main(XiaohashuOssBizApplication.java:15)
Caused by: org.springframework.beans.BeanInstantiationException: Failed to instantiate [com.aliyun.oss.OSS]: Factory method 'aliyunOSSClient' threw exception with message: Access key id should not be null or empty.
	at org.springframework.beans.factory.support.SimpleInstantiationStrategy.instantiate(SimpleInstantiationStrategy.java:171)
	at org.springframework.beans.factory.support.ConstructorResolver.instantiate(ConstructorResolver.java:653)
	... 19 common frames omitted
Caused by: com.aliyun.oss.common.auth.InvalidCredentialsException: Access key id should not be null or empty.
	at com.aliyun.oss.common.auth.DefaultCredentialProvider.checkCredentials(DefaultCredentialProvider.java:63)
	at com.aliyun.oss.common.auth.DefaultCredentialProvider.<init>(DefaultCredentialProvider.java:38)
	at com.aliyun.oss.common.auth.DefaultCredentialProvider.<init>(DefaultCredentialProvider.java:34)
	at com.aliyun.oss.common.auth.CredentialsProviderFactory.newDefaultCredentialProvider(CredentialsProviderFactory.java:42)
	at com.arnanzz.xiaohashu.oss.biz.config.AliyunConfig.aliyunOSSClient(AliyunConfig.java:29)
	at com.arnanzz.xiaohashu.oss.biz.config.AliyunConfig$$SpringCGLIB$$0.CGLIB$aliyunOSSClient$0(<generated>)
	at com.arnanzz.xiaohashu.oss.biz.config.AliyunConfig$$SpringCGLIB$$2.invoke(<generated>)
	at org.springframework.cglib.proxy.MethodProxy.invokeSuper(MethodProxy.java:258)
	at org.springframework.context.annotation.ConfigurationClassEnhancer$BeanMethodInterceptor.intercept(ConfigurationClassEnhancer.java:331)
	at com.arnanzz.xiaohashu.oss.biz.config.AliyunConfig$$SpringCGLIB$$0.aliyunOSSClient(<generated>)
	at java.base/jdk.internal.reflect.NativeMethodAccessorImpl.invoke0(Native Method)
	at java.base/jdk.internal.reflect.NativeMethodAccessorImpl.invoke(NativeMethodAccessorImpl.java:77)
	at java.base/jdk.internal.reflect.DelegatingMethodAccessorImpl.invoke(DelegatingMethodAccessorImpl.java:43)
	at java.base/java.lang.reflect.Method.invoke(Method.java:568)
	at org.springframework.beans.factory.support.SimpleInstantiationStrategy.instantiate(SimpleInstantiationStrategy.java:139)
	... 20 common frames omitted
2024-11-21 20:25:08.657 [Thread-9] WARN  com.alibaba.nacos.common.notify.NotifyCenter - [NotifyCenter] Start destroying Publisher
2024-11-21 20:25:08.657 [Thread-2] WARN  c.alibaba.nacos.common.http.HttpClientBeanHolder - [HttpClientBeanHolder] Start destroying common HttpClient
2024-11-21 20:25:08.657 [Thread-9] WARN  com.alibaba.nacos.common.notify.NotifyCenter - [NotifyCenter] Destruction of the end
2024-11-21 20:25:08.657 [Thread-2] WARN  c.alibaba.nacos.common.http.HttpClientBeanHolder - [HttpClientBeanHolder] Destruction of the end
2024-11-21 20:26:03.971 [main] WARN  com.alibaba.nacos.client.logging.NacosLogging - Load Logback Configuration of Nacos fail, message: Could not initialize Logback Nacos logging from classpath:nacos-logback.xml
2024-11-21 20:26:04.028 [main] WARN  com.alibaba.nacos.client.logging.NacosLogging - Load Logback Configuration of Nacos fail, message: Could not initialize Logback Nacos logging from classpath:nacos-logback.xml
2024-11-21 20:26:04.285 [main] WARN  com.alibaba.nacos.client.logging.NacosLogging - Load Logback Configuration of Nacos fail, message: Could not initialize Logback Nacos logging from classpath:nacos-logback.xml
2024-11-21 20:26:04.286 [main] INFO  com.alibaba.nacos.client.utils.ParamUtil - [settings] [req-serv] nacos-server port:8848
2024-11-21 20:26:04.287 [main] INFO  com.alibaba.nacos.client.utils.ParamUtil - [settings] [http-client] connect timeout:1000
2024-11-21 20:26:04.288 [main] INFO  com.alibaba.nacos.client.utils.ParamUtil - PER_TASK_CONFIG_SIZE: 3000.0
2024-11-21 20:26:04.310 [main] INFO  c.a.n.p.auth.spi.client.ClientAuthPluginManager - [ClientAuthPluginManager] Load ClientAuthService com.alibaba.nacos.client.auth.impl.NacosClientAuthServiceImpl success.
2024-11-21 20:26:04.310 [main] INFO  c.a.n.p.auth.spi.client.ClientAuthPluginManager - [ClientAuthPluginManager] Load ClientAuthService com.alibaba.nacos.client.auth.ram.RamClientAuthServiceImpl success.
2024-11-21 20:26:04.313 [main] INFO  c.a.n.client.auth.ram.identify.CredentialWatcher - null No credential found
2024-11-21 20:26:04.779 [main] WARN  com.alibaba.nacos.client.logging.NacosLogging - Load Logback Configuration of Nacos fail, message: Could not initialize Logback Nacos logging from classpath:nacos-logback.xml
2024-11-21 20:26:04.791 [main] INFO  c.a.n.client.config.impl.LocalConfigInfoProcessor - LOCAL_SNAPSHOT_PATH:C:\Users\xu\nacos\config
2024-11-21 20:26:04.794 [main] INFO  com.alibaba.nacos.common.remote.client - [RpcClientFactory] create a new rpc client of 1b28f6b8-1006-46ff-bbbb-d2bd3e3ecf2a_config-0
2024-11-21 20:26:04.812 [main] INFO  com.alibaba.nacos.common.remote.client - [1b28f6b8-1006-46ff-bbbb-d2bd3e3ecf2a_config-0] Register server push request handler:com.alibaba.nacos.client.config.impl.ClientWorker$ConfigRpcTransportClient$$Lambda$587/0x0000000800f8f7f8
2024-11-21 20:26:04.813 [main] INFO  com.alibaba.nacos.common.remote.client - [1b28f6b8-1006-46ff-bbbb-d2bd3e3ecf2a_config-0] Register server push request handler:com.alibaba.nacos.client.config.impl.ClientWorker$ConfigRpcTransportClient$$Lambda$588/0x0000000800f8fc18
2024-11-21 20:26:04.813 [main] INFO  com.alibaba.nacos.common.remote.client - [1b28f6b8-1006-46ff-bbbb-d2bd3e3ecf2a_config-0] Registry connection listener to current client:com.alibaba.nacos.client.config.impl.ClientWorker$ConfigRpcTransportClient$1
2024-11-21 20:26:04.813 [main] INFO  com.alibaba.nacos.common.remote.client - [1b28f6b8-1006-46ff-bbbb-d2bd3e3ecf2a_config-0] RpcClient init, ServerListFactory = com.alibaba.nacos.client.config.impl.ClientWorker$ConfigRpcTransportClient$2
2024-11-21 20:26:04.819 [main] INFO  com.alibaba.nacos.common.remote.client - [1b28f6b8-1006-46ff-bbbb-d2bd3e3ecf2a_config-0] Try to connect to server on start up, server: {serverIp = '192.168.117.200', server main port = 8848}
2024-11-21 20:26:04.853 [main] INFO  c.a.nacos.common.remote.client.grpc.GrpcClient - grpc client connection server:192.168.117.200 ip,serverPort:9848,grpcTslConfig:{"sslProvider":"OPENSSL","enableTls":false,"mutualAuthEnable":false,"trustAll":false}
2024-11-21 20:26:07.299 [main] INFO  com.alibaba.nacos.common.remote.client - [1b28f6b8-1006-46ff-bbbb-d2bd3e3ecf2a_config-0] Success to connect to server [192.168.117.200:8848] on start up, connectionId = 1732191966908_192.168.117.1_60127
2024-11-21 20:26:07.299 [com.alibaba.nacos.client.remote.worker] INFO  com.alibaba.nacos.common.remote.client - [1b28f6b8-1006-46ff-bbbb-d2bd3e3ecf2a_config-0] Notify connected event to listeners.
2024-11-21 20:26:07.299 [com.alibaba.nacos.client.remote.worker] INFO  com.alibaba.nacos.client.config.impl.ClientWorker - [1b28f6b8-1006-46ff-bbbb-d2bd3e3ecf2a_config-0] Connected,notify listen context...
2024-11-21 20:26:07.300 [main] INFO  com.alibaba.nacos.common.remote.client - [1b28f6b8-1006-46ff-bbbb-d2bd3e3ecf2a_config-0] Register server push request handler:com.alibaba.nacos.common.remote.client.RpcClient$ConnectResetRequestHandler
2024-11-21 20:26:07.300 [main] INFO  com.alibaba.nacos.common.remote.client - [1b28f6b8-1006-46ff-bbbb-d2bd3e3ecf2a_config-0] Register server push request handler:com.alibaba.nacos.common.remote.client.RpcClient$$Lambda$608/0x00000008010d7080
2024-11-21 20:26:07.335 [main] INFO  com.alibaba.nacos.client.config.impl.Limiter - limitTime:5.0
2024-11-21 20:26:07.555 [main] ERROR com.alibaba.nacos.common.remote.client - Connection is unregistered, switch server, connectionId = 1732191966908_192.168.117.1_60127, request = ConfigQueryRequest
2024-11-21 20:26:07.556 [com.alibaba.nacos.client.remote.worker] INFO  com.alibaba.nacos.common.remote.client - [1b28f6b8-1006-46ff-bbbb-d2bd3e3ecf2a_config-0] Try to reconnect to a new server, server is  not appointed, will choose a random server.
2024-11-21 20:26:07.556 [com.alibaba.nacos.client.remote.worker] INFO  c.a.nacos.common.remote.client.grpc.GrpcClient - grpc client connection server:192.168.117.200 ip,serverPort:9848,grpcTslConfig:{"sslProvider":"OPENSSL","enableTls":false,"mutualAuthEnable":false,"trustAll":false}
2024-11-21 20:26:07.657 [main] ERROR com.alibaba.nacos.common.remote.client - Send request fail, request = ConfigQueryRequest{headers={charset=UTF-8, Client-AppName=unknown, Client-RequestToken=90198342c1bffc911d95d666139c3593, Client-RequestTS=1732191967300, exConfigInfo=true, notify=false}, requestId='null'}, retryTimes = 0, errorMessage = Connection is unregistered.
2024-11-21 20:26:07.672 [com.alibaba.nacos.client.remote.worker] INFO  com.alibaba.nacos.common.remote.client - [1b28f6b8-1006-46ff-bbbb-d2bd3e3ecf2a_config-0] Success to connect a server [192.168.117.200:8848], connectionId = 1732191967652_192.168.117.1_60130
2024-11-21 20:26:07.672 [com.alibaba.nacos.client.remote.worker] INFO  com.alibaba.nacos.common.remote.client - [1b28f6b8-1006-46ff-bbbb-d2bd3e3ecf2a_config-0] Abandon prev connection, server is 192.168.117.200:8848, connectionId is 1732191966908_192.168.117.1_60127
2024-11-21 20:26:07.672 [com.alibaba.nacos.client.remote.worker] INFO  com.alibaba.nacos.common.remote.client - Close current connection 1732191966908_192.168.117.1_60127
2024-11-21 20:26:07.675 [nacos-grpc-client-executor-192.168.117.200-1] INFO  c.a.nacos.common.remote.client.grpc.GrpcClient - [1732191966908_192.168.117.1_60127]Ignore complete event,isRunning:false,isAbandon=true
2024-11-21 20:26:07.677 [com.alibaba.nacos.client.remote.worker] INFO  com.alibaba.nacos.common.remote.client - [1b28f6b8-1006-46ff-bbbb-d2bd3e3ecf2a_config-0] Notify disconnected event to listeners
2024-11-21 20:26:07.677 [com.alibaba.nacos.client.remote.worker] INFO  com.alibaba.nacos.client.config.impl.ClientWorker - [1b28f6b8-1006-46ff-bbbb-d2bd3e3ecf2a_config-0] DisConnected,clear listen context...
2024-11-21 20:26:07.677 [com.alibaba.nacos.client.remote.worker] INFO  com.alibaba.nacos.common.remote.client - [1b28f6b8-1006-46ff-bbbb-d2bd3e3ecf2a_config-0] Notify connected event to listeners.
2024-11-21 20:26:07.677 [com.alibaba.nacos.client.remote.worker] INFO  com.alibaba.nacos.client.config.impl.ClientWorker - [1b28f6b8-1006-46ff-bbbb-d2bd3e3ecf2a_config-0] Connected,notify listen context...
2024-11-21 20:26:07.764 [main] ERROR com.alibaba.nacos.common.remote.client - Send request fail, request = ConfigQueryRequest{headers={charset=UTF-8, Client-AppName=unknown, Client-RequestToken=90198342c1bffc911d95d666139c3593, Client-RequestTS=1732191967300, exConfigInfo=true, notify=false}, requestId='null'}, retryTimes = 1, errorMessage = Client not connected, current status:UNHEALTHY
2024-11-21 20:26:08.269 [main] WARN  c.a.cloud.nacos.client.NacosPropertySourceBuilder - Ignore the empty nacos configuration and get it based on dataId[xiaohashu-oss] & group[DEFAULT_GROUP]
2024-11-21 20:26:08.343 [main] WARN  c.a.cloud.nacos.client.NacosPropertySourceBuilder - Ignore the empty nacos configuration and get it based on dataId[xiaohashu-oss.yaml] & group[DEFAULT_GROUP]
2024-11-21 20:26:08.349 [main] INFO  com.alibaba.nacos.client.config.utils.JvmUtil - isMultiInstance:false
2024-11-21 20:26:08.353 [main] INFO  o.s.c.b.c.PropertySourceBootstrapConfiguration - Located property source: [BootstrapPropertySource {name='bootstrapProperties-xiaohashu-oss-dev.yaml,DEFAULT_GROUP'}, BootstrapPropertySource {name='bootstrapProperties-xiaohashu-oss.yaml,DEFAULT_GROUP'}, BootstrapPropertySource {name='bootstrapProperties-xiaohashu-oss,DEFAULT_GROUP'}]
2024-11-21 20:26:08.357 [main] WARN  com.alibaba.nacos.client.logging.NacosLogging - Load Logback Configuration of Nacos fail, message: Could not initialize Logback Nacos logging from classpath:nacos-logback.xml
2024-11-21 20:26:08.358 [main] INFO  c.a.xiaohashu.oss.biz.XiaohashuOssBizApplication - The following 1 profile is active: "dev"
2024-11-21 20:26:08.774 [main] INFO  o.springframework.cloud.context.scope.GenericScope - BeanFactory id=be16fc23-0d75-34e1-aa8d-bbb424b5a6b8
2024-11-21 20:26:08.998 [main] INFO  o.s.boot.web.embedded.tomcat.TomcatWebServer - Tomcat initialized with port(s): 8081 (http)
2024-11-21 20:26:09.006 [main] INFO  org.apache.catalina.core.StandardService - Starting service [Tomcat]
2024-11-21 20:26:09.006 [main] INFO  org.apache.catalina.core.StandardEngine - Starting Servlet engine: [Apache Tomcat/10.1.5]
2024-11-21 20:26:09.072 [main] INFO  o.a.c.core.ContainerBase.[Tomcat].[localhost].[/] - Initializing Spring embedded WebApplicationContext
2024-11-21 20:26:09.072 [main] INFO  o.s.b.w.s.c.ServletWebServerApplicationContext - Root WebApplicationContext: initialization completed in 704 ms
2024-11-21 20:26:09.131 [main] WARN  o.s.b.w.s.c.AnnotationConfigServletWebServerApplicationContext - Exception encountered during context initialization - cancelling refresh attempt: org.springframework.beans.factory.BeanCreationException: Error creating bean with name 'aliyunOSSClient' defined in class path resource [com/arnanzz/xiaohashu/oss/biz/config/AliyunConfig.class]: Failed to instantiate [com.aliyun.oss.OSS]: Factory method 'aliyunOSSClient' threw exception with message: Access key id should not be null or empty.
2024-11-21 20:26:09.132 [main] INFO  org.apache.catalina.core.StandardService - Stopping service [Tomcat]
2024-11-21 20:26:09.143 [main] INFO  o.s.b.a.logging.ConditionEvaluationReportLogger - 

Error starting ApplicationContext. To display the condition evaluation report re-run your application with 'debug' enabled.
2024-11-21 20:26:09.158 [main] ERROR org.springframework.boot.SpringApplication - Application run failed
org.springframework.beans.factory.BeanCreationException: Error creating bean with name 'aliyunOSSClient' defined in class path resource [com/arnanzz/xiaohashu/oss/biz/config/AliyunConfig.class]: Failed to instantiate [com.aliyun.oss.OSS]: Factory method 'aliyunOSSClient' threw exception with message: Access key id should not be null or empty.
	at org.springframework.beans.factory.support.ConstructorResolver.instantiate(ConstructorResolver.java:657)
	at org.springframework.beans.factory.support.ConstructorResolver.instantiateUsingFactoryMethod(ConstructorResolver.java:491)
	at org.springframework.beans.factory.support.AbstractAutowireCapableBeanFactory.instantiateUsingFactoryMethod(AbstractAutowireCapableBeanFactory.java:1324)
	at org.springframework.beans.factory.support.AbstractAutowireCapableBeanFactory.createBeanInstance(AbstractAutowireCapableBeanFactory.java:1161)
	at org.springframework.beans.factory.support.AbstractAutowireCapableBeanFactory.doCreateBean(AbstractAutowireCapableBeanFactory.java:561)
	at org.springframework.beans.factory.support.AbstractAutowireCapableBeanFactory.createBean(AbstractAutowireCapableBeanFactory.java:521)
	at org.springframework.beans.factory.support.AbstractBeanFactory.lambda$doGetBean$0(AbstractBeanFactory.java:326)
	at org.springframework.beans.factory.support.DefaultSingletonBeanRegistry.getSingleton(DefaultSingletonBeanRegistry.java:234)
	at org.springframework.beans.factory.support.AbstractBeanFactory.doGetBean(AbstractBeanFactory.java:324)
	at org.springframework.beans.factory.support.AbstractBeanFactory.getBean(AbstractBeanFactory.java:200)
	at org.springframework.beans.factory.support.DefaultListableBeanFactory.preInstantiateSingletons(DefaultListableBeanFactory.java:961)
	at org.springframework.context.support.AbstractApplicationContext.finishBeanFactoryInitialization(AbstractApplicationContext.java:915)
	at org.springframework.context.support.AbstractApplicationContext.refresh(AbstractApplicationContext.java:584)
	at org.springframework.boot.web.servlet.context.ServletWebServerApplicationContext.refresh(ServletWebServerApplicationContext.java:146)
	at org.springframework.boot.SpringApplication.refresh(SpringApplication.java:730)
	at org.springframework.boot.SpringApplication.refreshContext(SpringApplication.java:432)
	at org.springframework.boot.SpringApplication.run(SpringApplication.java:308)
	at org.springframework.boot.SpringApplication.run(SpringApplication.java:1302)
	at org.springframework.boot.SpringApplication.run(SpringApplication.java:1291)
	at com.arnanzz.xiaohashu.oss.biz.XiaohashuOssBizApplication.main(XiaohashuOssBizApplication.java:15)
Caused by: org.springframework.beans.BeanInstantiationException: Failed to instantiate [com.aliyun.oss.OSS]: Factory method 'aliyunOSSClient' threw exception with message: Access key id should not be null or empty.
	at org.springframework.beans.factory.support.SimpleInstantiationStrategy.instantiate(SimpleInstantiationStrategy.java:171)
	at org.springframework.beans.factory.support.ConstructorResolver.instantiate(ConstructorResolver.java:653)
	... 19 common frames omitted
Caused by: com.aliyun.oss.common.auth.InvalidCredentialsException: Access key id should not be null or empty.
	at com.aliyun.oss.common.auth.DefaultCredentialProvider.checkCredentials(DefaultCredentialProvider.java:63)
	at com.aliyun.oss.common.auth.DefaultCredentialProvider.<init>(DefaultCredentialProvider.java:38)
	at com.aliyun.oss.common.auth.DefaultCredentialProvider.<init>(DefaultCredentialProvider.java:34)
	at com.aliyun.oss.common.auth.CredentialsProviderFactory.newDefaultCredentialProvider(CredentialsProviderFactory.java:42)
	at com.arnanzz.xiaohashu.oss.biz.config.AliyunConfig.aliyunOSSClient(AliyunConfig.java:29)
	at com.arnanzz.xiaohashu.oss.biz.config.AliyunConfig$$SpringCGLIB$$0.CGLIB$aliyunOSSClient$0(<generated>)
	at com.arnanzz.xiaohashu.oss.biz.config.AliyunConfig$$SpringCGLIB$$2.invoke(<generated>)
	at org.springframework.cglib.proxy.MethodProxy.invokeSuper(MethodProxy.java:258)
	at org.springframework.context.annotation.ConfigurationClassEnhancer$BeanMethodInterceptor.intercept(ConfigurationClassEnhancer.java:331)
	at com.arnanzz.xiaohashu.oss.biz.config.AliyunConfig$$SpringCGLIB$$0.aliyunOSSClient(<generated>)
	at java.base/jdk.internal.reflect.NativeMethodAccessorImpl.invoke0(Native Method)
	at java.base/jdk.internal.reflect.NativeMethodAccessorImpl.invoke(NativeMethodAccessorImpl.java:77)
	at java.base/jdk.internal.reflect.DelegatingMethodAccessorImpl.invoke(DelegatingMethodAccessorImpl.java:43)
	at java.base/java.lang.reflect.Method.invoke(Method.java:568)
	at org.springframework.beans.factory.support.SimpleInstantiationStrategy.instantiate(SimpleInstantiationStrategy.java:139)
	... 20 common frames omitted
2024-11-21 20:26:09.161 [Thread-9] WARN  com.alibaba.nacos.common.notify.NotifyCenter - [NotifyCenter] Start destroying Publisher
2024-11-21 20:26:09.161 [Thread-2] WARN  c.alibaba.nacos.common.http.HttpClientBeanHolder - [HttpClientBeanHolder] Start destroying common HttpClient
2024-11-21 20:26:09.161 [Thread-9] WARN  com.alibaba.nacos.common.notify.NotifyCenter - [NotifyCenter] Destruction of the end
2024-11-21 20:26:09.162 [Thread-2] WARN  c.alibaba.nacos.common.http.HttpClientBeanHolder - [HttpClientBeanHolder] Destruction of the end
2024-11-21 20:26:40.259 [main] WARN  com.alibaba.nacos.client.logging.NacosLogging - Load Logback Configuration of Nacos fail, message: Could not initialize Logback Nacos logging from classpath:nacos-logback.xml
2024-11-21 20:26:40.316 [main] WARN  com.alibaba.nacos.client.logging.NacosLogging - Load Logback Configuration of Nacos fail, message: Could not initialize Logback Nacos logging from classpath:nacos-logback.xml
2024-11-21 20:26:40.533 [main] WARN  com.alibaba.nacos.client.logging.NacosLogging - Load Logback Configuration of Nacos fail, message: Could not initialize Logback Nacos logging from classpath:nacos-logback.xml
2024-11-21 20:26:40.535 [main] INFO  com.alibaba.nacos.client.utils.ParamUtil - [settings] [req-serv] nacos-server port:8848
2024-11-21 20:26:40.535 [main] INFO  com.alibaba.nacos.client.utils.ParamUtil - [settings] [http-client] connect timeout:1000
2024-11-21 20:26:40.536 [main] INFO  com.alibaba.nacos.client.utils.ParamUtil - PER_TASK_CONFIG_SIZE: 3000.0
2024-11-21 20:26:40.560 [main] INFO  c.a.n.p.auth.spi.client.ClientAuthPluginManager - [ClientAuthPluginManager] Load ClientAuthService com.alibaba.nacos.client.auth.impl.NacosClientAuthServiceImpl success.
2024-11-21 20:26:40.560 [main] INFO  c.a.n.p.auth.spi.client.ClientAuthPluginManager - [ClientAuthPluginManager] Load ClientAuthService com.alibaba.nacos.client.auth.ram.RamClientAuthServiceImpl success.
2024-11-21 20:26:40.563 [main] INFO  c.a.n.client.auth.ram.identify.CredentialWatcher - null No credential found
2024-11-21 20:26:41.037 [main] WARN  com.alibaba.nacos.client.logging.NacosLogging - Load Logback Configuration of Nacos fail, message: Could not initialize Logback Nacos logging from classpath:nacos-logback.xml
2024-11-21 20:26:41.049 [main] INFO  c.a.n.client.config.impl.LocalConfigInfoProcessor - LOCAL_SNAPSHOT_PATH:C:\Users\xu\nacos\config
2024-11-21 20:26:41.053 [main] INFO  com.alibaba.nacos.common.remote.client - [RpcClientFactory] create a new rpc client of 3a534d24-203d-4be6-b745-ccc1b15a8338_config-0
2024-11-21 20:26:41.067 [main] INFO  com.alibaba.nacos.common.remote.client - [3a534d24-203d-4be6-b745-ccc1b15a8338_config-0] Register server push request handler:com.alibaba.nacos.client.config.impl.ClientWorker$ConfigRpcTransportClient$$Lambda$587/0x0000000800f8f5a8
2024-11-21 20:26:41.067 [main] INFO  com.alibaba.nacos.common.remote.client - [3a534d24-203d-4be6-b745-ccc1b15a8338_config-0] Register server push request handler:com.alibaba.nacos.client.config.impl.ClientWorker$ConfigRpcTransportClient$$Lambda$588/0x0000000800f8f9c8
2024-11-21 20:26:41.068 [main] INFO  com.alibaba.nacos.common.remote.client - [3a534d24-203d-4be6-b745-ccc1b15a8338_config-0] Registry connection listener to current client:com.alibaba.nacos.client.config.impl.ClientWorker$ConfigRpcTransportClient$1
2024-11-21 20:26:41.068 [main] INFO  com.alibaba.nacos.common.remote.client - [3a534d24-203d-4be6-b745-ccc1b15a8338_config-0] RpcClient init, ServerListFactory = com.alibaba.nacos.client.config.impl.ClientWorker$ConfigRpcTransportClient$2
2024-11-21 20:26:41.076 [main] INFO  com.alibaba.nacos.common.remote.client - [3a534d24-203d-4be6-b745-ccc1b15a8338_config-0] Try to connect to server on start up, server: {serverIp = '192.168.117.200', server main port = 8848}
2024-11-21 20:26:41.108 [main] INFO  c.a.nacos.common.remote.client.grpc.GrpcClient - grpc client connection server:192.168.117.200 ip,serverPort:9848,grpcTslConfig:{"sslProvider":"OPENSSL","enableTls":false,"mutualAuthEnable":false,"trustAll":false}
2024-11-21 20:26:42.293 [main] INFO  com.alibaba.nacos.common.remote.client - [3a534d24-203d-4be6-b745-ccc1b15a8338_config-0] Success to connect to server [192.168.117.200:8848] on start up, connectionId = 1732192002197_192.168.117.1_60155
2024-11-21 20:26:42.295 [com.alibaba.nacos.client.remote.worker] INFO  com.alibaba.nacos.common.remote.client - [3a534d24-203d-4be6-b745-ccc1b15a8338_config-0] Notify connected event to listeners.
2024-11-21 20:26:42.295 [com.alibaba.nacos.client.remote.worker] INFO  com.alibaba.nacos.client.config.impl.ClientWorker - [3a534d24-203d-4be6-b745-ccc1b15a8338_config-0] Connected,notify listen context...
2024-11-21 20:26:42.295 [main] INFO  com.alibaba.nacos.common.remote.client - [3a534d24-203d-4be6-b745-ccc1b15a8338_config-0] Register server push request handler:com.alibaba.nacos.common.remote.client.RpcClient$ConnectResetRequestHandler
2024-11-21 20:26:42.295 [main] INFO  com.alibaba.nacos.common.remote.client - [3a534d24-203d-4be6-b745-ccc1b15a8338_config-0] Register server push request handler:com.alibaba.nacos.common.remote.client.RpcClient$$Lambda$608/0x00000008010d7080
2024-11-21 20:26:42.340 [main] INFO  com.alibaba.nacos.client.config.impl.Limiter - limitTime:5.0
2024-11-21 20:26:42.378 [main] WARN  c.a.cloud.nacos.client.NacosPropertySourceBuilder - Ignore the empty nacos configuration and get it based on dataId[xiaohashu-oss] & group[DEFAULT_GROUP]
2024-11-21 20:26:42.385 [main] WARN  c.a.cloud.nacos.client.NacosPropertySourceBuilder - Ignore the empty nacos configuration and get it based on dataId[xiaohashu-oss.yaml] & group[DEFAULT_GROUP]
2024-11-21 20:26:42.392 [main] INFO  com.alibaba.nacos.client.config.utils.JvmUtil - isMultiInstance:false
2024-11-21 20:26:42.396 [main] INFO  o.s.c.b.c.PropertySourceBootstrapConfiguration - Located property source: [BootstrapPropertySource {name='bootstrapProperties-xiaohashu-oss-dev.yaml,DEFAULT_GROUP'}, BootstrapPropertySource {name='bootstrapProperties-xiaohashu-oss.yaml,DEFAULT_GROUP'}, BootstrapPropertySource {name='bootstrapProperties-xiaohashu-oss,DEFAULT_GROUP'}]
2024-11-21 20:26:42.401 [main] WARN  com.alibaba.nacos.client.logging.NacosLogging - Load Logback Configuration of Nacos fail, message: Could not initialize Logback Nacos logging from classpath:nacos-logback.xml
2024-11-21 20:26:42.402 [main] INFO  c.a.xiaohashu.oss.biz.XiaohashuOssBizApplication - The following 1 profile is active: "dev"
2024-11-21 20:26:42.891 [main] INFO  o.springframework.cloud.context.scope.GenericScope - BeanFactory id=be16fc23-0d75-34e1-aa8d-bbb424b5a6b8
2024-11-21 20:26:43.158 [main] INFO  o.s.boot.web.embedded.tomcat.TomcatWebServer - Tomcat initialized with port(s): 8081 (http)
2024-11-21 20:26:43.166 [main] INFO  org.apache.catalina.core.StandardService - Starting service [Tomcat]
2024-11-21 20:26:43.167 [main] INFO  org.apache.catalina.core.StandardEngine - Starting Servlet engine: [Apache Tomcat/10.1.5]
2024-11-21 20:26:43.236 [main] INFO  o.a.c.core.ContainerBase.[Tomcat].[localhost].[/] - Initializing Spring embedded WebApplicationContext
2024-11-21 20:26:43.236 [main] INFO  o.s.b.w.s.c.ServletWebServerApplicationContext - Root WebApplicationContext: initialization completed in 823 ms
2024-11-21 20:26:45.500 [main] INFO  o.s.boot.web.embedded.tomcat.TomcatWebServer - Tomcat started on port(s): 8081 (http) with context path ''
2024-11-21 20:26:45.505 [main] INFO  com.alibaba.nacos.client.naming - initializer namespace from ans.namespace attribute : null
2024-11-21 20:26:45.506 [main] INFO  com.alibaba.nacos.client.naming - initializer namespace from ALIBABA_ALIWARE_NAMESPACE attribute :null
2024-11-21 20:26:45.506 [main] INFO  com.alibaba.nacos.client.naming - initializer namespace from namespace attribute :null
2024-11-21 20:26:45.513 [main] INFO  c.a.n.p.auth.spi.client.ClientAuthPluginManager - [ClientAuthPluginManager] Load ClientAuthService com.alibaba.nacos.client.auth.impl.NacosClientAuthServiceImpl success.
2024-11-21 20:26:45.513 [main] INFO  c.a.n.p.auth.spi.client.ClientAuthPluginManager - [ClientAuthPluginManager] Load ClientAuthService com.alibaba.nacos.client.auth.ram.RamClientAuthServiceImpl success.
2024-11-21 20:26:45.517 [main] INFO  com.alibaba.nacos.common.remote.client - [RpcClientFactory] create a new rpc client of 377737ad-0701-46c2-bd56-2e5777d5cb93
2024-11-21 20:26:45.519 [main] INFO  com.alibaba.nacos.common.remote.client - [377737ad-0701-46c2-bd56-2e5777d5cb93] RpcClient init, ServerListFactory = com.alibaba.nacos.client.naming.core.ServerListManager
2024-11-21 20:26:45.519 [main] INFO  com.alibaba.nacos.common.remote.client - [377737ad-0701-46c2-bd56-2e5777d5cb93] Registry connection listener to current client:com.alibaba.nacos.client.naming.remote.gprc.redo.NamingGrpcRedoService
2024-11-21 20:26:45.519 [main] INFO  com.alibaba.nacos.common.remote.client - [377737ad-0701-46c2-bd56-2e5777d5cb93] Register server push request handler:com.alibaba.nacos.client.naming.remote.gprc.NamingPushRequestHandler
2024-11-21 20:26:45.520 [main] INFO  com.alibaba.nacos.common.remote.client - [377737ad-0701-46c2-bd56-2e5777d5cb93] Try to connect to server on start up, server: {serverIp = '192.168.117.200', server main port = 8848}
2024-11-21 20:26:45.520 [main] INFO  c.a.nacos.common.remote.client.grpc.GrpcClient - grpc client connection server:192.168.117.200 ip,serverPort:9848,grpcTslConfig:{"sslProvider":"OPENSSL","enableTls":false,"mutualAuthEnable":false,"trustAll":false}
2024-11-21 20:26:45.685 [main] INFO  com.alibaba.nacos.common.remote.client - [377737ad-0701-46c2-bd56-2e5777d5cb93] Success to connect to server [192.168.117.200:8848] on start up, connectionId = 1732192005639_192.168.117.1_60159
2024-11-21 20:26:45.685 [main] INFO  com.alibaba.nacos.common.remote.client - [377737ad-0701-46c2-bd56-2e5777d5cb93] Register server push request handler:com.alibaba.nacos.common.remote.client.RpcClient$ConnectResetRequestHandler
2024-11-21 20:26:45.685 [com.alibaba.nacos.client.remote.worker] INFO  com.alibaba.nacos.common.remote.client - [377737ad-0701-46c2-bd56-2e5777d5cb93] Notify connected event to listeners.
2024-11-21 20:26:45.685 [main] INFO  com.alibaba.nacos.common.remote.client - [377737ad-0701-46c2-bd56-2e5777d5cb93] Register server push request handler:com.alibaba.nacos.common.remote.client.RpcClient$$Lambda$608/0x00000008010d7080
2024-11-21 20:26:45.685 [com.alibaba.nacos.client.remote.worker] INFO  com.alibaba.nacos.client.naming - Grpc connection connect
2024-11-21 20:26:45.686 [main] INFO  com.alibaba.nacos.client.naming - [REGISTER-SERVICE] xiaohashu registering service xiaohashu-oss with instance Instance{instanceId='null', ip='192.168.117.1', port=8081, weight=1.0, healthy=true, enabled=true, ephemeral=true, clusterName='DEFAULT', serviceName='null', metadata={IPv6=null, preserved.register.source=SPRING_CLOUD}}
2024-11-21 20:26:45.695 [main] INFO  c.a.cloud.nacos.registry.NacosServiceRegistry - nacos registry, DEFAULT_GROUP xiaohashu-oss 192.168.117.1:8081 register finished
2024-11-21 20:26:46.084 [main] INFO  c.a.xiaohashu.oss.biz.XiaohashuOssBizApplication - Started XiaohashuOssBizApplication in 6.651 seconds (process running for 8.118)
2024-11-21 20:26:46.088 [main] INFO  com.alibaba.nacos.client.config.impl.CacheData - nacos.cache.data.init.snapshot = true 
2024-11-21 20:26:46.088 [main] INFO  com.alibaba.nacos.client.config.impl.ClientWorker - [fixed-xiaohashu-192.168.117.200_8848] [subscribe] xiaohashu-oss+DEFAULT_GROUP+xiaohashu
2024-11-21 20:26:46.095 [main] INFO  com.alibaba.nacos.client.config.impl.CacheData - [fixed-xiaohashu-192.168.117.200_8848] [add-listener] ok, tenant=xiaohashu, dataId=xiaohashu-oss, group=DEFAULT_GROUP, cnt=1
2024-11-21 20:26:46.096 [main] INFO  c.a.cloud.nacos.refresh.NacosContextRefresher - [Nacos Config] Listening config: dataId=xiaohashu-oss, group=DEFAULT_GROUP
2024-11-21 20:26:46.098 [main] INFO  com.alibaba.nacos.client.config.impl.ClientWorker - [fixed-xiaohashu-192.168.117.200_8848] [subscribe] xiaohashu-oss-dev.yaml+DEFAULT_GROUP+xiaohashu
2024-11-21 20:26:46.098 [main] INFO  com.alibaba.nacos.client.config.impl.CacheData - [fixed-xiaohashu-192.168.117.200_8848] [add-listener] ok, tenant=xiaohashu, dataId=xiaohashu-oss-dev.yaml, group=DEFAULT_GROUP, cnt=1
2024-11-21 20:26:46.098 [main] INFO  c.a.cloud.nacos.refresh.NacosContextRefresher - [Nacos Config] Listening config: dataId=xiaohashu-oss-dev.yaml, group=DEFAULT_GROUP
2024-11-21 20:26:46.098 [main] INFO  com.alibaba.nacos.client.config.impl.ClientWorker - [fixed-xiaohashu-192.168.117.200_8848] [subscribe] xiaohashu-oss.yaml+DEFAULT_GROUP+xiaohashu
2024-11-21 20:26:46.098 [main] INFO  com.alibaba.nacos.client.config.impl.CacheData - [fixed-xiaohashu-192.168.117.200_8848] [add-listener] ok, tenant=xiaohashu, dataId=xiaohashu-oss.yaml, group=DEFAULT_GROUP, cnt=1
2024-11-21 20:26:46.098 [main] INFO  c.a.cloud.nacos.refresh.NacosContextRefresher - [Nacos Config] Listening config: dataId=xiaohashu-oss.yaml, group=DEFAULT_GROUP
2024-11-21 21:00:13.749 [http-nio-8081-exec-2] INFO  o.a.c.core.ContainerBase.[Tomcat].[localhost].[/] - Initializing Spring DispatcherServlet 'dispatcherServlet'
2024-11-21 21:00:13.749 [http-nio-8081-exec-2] INFO  org.springframework.web.servlet.DispatcherServlet - Initializing Servlet 'dispatcherServlet'
2024-11-21 21:00:13.750 [http-nio-8081-exec-2] INFO  org.springframework.web.servlet.DispatcherServlet - Completed initialization in 1 ms
2024-11-21 21:00:13.772 [http-nio-8081-exec-2] ERROR c.a.x.oss.biz.exception.GlobalExceptionHandler - /file/upload request error, 
org.springframework.web.HttpMediaTypeNotSupportedException: Content-Type 'application/x-www-form-urlencoded' is not supported
	at org.springframework.web.servlet.mvc.method.RequestMappingInfoHandlerMapping.handleNoMatch(RequestMappingInfoHandlerMapping.java:280)
	at org.springframework.web.servlet.handler.AbstractHandlerMethodMapping.lookupHandlerMethod(AbstractHandlerMethodMapping.java:441)
	at org.springframework.web.servlet.handler.AbstractHandlerMethodMapping.getHandlerInternal(AbstractHandlerMethodMapping.java:382)
	at org.springframework.web.servlet.mvc.method.RequestMappingInfoHandlerMapping.getHandlerInternal(RequestMappingInfoHandlerMapping.java:126)
	at org.springframework.web.servlet.mvc.method.RequestMappingInfoHandlerMapping.getHandlerInternal(RequestMappingInfoHandlerMapping.java:68)
	at org.springframework.web.servlet.handler.AbstractHandlerMapping.getHandler(AbstractHandlerMapping.java:504)
	at org.springframework.web.servlet.DispatcherServlet.getHandler(DispatcherServlet.java:1274)
	at org.springframework.web.servlet.DispatcherServlet.doDispatch(DispatcherServlet.java:1056)
	at org.springframework.web.servlet.DispatcherServlet.doService(DispatcherServlet.java:973)
	at org.springframework.web.servlet.FrameworkServlet.processRequest(FrameworkServlet.java:1011)
	at org.springframework.web.servlet.FrameworkServlet.doPost(FrameworkServlet.java:914)
	at jakarta.servlet.http.HttpServlet.service(HttpServlet.java:731)
	at org.springframework.web.servlet.FrameworkServlet.service(FrameworkServlet.java:885)
	at jakarta.servlet.http.HttpServlet.service(HttpServlet.java:814)
	at org.apache.catalina.core.ApplicationFilterChain.internalDoFilter(ApplicationFilterChain.java:223)
	at org.apache.catalina.core.ApplicationFilterChain.doFilter(ApplicationFilterChain.java:158)
	at org.apache.tomcat.websocket.server.WsFilter.doFilter(WsFilter.java:53)
	at org.apache.catalina.core.ApplicationFilterChain.internalDoFilter(ApplicationFilterChain.java:185)
	at org.apache.catalina.core.ApplicationFilterChain.doFilter(ApplicationFilterChain.java:158)
	at org.springframework.web.filter.RequestContextFilter.doFilterInternal(RequestContextFilter.java:100)
	at org.springframework.web.filter.OncePerRequestFilter.doFilter(OncePerRequestFilter.java:116)
	at org.apache.catalina.core.ApplicationFilterChain.internalDoFilter(ApplicationFilterChain.java:185)
	at org.apache.catalina.core.ApplicationFilterChain.doFilter(ApplicationFilterChain.java:158)
	at org.springframework.web.filter.FormContentFilter.doFilterInternal(FormContentFilter.java:93)
	at org.springframework.web.filter.OncePerRequestFilter.doFilter(OncePerRequestFilter.java:116)
	at org.apache.catalina.core.ApplicationFilterChain.internalDoFilter(ApplicationFilterChain.java:185)
	at org.apache.catalina.core.ApplicationFilterChain.doFilter(ApplicationFilterChain.java:158)
	at org.springframework.web.filter.CharacterEncodingFilter.doFilterInternal(CharacterEncodingFilter.java:201)
	at org.springframework.web.filter.OncePerRequestFilter.doFilter(OncePerRequestFilter.java:116)
	at org.apache.catalina.core.ApplicationFilterChain.internalDoFilter(ApplicationFilterChain.java:185)
	at org.apache.catalina.core.ApplicationFilterChain.doFilter(ApplicationFilterChain.java:158)
	at org.apache.catalina.core.StandardWrapperValve.invoke(StandardWrapperValve.java:177)
	at org.apache.catalina.core.StandardContextValve.invoke(StandardContextValve.java:97)
	at org.apache.catalina.authenticator.AuthenticatorBase.invoke(AuthenticatorBase.java:542)
	at org.apache.catalina.core.StandardHostValve.invoke(StandardHostValve.java:119)
	at org.apache.catalina.valves.ErrorReportValve.invoke(ErrorReportValve.java:92)
	at org.apache.catalina.core.StandardEngineValve.invoke(StandardEngineValve.java:78)
	at org.apache.catalina.connector.CoyoteAdapter.service(CoyoteAdapter.java:357)
	at org.apache.coyote.http11.Http11Processor.service(Http11Processor.java:400)
	at org.apache.coyote.AbstractProcessorLight.process(AbstractProcessorLight.java:65)
	at org.apache.coyote.AbstractProtocol$ConnectionHandler.process(AbstractProtocol.java:859)
	at org.apache.tomcat.util.net.NioEndpoint$SocketProcessor.doRun(NioEndpoint.java:1734)
	at org.apache.tomcat.util.net.SocketProcessorBase.run(SocketProcessorBase.java:52)
	at org.apache.tomcat.util.threads.ThreadPoolExecutor.runWorker(ThreadPoolExecutor.java:1191)
	at org.apache.tomcat.util.threads.ThreadPoolExecutor$Worker.run(ThreadPoolExecutor.java:659)
	at org.apache.tomcat.util.threads.TaskThread$WrappingRunnable.run(TaskThread.java:61)
	at java.base/java.lang.Thread.run(Thread.java:833)
2024-11-21 21:00:39.525 [http-nio-8081-exec-3] ERROR c.a.x.oss.biz.exception.GlobalExceptionHandler - /file/upload request error, 
org.springframework.web.HttpMediaTypeNotSupportedException: Content-Type 'application/x-www-form-urlencoded' is not supported
	at org.springframework.web.servlet.mvc.method.RequestMappingInfoHandlerMapping.handleNoMatch(RequestMappingInfoHandlerMapping.java:280)
	at org.springframework.web.servlet.handler.AbstractHandlerMethodMapping.lookupHandlerMethod(AbstractHandlerMethodMapping.java:441)
	at org.springframework.web.servlet.handler.AbstractHandlerMethodMapping.getHandlerInternal(AbstractHandlerMethodMapping.java:382)
	at org.springframework.web.servlet.mvc.method.RequestMappingInfoHandlerMapping.getHandlerInternal(RequestMappingInfoHandlerMapping.java:126)
	at org.springframework.web.servlet.mvc.method.RequestMappingInfoHandlerMapping.getHandlerInternal(RequestMappingInfoHandlerMapping.java:68)
	at org.springframework.web.servlet.handler.AbstractHandlerMapping.getHandler(AbstractHandlerMapping.java:504)
	at org.springframework.web.servlet.DispatcherServlet.getHandler(DispatcherServlet.java:1274)
	at org.springframework.web.servlet.DispatcherServlet.doDispatch(DispatcherServlet.java:1056)
	at org.springframework.web.servlet.DispatcherServlet.doService(DispatcherServlet.java:973)
	at org.springframework.web.servlet.FrameworkServlet.processRequest(FrameworkServlet.java:1011)
	at org.springframework.web.servlet.FrameworkServlet.doPost(FrameworkServlet.java:914)
	at jakarta.servlet.http.HttpServlet.service(HttpServlet.java:731)
	at org.springframework.web.servlet.FrameworkServlet.service(FrameworkServlet.java:885)
	at jakarta.servlet.http.HttpServlet.service(HttpServlet.java:814)
	at org.apache.catalina.core.ApplicationFilterChain.internalDoFilter(ApplicationFilterChain.java:223)
	at org.apache.catalina.core.ApplicationFilterChain.doFilter(ApplicationFilterChain.java:158)
	at org.apache.tomcat.websocket.server.WsFilter.doFilter(WsFilter.java:53)
	at org.apache.catalina.core.ApplicationFilterChain.internalDoFilter(ApplicationFilterChain.java:185)
	at org.apache.catalina.core.ApplicationFilterChain.doFilter(ApplicationFilterChain.java:158)
	at org.springframework.web.filter.RequestContextFilter.doFilterInternal(RequestContextFilter.java:100)
	at org.springframework.web.filter.OncePerRequestFilter.doFilter(OncePerRequestFilter.java:116)
	at org.apache.catalina.core.ApplicationFilterChain.internalDoFilter(ApplicationFilterChain.java:185)
	at org.apache.catalina.core.ApplicationFilterChain.doFilter(ApplicationFilterChain.java:158)
	at org.springframework.web.filter.FormContentFilter.doFilterInternal(FormContentFilter.java:93)
	at org.springframework.web.filter.OncePerRequestFilter.doFilter(OncePerRequestFilter.java:116)
	at org.apache.catalina.core.ApplicationFilterChain.internalDoFilter(ApplicationFilterChain.java:185)
	at org.apache.catalina.core.ApplicationFilterChain.doFilter(ApplicationFilterChain.java:158)
	at org.springframework.web.filter.CharacterEncodingFilter.doFilterInternal(CharacterEncodingFilter.java:201)
	at org.springframework.web.filter.OncePerRequestFilter.doFilter(OncePerRequestFilter.java:116)
	at org.apache.catalina.core.ApplicationFilterChain.internalDoFilter(ApplicationFilterChain.java:185)
	at org.apache.catalina.core.ApplicationFilterChain.doFilter(ApplicationFilterChain.java:158)
	at org.apache.catalina.core.StandardWrapperValve.invoke(StandardWrapperValve.java:177)
	at org.apache.catalina.core.StandardContextValve.invoke(StandardContextValve.java:97)
	at org.apache.catalina.authenticator.AuthenticatorBase.invoke(AuthenticatorBase.java:542)
	at org.apache.catalina.core.StandardHostValve.invoke(StandardHostValve.java:119)
	at org.apache.catalina.valves.ErrorReportValve.invoke(ErrorReportValve.java:92)
	at org.apache.catalina.core.StandardEngineValve.invoke(StandardEngineValve.java:78)
	at org.apache.catalina.connector.CoyoteAdapter.service(CoyoteAdapter.java:357)
	at org.apache.coyote.http11.Http11Processor.service(Http11Processor.java:400)
	at org.apache.coyote.AbstractProcessorLight.process(AbstractProcessorLight.java:65)
	at org.apache.coyote.AbstractProtocol$ConnectionHandler.process(AbstractProtocol.java:859)
	at org.apache.tomcat.util.net.NioEndpoint$SocketProcessor.doRun(NioEndpoint.java:1734)
	at org.apache.tomcat.util.net.SocketProcessorBase.run(SocketProcessorBase.java:52)
	at org.apache.tomcat.util.threads.ThreadPoolExecutor.runWorker(ThreadPoolExecutor.java:1191)
	at org.apache.tomcat.util.threads.ThreadPoolExecutor$Worker.run(ThreadPoolExecutor.java:659)
	at org.apache.tomcat.util.threads.TaskThread$WrappingRunnable.run(TaskThread.java:61)
	at java.base/java.lang.Thread.run(Thread.java:833)
2024-11-21 21:05:40.791 [http-nio-8081-exec-6] ERROR c.a.x.oss.biz.exception.GlobalExceptionHandler - /file/upload request error, 
org.springframework.web.HttpMediaTypeNotSupportedException: Content-Type 'application/x-www-form-urlencoded' is not supported
	at org.springframework.web.servlet.mvc.method.RequestMappingInfoHandlerMapping.handleNoMatch(RequestMappingInfoHandlerMapping.java:280)
	at org.springframework.web.servlet.handler.AbstractHandlerMethodMapping.lookupHandlerMethod(AbstractHandlerMethodMapping.java:441)
	at org.springframework.web.servlet.handler.AbstractHandlerMethodMapping.getHandlerInternal(AbstractHandlerMethodMapping.java:382)
	at org.springframework.web.servlet.mvc.method.RequestMappingInfoHandlerMapping.getHandlerInternal(RequestMappingInfoHandlerMapping.java:126)
	at org.springframework.web.servlet.mvc.method.RequestMappingInfoHandlerMapping.getHandlerInternal(RequestMappingInfoHandlerMapping.java:68)
	at org.springframework.web.servlet.handler.AbstractHandlerMapping.getHandler(AbstractHandlerMapping.java:504)
	at org.springframework.web.servlet.DispatcherServlet.getHandler(DispatcherServlet.java:1274)
	at org.springframework.web.servlet.DispatcherServlet.doDispatch(DispatcherServlet.java:1056)
	at org.springframework.web.servlet.DispatcherServlet.doService(DispatcherServlet.java:973)
	at org.springframework.web.servlet.FrameworkServlet.processRequest(FrameworkServlet.java:1011)
	at org.springframework.web.servlet.FrameworkServlet.doPost(FrameworkServlet.java:914)
	at jakarta.servlet.http.HttpServlet.service(HttpServlet.java:731)
	at org.springframework.web.servlet.FrameworkServlet.service(FrameworkServlet.java:885)
	at jakarta.servlet.http.HttpServlet.service(HttpServlet.java:814)
	at org.apache.catalina.core.ApplicationFilterChain.internalDoFilter(ApplicationFilterChain.java:223)
	at org.apache.catalina.core.ApplicationFilterChain.doFilter(ApplicationFilterChain.java:158)
	at org.apache.tomcat.websocket.server.WsFilter.doFilter(WsFilter.java:53)
	at org.apache.catalina.core.ApplicationFilterChain.internalDoFilter(ApplicationFilterChain.java:185)
	at org.apache.catalina.core.ApplicationFilterChain.doFilter(ApplicationFilterChain.java:158)
	at org.springframework.web.filter.RequestContextFilter.doFilterInternal(RequestContextFilter.java:100)
	at org.springframework.web.filter.OncePerRequestFilter.doFilter(OncePerRequestFilter.java:116)
	at org.apache.catalina.core.ApplicationFilterChain.internalDoFilter(ApplicationFilterChain.java:185)
	at org.apache.catalina.core.ApplicationFilterChain.doFilter(ApplicationFilterChain.java:158)
	at org.springframework.web.filter.FormContentFilter.doFilterInternal(FormContentFilter.java:93)
	at org.springframework.web.filter.OncePerRequestFilter.doFilter(OncePerRequestFilter.java:116)
	at org.apache.catalina.core.ApplicationFilterChain.internalDoFilter(ApplicationFilterChain.java:185)
	at org.apache.catalina.core.ApplicationFilterChain.doFilter(ApplicationFilterChain.java:158)
	at org.springframework.web.filter.CharacterEncodingFilter.doFilterInternal(CharacterEncodingFilter.java:201)
	at org.springframework.web.filter.OncePerRequestFilter.doFilter(OncePerRequestFilter.java:116)
	at org.apache.catalina.core.ApplicationFilterChain.internalDoFilter(ApplicationFilterChain.java:185)
	at org.apache.catalina.core.ApplicationFilterChain.doFilter(ApplicationFilterChain.java:158)
	at org.apache.catalina.core.StandardWrapperValve.invoke(StandardWrapperValve.java:177)
	at org.apache.catalina.core.StandardContextValve.invoke(StandardContextValve.java:97)
	at org.apache.catalina.authenticator.AuthenticatorBase.invoke(AuthenticatorBase.java:542)
	at org.apache.catalina.core.StandardHostValve.invoke(StandardHostValve.java:119)
	at org.apache.catalina.valves.ErrorReportValve.invoke(ErrorReportValve.java:92)
	at org.apache.catalina.core.StandardEngineValve.invoke(StandardEngineValve.java:78)
	at org.apache.catalina.connector.CoyoteAdapter.service(CoyoteAdapter.java:357)
	at org.apache.coyote.http11.Http11Processor.service(Http11Processor.java:400)
	at org.apache.coyote.AbstractProcessorLight.process(AbstractProcessorLight.java:65)
	at org.apache.coyote.AbstractProtocol$ConnectionHandler.process(AbstractProtocol.java:859)
	at org.apache.tomcat.util.net.NioEndpoint$SocketProcessor.doRun(NioEndpoint.java:1734)
	at org.apache.tomcat.util.net.SocketProcessorBase.run(SocketProcessorBase.java:52)
	at org.apache.tomcat.util.threads.ThreadPoolExecutor.runWorker(ThreadPoolExecutor.java:1191)
	at org.apache.tomcat.util.threads.ThreadPoolExecutor$Worker.run(ThreadPoolExecutor.java:659)
	at org.apache.tomcat.util.threads.TaskThread$WrappingRunnable.run(TaskThread.java:61)
	at java.base/java.lang.Thread.run(Thread.java:833)
2024-11-21 21:06:34.693 [http-nio-8081-exec-7] ERROR c.a.x.oss.biz.exception.GlobalExceptionHandler - /file/upload request error, 
org.springframework.web.multipart.MultipartException: Failed to parse multipart servlet request
	at org.springframework.web.multipart.support.StandardMultipartHttpServletRequest.handleParseFailure(StandardMultipartHttpServletRequest.java:122)
	at org.springframework.web.multipart.support.StandardMultipartHttpServletRequest.parseRequest(StandardMultipartHttpServletRequest.java:110)
	at org.springframework.web.multipart.support.StandardMultipartHttpServletRequest.<init>(StandardMultipartHttpServletRequest.java:86)
	at org.springframework.web.multipart.support.StandardServletMultipartResolver.resolveMultipart(StandardServletMultipartResolver.java:112)
	at org.springframework.web.servlet.DispatcherServlet.checkMultipart(DispatcherServlet.java:1218)
	at org.springframework.web.servlet.DispatcherServlet.doDispatch(DispatcherServlet.java:1052)
	at org.springframework.web.servlet.DispatcherServlet.doService(DispatcherServlet.java:973)
	at org.springframework.web.servlet.FrameworkServlet.processRequest(FrameworkServlet.java:1011)
	at org.springframework.web.servlet.FrameworkServlet.doPost(FrameworkServlet.java:914)
	at jakarta.servlet.http.HttpServlet.service(HttpServlet.java:731)
	at org.springframework.web.servlet.FrameworkServlet.service(FrameworkServlet.java:885)
	at jakarta.servlet.http.HttpServlet.service(HttpServlet.java:814)
	at org.apache.catalina.core.ApplicationFilterChain.internalDoFilter(ApplicationFilterChain.java:223)
	at org.apache.catalina.core.ApplicationFilterChain.doFilter(ApplicationFilterChain.java:158)
	at org.apache.tomcat.websocket.server.WsFilter.doFilter(WsFilter.java:53)
	at org.apache.catalina.core.ApplicationFilterChain.internalDoFilter(ApplicationFilterChain.java:185)
	at org.apache.catalina.core.ApplicationFilterChain.doFilter(ApplicationFilterChain.java:158)
	at org.springframework.web.filter.RequestContextFilter.doFilterInternal(RequestContextFilter.java:100)
	at org.springframework.web.filter.OncePerRequestFilter.doFilter(OncePerRequestFilter.java:116)
	at org.apache.catalina.core.ApplicationFilterChain.internalDoFilter(ApplicationFilterChain.java:185)
	at org.apache.catalina.core.ApplicationFilterChain.doFilter(ApplicationFilterChain.java:158)
	at org.springframework.web.filter.FormContentFilter.doFilterInternal(FormContentFilter.java:93)
	at org.springframework.web.filter.OncePerRequestFilter.doFilter(OncePerRequestFilter.java:116)
	at org.apache.catalina.core.ApplicationFilterChain.internalDoFilter(ApplicationFilterChain.java:185)
	at org.apache.catalina.core.ApplicationFilterChain.doFilter(ApplicationFilterChain.java:158)
	at org.springframework.web.filter.CharacterEncodingFilter.doFilterInternal(CharacterEncodingFilter.java:201)
	at org.springframework.web.filter.OncePerRequestFilter.doFilter(OncePerRequestFilter.java:116)
	at org.apache.catalina.core.ApplicationFilterChain.internalDoFilter(ApplicationFilterChain.java:185)
	at org.apache.catalina.core.ApplicationFilterChain.doFilter(ApplicationFilterChain.java:158)
	at org.apache.catalina.core.StandardWrapperValve.invoke(StandardWrapperValve.java:177)
	at org.apache.catalina.core.StandardContextValve.invoke(StandardContextValve.java:97)
	at org.apache.catalina.authenticator.AuthenticatorBase.invoke(AuthenticatorBase.java:542)
	at org.apache.catalina.core.StandardHostValve.invoke(StandardHostValve.java:119)
	at org.apache.catalina.valves.ErrorReportValve.invoke(ErrorReportValve.java:92)
	at org.apache.catalina.core.StandardEngineValve.invoke(StandardEngineValve.java:78)
	at org.apache.catalina.connector.CoyoteAdapter.service(CoyoteAdapter.java:357)
	at org.apache.coyote.http11.Http11Processor.service(Http11Processor.java:400)
	at org.apache.coyote.AbstractProcessorLight.process(AbstractProcessorLight.java:65)
	at org.apache.coyote.AbstractProtocol$ConnectionHandler.process(AbstractProtocol.java:859)
	at org.apache.tomcat.util.net.NioEndpoint$SocketProcessor.doRun(NioEndpoint.java:1734)
	at org.apache.tomcat.util.net.SocketProcessorBase.run(SocketProcessorBase.java:52)
	at org.apache.tomcat.util.threads.ThreadPoolExecutor.runWorker(ThreadPoolExecutor.java:1191)
	at org.apache.tomcat.util.threads.ThreadPoolExecutor$Worker.run(ThreadPoolExecutor.java:659)
	at org.apache.tomcat.util.threads.TaskThread$WrappingRunnable.run(TaskThread.java:61)
	at java.base/java.lang.Thread.run(Thread.java:833)
Caused by: java.io.IOException: org.apache.tomcat.util.http.fileupload.FileUploadException: the request was rejected because no multipart boundary was found
	at org.apache.catalina.connector.Request.parseParts(Request.java:2929)
	at org.apache.catalina.connector.Request.getParts(Request.java:2778)
	at org.apache.catalina.connector.RequestFacade.getParts(RequestFacade.java:1074)
	at org.springframework.web.multipart.support.StandardMultipartHttpServletRequest.parseRequest(StandardMultipartHttpServletRequest.java:93)
	... 43 common frames omitted
Caused by: org.apache.tomcat.util.http.fileupload.FileUploadException: the request was rejected because no multipart boundary was found
	at org.apache.tomcat.util.http.fileupload.impl.FileItemIteratorImpl.init(FileItemIteratorImpl.java:189)
	at org.apache.tomcat.util.http.fileupload.impl.FileItemIteratorImpl.getMultiPartStream(FileItemIteratorImpl.java:205)
	at org.apache.tomcat.util.http.fileupload.impl.FileItemIteratorImpl.findNextItem(FileItemIteratorImpl.java:224)
	at org.apache.tomcat.util.http.fileupload.impl.FileItemIteratorImpl.<init>(FileItemIteratorImpl.java:142)
	at org.apache.tomcat.util.http.fileupload.FileUploadBase.getItemIterator(FileUploadBase.java:252)
	at org.apache.tomcat.util.http.fileupload.FileUploadBase.parseRequest(FileUploadBase.java:276)
	at org.apache.catalina.connector.Request.parseParts(Request.java:2884)
	... 46 common frames omitted
2024-11-21 21:07:40.523 [http-nio-8081-exec-9] INFO  c.a.x.oss.biz.strategy.impl.MinioFileStrategy - ##  Minio ...
2024-11-21 21:07:40.524 [http-nio-8081-exec-9] INFO  c.a.x.oss.biz.strategy.impl.MinioFileStrategy - ==>  Minio, ObjectName: d792807e6d06472792d65ca7b652e8c6.png
2024-11-21 21:07:41.063 [http-nio-8081-exec-9] INFO  c.a.x.oss.biz.strategy.impl.MinioFileStrategy - ==>  Minio : http://124.70.38.88:9000/xiaohashu/d792807e6d06472792d65ca7b652e8c6.png
2024-11-21 21:38:26.869 [Thread-9] WARN  com.alibaba.nacos.common.notify.NotifyCenter - [NotifyCenter] Start destroying Publisher
2024-11-21 21:38:26.869 [Thread-2] WARN  c.alibaba.nacos.common.http.HttpClientBeanHolder - [HttpClientBeanHolder] Start destroying common HttpClient
2024-11-21 21:38:26.870 [Thread-9] WARN  com.alibaba.nacos.common.notify.NotifyCenter - [NotifyCenter] Destruction of the end
2024-11-21 21:38:26.870 [Thread-2] WARN  c.alibaba.nacos.common.http.HttpClientBeanHolder - [HttpClientBeanHolder] Destruction of the end
2024-11-21 21:38:26.934 [SpringApplicationShutdownHook] INFO  c.a.cloud.nacos.registry.NacosServiceRegistry - De-registering from Nacos Server now...
2024-11-21 21:38:26.936 [SpringApplicationShutdownHook] INFO  com.alibaba.nacos.client.naming - [DEREGISTER-SERVICE] xiaohashu deregistering service xiaohashu-oss with instance: Instance{instanceId='null', ip='192.168.117.1', port=8081, weight=1.0, healthy=true, enabled=true, ephemeral=true, clusterName='DEFAULT', serviceName='null', metadata={}}
2024-11-21 21:38:26.941 [SpringApplicationShutdownHook] INFO  c.a.cloud.nacos.registry.NacosServiceRegistry - De-registration finished.
2024-11-21 21:38:26.942 [SpringApplicationShutdownHook] INFO  com.alibaba.nacos.client.naming - com.alibaba.nacos.client.naming.cache.ServiceInfoHolder do shutdown begin
2024-11-21 21:38:26.942 [SpringApplicationShutdownHook] INFO  com.alibaba.nacos.client.naming - com.alibaba.nacos.client.naming.backups.FailoverReactor do shutdown begin
2024-11-21 21:38:26.943 [SpringApplicationShutdownHook] INFO  com.alibaba.nacos.client.naming - com.alibaba.nacos.client.naming.backups.FailoverReactor do shutdown stop
2024-11-21 21:38:26.943 [SpringApplicationShutdownHook] INFO  com.alibaba.nacos.client.naming - com.alibaba.nacos.client.naming.cache.ServiceInfoHolder do shutdown stop
2024-11-21 21:38:26.943 [SpringApplicationShutdownHook] INFO  com.alibaba.nacos.client.naming - com.alibaba.nacos.client.naming.remote.NamingClientProxyDelegate do shutdown begin
2024-11-21 21:38:26.943 [SpringApplicationShutdownHook] INFO  com.alibaba.nacos.client.naming - com.alibaba.nacos.client.naming.core.ServiceInfoUpdateService do shutdown begin
2024-11-21 21:38:26.943 [SpringApplicationShutdownHook] INFO  com.alibaba.nacos.client.naming - com.alibaba.nacos.client.naming.core.ServiceInfoUpdateService do shutdown stop
2024-11-21 21:38:26.944 [SpringApplicationShutdownHook] INFO  com.alibaba.nacos.client.naming - com.alibaba.nacos.client.naming.core.ServerListManager do shutdown begin
2024-11-21 21:38:26.944 [SpringApplicationShutdownHook] WARN  com.alibaba.nacos.client.naming - [NamingHttpClientManager] Start destroying NacosRestTemplate
2024-11-21 21:38:26.944 [SpringApplicationShutdownHook] WARN  com.alibaba.nacos.client.naming - [NamingHttpClientManager] Destruction of the end
2024-11-21 21:38:26.944 [SpringApplicationShutdownHook] INFO  com.alibaba.nacos.client.naming - com.alibaba.nacos.client.naming.core.ServerListManager do shutdown stop
2024-11-21 21:38:26.944 [SpringApplicationShutdownHook] INFO  com.alibaba.nacos.client.naming - com.alibaba.nacos.client.naming.remote.http.NamingHttpClientProxy do shutdown begin
2024-11-21 21:38:26.944 [SpringApplicationShutdownHook] WARN  com.alibaba.nacos.client.naming - [NamingHttpClientManager] Start destroying NacosRestTemplate
2024-11-21 21:38:26.944 [SpringApplicationShutdownHook] WARN  com.alibaba.nacos.client.naming - [NamingHttpClientManager] Destruction of the end
2024-11-21 21:38:26.944 [SpringApplicationShutdownHook] INFO  com.alibaba.nacos.client.naming - com.alibaba.nacos.client.naming.remote.http.NamingHttpClientProxy do shutdown stop
2024-11-21 21:38:26.945 [SpringApplicationShutdownHook] INFO  com.alibaba.nacos.common.remote.client - Shutdown rpc client, set status to shutdown
2024-11-21 21:38:26.945 [SpringApplicationShutdownHook] INFO  com.alibaba.nacos.common.remote.client - Shutdown client event executor java.util.concurrent.ScheduledThreadPoolExecutor@225daad8[Running, pool size = 2, active threads = 2, queued tasks = 0, completed tasks = 0]
2024-11-21 21:38:26.945 [SpringApplicationShutdownHook] INFO  com.alibaba.nacos.common.remote.client - Close current connection 1732192005639_192.168.117.1_60159
2024-11-21 21:38:26.948 [SpringApplicationShutdownHook] INFO  c.a.nacos.common.remote.client.grpc.GrpcClient - Shutdown grpc executor java.util.concurrent.ThreadPoolExecutor@5911302e[Running, pool size = 3, active threads = 0, queued tasks = 0, completed tasks = 881]
2024-11-21 21:38:26.948 [SpringApplicationShutdownHook] INFO  com.alibaba.nacos.client.naming - Shutdown grpc redo service executor java.util.concurrent.ScheduledThreadPoolExecutor@7a5beb83[Running, pool size = 1, active threads = 0, queued tasks = 1, completed tasks = 1429]
2024-11-21 21:38:26.948 [SpringApplicationShutdownHook] INFO  c.a.n.client.auth.ram.identify.CredentialWatcher - [null] CredentialWatcher is stopped
2024-11-21 21:38:26.949 [SpringApplicationShutdownHook] INFO  c.a.n.client.auth.ram.identify.CredentialService - [null] CredentialService is freed
2024-11-21 21:38:26.949 [SpringApplicationShutdownHook] INFO  com.alibaba.nacos.client.naming - com.alibaba.nacos.client.naming.remote.NamingClientProxyDelegate do shutdown stop
2024-11-21 21:40:19.763 [main] WARN  com.alibaba.nacos.client.logging.NacosLogging - Load Logback Configuration of Nacos fail, message: Could not initialize Logback Nacos logging from classpath:nacos-logback.xml
2024-11-21 21:40:19.817 [main] WARN  com.alibaba.nacos.client.logging.NacosLogging - Load Logback Configuration of Nacos fail, message: Could not initialize Logback Nacos logging from classpath:nacos-logback.xml
2024-11-21 21:40:20.009 [main] WARN  com.alibaba.nacos.client.logging.NacosLogging - Load Logback Configuration of Nacos fail, message: Could not initialize Logback Nacos logging from classpath:nacos-logback.xml
2024-11-21 21:40:20.010 [main] INFO  com.alibaba.nacos.client.utils.ParamUtil - [settings] [req-serv] nacos-server port:8848
2024-11-21 21:40:20.010 [main] INFO  com.alibaba.nacos.client.utils.ParamUtil - [settings] [http-client] connect timeout:1000
2024-11-21 21:40:20.011 [main] INFO  com.alibaba.nacos.client.utils.ParamUtil - PER_TASK_CONFIG_SIZE: 3000.0
2024-11-21 21:40:20.031 [main] INFO  c.a.n.p.auth.spi.client.ClientAuthPluginManager - [ClientAuthPluginManager] Load ClientAuthService com.alibaba.nacos.client.auth.impl.NacosClientAuthServiceImpl success.
2024-11-21 21:40:20.032 [main] INFO  c.a.n.p.auth.spi.client.ClientAuthPluginManager - [ClientAuthPluginManager] Load ClientAuthService com.alibaba.nacos.client.auth.ram.RamClientAuthServiceImpl success.
2024-11-21 21:40:20.033 [main] INFO  c.a.n.client.auth.ram.identify.CredentialWatcher - null No credential found
2024-11-21 21:40:20.482 [main] WARN  com.alibaba.nacos.client.logging.NacosLogging - Load Logback Configuration of Nacos fail, message: Could not initialize Logback Nacos logging from classpath:nacos-logback.xml
2024-11-21 21:40:20.494 [main] INFO  c.a.n.client.config.impl.LocalConfigInfoProcessor - LOCAL_SNAPSHOT_PATH:C:\Users\xu\nacos\config
2024-11-21 21:40:20.497 [main] INFO  com.alibaba.nacos.common.remote.client - [RpcClientFactory] create a new rpc client of 7ef50b65-37e6-4964-b630-65e74eb0ce74_config-0
2024-11-21 21:40:20.512 [main] INFO  com.alibaba.nacos.common.remote.client - [7ef50b65-37e6-4964-b630-65e74eb0ce74_config-0] Register server push request handler:com.alibaba.nacos.client.config.impl.ClientWorker$ConfigRpcTransportClient$$Lambda$587/0x0000000800f8f4d8
2024-11-21 21:40:20.513 [main] INFO  com.alibaba.nacos.common.remote.client - [7ef50b65-37e6-4964-b630-65e74eb0ce74_config-0] Register server push request handler:com.alibaba.nacos.client.config.impl.ClientWorker$ConfigRpcTransportClient$$Lambda$588/0x0000000800f8f8f8
2024-11-21 21:40:20.513 [main] INFO  com.alibaba.nacos.common.remote.client - [7ef50b65-37e6-4964-b630-65e74eb0ce74_config-0] Registry connection listener to current client:com.alibaba.nacos.client.config.impl.ClientWorker$ConfigRpcTransportClient$1
2024-11-21 21:40:20.513 [main] INFO  com.alibaba.nacos.common.remote.client - [7ef50b65-37e6-4964-b630-65e74eb0ce74_config-0] RpcClient init, ServerListFactory = com.alibaba.nacos.client.config.impl.ClientWorker$ConfigRpcTransportClient$2
2024-11-21 21:40:20.525 [main] INFO  com.alibaba.nacos.common.remote.client - [7ef50b65-37e6-4964-b630-65e74eb0ce74_config-0] Try to connect to server on start up, server: {serverIp = '192.168.117.200', server main port = 8848}
2024-11-21 21:40:20.553 [main] INFO  c.a.nacos.common.remote.client.grpc.GrpcClient - grpc client connection server:192.168.117.200 ip,serverPort:9848,grpcTslConfig:{"sslProvider":"OPENSSL","enableTls":false,"mutualAuthEnable":false,"trustAll":false}
2024-11-21 21:40:21.573 [main] INFO  com.alibaba.nacos.common.remote.client - [7ef50b65-37e6-4964-b630-65e74eb0ce74_config-0] Success to connect to server [192.168.117.200:8848] on start up, connectionId = 1732196421510_192.168.117.1_63214
2024-11-21 21:40:21.573 [com.alibaba.nacos.client.remote.worker] INFO  com.alibaba.nacos.common.remote.client - [7ef50b65-37e6-4964-b630-65e74eb0ce74_config-0] Notify connected event to listeners.
2024-11-21 21:40:21.573 [com.alibaba.nacos.client.remote.worker] INFO  com.alibaba.nacos.client.config.impl.ClientWorker - [7ef50b65-37e6-4964-b630-65e74eb0ce74_config-0] Connected,notify listen context...
2024-11-21 21:40:21.573 [main] INFO  com.alibaba.nacos.common.remote.client - [7ef50b65-37e6-4964-b630-65e74eb0ce74_config-0] Register server push request handler:com.alibaba.nacos.common.remote.client.RpcClient$ConnectResetRequestHandler
2024-11-21 21:40:21.573 [main] INFO  com.alibaba.nacos.common.remote.client - [7ef50b65-37e6-4964-b630-65e74eb0ce74_config-0] Register server push request handler:com.alibaba.nacos.common.remote.client.RpcClient$$Lambda$608/0x00000008010d76d0
2024-11-21 21:40:21.613 [main] INFO  com.alibaba.nacos.client.config.impl.Limiter - limitTime:5.0
2024-11-21 21:40:21.663 [main] WARN  c.a.cloud.nacos.client.NacosPropertySourceBuilder - Ignore the empty nacos configuration and get it based on dataId[xiaohashu-oss] & group[DEFAULT_GROUP]
2024-11-21 21:40:21.677 [main] WARN  c.a.cloud.nacos.client.NacosPropertySourceBuilder - Ignore the empty nacos configuration and get it based on dataId[xiaohashu-oss.yaml] & group[DEFAULT_GROUP]
2024-11-21 21:40:21.684 [main] INFO  com.alibaba.nacos.client.config.utils.JvmUtil - isMultiInstance:false
2024-11-21 21:40:21.698 [main] INFO  o.s.c.b.c.PropertySourceBootstrapConfiguration - Located property source: [BootstrapPropertySource {name='bootstrapProperties-xiaohashu-oss-dev.yaml,DEFAULT_GROUP'}, BootstrapPropertySource {name='bootstrapProperties-xiaohashu-oss.yaml,DEFAULT_GROUP'}, BootstrapPropertySource {name='bootstrapProperties-xiaohashu-oss,DEFAULT_GROUP'}]
2024-11-21 21:40:21.702 [main] WARN  com.alibaba.nacos.client.logging.NacosLogging - Load Logback Configuration of Nacos fail, message: Could not initialize Logback Nacos logging from classpath:nacos-logback.xml
2024-11-21 21:40:21.702 [main] INFO  c.a.xiaohashu.oss.biz.XiaohashuOssBizApplication - The following 1 profile is active: "dev"
2024-11-21 21:40:22.131 [main] INFO  o.springframework.cloud.context.scope.GenericScope - BeanFactory id=be16fc23-0d75-34e1-aa8d-bbb424b5a6b8
2024-11-21 21:40:22.331 [main] INFO  o.s.boot.web.embedded.tomcat.TomcatWebServer - Tomcat initialized with port(s): 8081 (http)
2024-11-21 21:40:22.338 [main] INFO  org.apache.catalina.core.StandardService - Starting service [Tomcat]
2024-11-21 21:40:22.339 [main] INFO  org.apache.catalina.core.StandardEngine - Starting Servlet engine: [Apache Tomcat/10.1.5]
2024-11-21 21:40:22.408 [main] INFO  o.a.c.core.ContainerBase.[Tomcat].[localhost].[/] - Initializing Spring embedded WebApplicationContext
2024-11-21 21:40:22.409 [main] INFO  o.s.b.w.s.c.ServletWebServerApplicationContext - Root WebApplicationContext: initialization completed in 697 ms
2024-11-21 21:40:24.283 [main] INFO  o.s.boot.web.embedded.tomcat.TomcatWebServer - Tomcat started on port(s): 8081 (http) with context path ''
2024-11-21 21:40:24.287 [main] INFO  com.alibaba.nacos.client.naming - initializer namespace from ans.namespace attribute : null
2024-11-21 21:40:24.288 [main] INFO  com.alibaba.nacos.client.naming - initializer namespace from ALIBABA_ALIWARE_NAMESPACE attribute :null
2024-11-21 21:40:24.288 [main] INFO  com.alibaba.nacos.client.naming - initializer namespace from namespace attribute :null
2024-11-21 21:40:24.294 [main] INFO  c.a.n.p.auth.spi.client.ClientAuthPluginManager - [ClientAuthPluginManager] Load ClientAuthService com.alibaba.nacos.client.auth.impl.NacosClientAuthServiceImpl success.
2024-11-21 21:40:24.295 [main] INFO  c.a.n.p.auth.spi.client.ClientAuthPluginManager - [ClientAuthPluginManager] Load ClientAuthService com.alibaba.nacos.client.auth.ram.RamClientAuthServiceImpl success.
2024-11-21 21:40:24.299 [main] INFO  com.alibaba.nacos.common.remote.client - [RpcClientFactory] create a new rpc client of 12a7444d-a225-4837-983e-cb3622cb440d
2024-11-21 21:40:24.300 [main] INFO  com.alibaba.nacos.common.remote.client - [12a7444d-a225-4837-983e-cb3622cb440d] RpcClient init, ServerListFactory = com.alibaba.nacos.client.naming.core.ServerListManager
2024-11-21 21:40:24.300 [main] INFO  com.alibaba.nacos.common.remote.client - [12a7444d-a225-4837-983e-cb3622cb440d] Registry connection listener to current client:com.alibaba.nacos.client.naming.remote.gprc.redo.NamingGrpcRedoService
2024-11-21 21:40:24.301 [main] INFO  com.alibaba.nacos.common.remote.client - [12a7444d-a225-4837-983e-cb3622cb440d] Register server push request handler:com.alibaba.nacos.client.naming.remote.gprc.NamingPushRequestHandler
2024-11-21 21:40:24.301 [main] INFO  com.alibaba.nacos.common.remote.client - [12a7444d-a225-4837-983e-cb3622cb440d] Try to connect to server on start up, server: {serverIp = '192.168.117.200', server main port = 8848}
2024-11-21 21:40:24.301 [main] INFO  c.a.nacos.common.remote.client.grpc.GrpcClient - grpc client connection server:192.168.117.200 ip,serverPort:9848,grpcTslConfig:{"sslProvider":"OPENSSL","enableTls":false,"mutualAuthEnable":false,"trustAll":false}
2024-11-21 21:40:24.516 [main] INFO  com.alibaba.nacos.common.remote.client - [12a7444d-a225-4837-983e-cb3622cb440d] Success to connect to server [192.168.117.200:8848] on start up, connectionId = 1732196424505_192.168.117.1_63222
2024-11-21 21:40:24.516 [main] INFO  com.alibaba.nacos.common.remote.client - [12a7444d-a225-4837-983e-cb3622cb440d] Register server push request handler:com.alibaba.nacos.common.remote.client.RpcClient$ConnectResetRequestHandler
2024-11-21 21:40:24.516 [main] INFO  com.alibaba.nacos.common.remote.client - [12a7444d-a225-4837-983e-cb3622cb440d] Register server push request handler:com.alibaba.nacos.common.remote.client.RpcClient$$Lambda$608/0x00000008010d76d0
2024-11-21 21:40:24.516 [com.alibaba.nacos.client.remote.worker] INFO  com.alibaba.nacos.common.remote.client - [12a7444d-a225-4837-983e-cb3622cb440d] Notify connected event to listeners.
2024-11-21 21:40:24.516 [com.alibaba.nacos.client.remote.worker] INFO  com.alibaba.nacos.client.naming - Grpc connection connect
2024-11-21 21:40:24.517 [main] INFO  com.alibaba.nacos.client.naming - [REGISTER-SERVICE] xiaohashu registering service xiaohashu-oss with instance Instance{instanceId='null', ip='192.168.117.1', port=8081, weight=1.0, healthy=true, enabled=true, ephemeral=true, clusterName='DEFAULT', serviceName='null', metadata={IPv6=null, preserved.register.source=SPRING_CLOUD}}
2024-11-21 21:40:24.528 [main] INFO  c.a.cloud.nacos.registry.NacosServiceRegistry - nacos registry, DEFAULT_GROUP xiaohashu-oss 192.168.117.1:8081 register finished
2024-11-21 21:40:24.911 [main] INFO  c.a.xiaohashu.oss.biz.XiaohashuOssBizApplication - Started XiaohashuOssBizApplication in 6.068 seconds (process running for 7.05)
2024-11-21 21:40:24.913 [main] INFO  com.alibaba.nacos.client.config.impl.CacheData - nacos.cache.data.init.snapshot = true 
2024-11-21 21:40:24.914 [main] INFO  com.alibaba.nacos.client.config.impl.ClientWorker - [fixed-xiaohashu-192.168.117.200_8848] [subscribe] xiaohashu-oss+DEFAULT_GROUP+xiaohashu
2024-11-21 21:40:24.921 [main] INFO  com.alibaba.nacos.client.config.impl.CacheData - [fixed-xiaohashu-192.168.117.200_8848] [add-listener] ok, tenant=xiaohashu, dataId=xiaohashu-oss, group=DEFAULT_GROUP, cnt=1
2024-11-21 21:40:24.921 [main] INFO  c.a.cloud.nacos.refresh.NacosContextRefresher - [Nacos Config] Listening config: dataId=xiaohashu-oss, group=DEFAULT_GROUP
2024-11-21 21:40:24.923 [main] INFO  com.alibaba.nacos.client.config.impl.ClientWorker - [fixed-xiaohashu-192.168.117.200_8848] [subscribe] xiaohashu-oss-dev.yaml+DEFAULT_GROUP+xiaohashu
2024-11-21 21:40:24.923 [main] INFO  com.alibaba.nacos.client.config.impl.CacheData - [fixed-xiaohashu-192.168.117.200_8848] [add-listener] ok, tenant=xiaohashu, dataId=xiaohashu-oss-dev.yaml, group=DEFAULT_GROUP, cnt=1
2024-11-21 21:40:24.923 [main] INFO  c.a.cloud.nacos.refresh.NacosContextRefresher - [Nacos Config] Listening config: dataId=xiaohashu-oss-dev.yaml, group=DEFAULT_GROUP
2024-11-21 21:40:24.924 [main] INFO  com.alibaba.nacos.client.config.impl.ClientWorker - [fixed-xiaohashu-192.168.117.200_8848] [subscribe] xiaohashu-oss.yaml+DEFAULT_GROUP+xiaohashu
2024-11-21 21:40:24.924 [main] INFO  com.alibaba.nacos.client.config.impl.CacheData - [fixed-xiaohashu-192.168.117.200_8848] [add-listener] ok, tenant=xiaohashu, dataId=xiaohashu-oss.yaml, group=DEFAULT_GROUP, cnt=1
2024-11-21 21:40:24.924 [main] INFO  c.a.cloud.nacos.refresh.NacosContextRefresher - [Nacos Config] Listening config: dataId=xiaohashu-oss.yaml, group=DEFAULT_GROUP
2024-11-21 21:51:25.221 [Thread-9] WARN  com.alibaba.nacos.common.notify.NotifyCenter - [NotifyCenter] Start destroying Publisher
2024-11-21 21:51:25.221 [Thread-2] WARN  c.alibaba.nacos.common.http.HttpClientBeanHolder - [HttpClientBeanHolder] Start destroying common HttpClient
2024-11-21 21:51:25.221 [Thread-9] WARN  com.alibaba.nacos.common.notify.NotifyCenter - [NotifyCenter] Destruction of the end
2024-11-21 21:51:25.222 [Thread-2] WARN  c.alibaba.nacos.common.http.HttpClientBeanHolder - [HttpClientBeanHolder] Destruction of the end
2024-11-21 21:51:25.259 [SpringApplicationShutdownHook] INFO  c.a.cloud.nacos.registry.NacosServiceRegistry - De-registering from Nacos Server now...
2024-11-21 21:51:25.259 [SpringApplicationShutdownHook] INFO  com.alibaba.nacos.client.naming - [DEREGISTER-SERVICE] xiaohashu deregistering service xiaohashu-oss with instance: Instance{instanceId='null', ip='192.168.117.1', port=8081, weight=1.0, healthy=true, enabled=true, ephemeral=true, clusterName='DEFAULT', serviceName='null', metadata={}}
2024-11-21 21:51:25.305 [SpringApplicationShutdownHook] INFO  c.a.cloud.nacos.registry.NacosServiceRegistry - De-registration finished.
2024-11-21 21:51:25.305 [SpringApplicationShutdownHook] INFO  com.alibaba.nacos.client.naming - com.alibaba.nacos.client.naming.cache.ServiceInfoHolder do shutdown begin
2024-11-21 21:51:25.306 [SpringApplicationShutdownHook] INFO  com.alibaba.nacos.client.naming - com.alibaba.nacos.client.naming.backups.FailoverReactor do shutdown begin
2024-11-21 21:51:25.306 [SpringApplicationShutdownHook] INFO  com.alibaba.nacos.client.naming - com.alibaba.nacos.client.naming.backups.FailoverReactor do shutdown stop
2024-11-21 21:51:25.306 [SpringApplicationShutdownHook] INFO  com.alibaba.nacos.client.naming - com.alibaba.nacos.client.naming.cache.ServiceInfoHolder do shutdown stop
2024-11-21 21:51:25.306 [SpringApplicationShutdownHook] INFO  com.alibaba.nacos.client.naming - com.alibaba.nacos.client.naming.remote.NamingClientProxyDelegate do shutdown begin
2024-11-21 21:51:25.306 [SpringApplicationShutdownHook] INFO  com.alibaba.nacos.client.naming - com.alibaba.nacos.client.naming.core.ServiceInfoUpdateService do shutdown begin
2024-11-21 21:51:25.306 [SpringApplicationShutdownHook] INFO  com.alibaba.nacos.client.naming - com.alibaba.nacos.client.naming.core.ServiceInfoUpdateService do shutdown stop
2024-11-21 21:51:25.306 [SpringApplicationShutdownHook] INFO  com.alibaba.nacos.client.naming - com.alibaba.nacos.client.naming.core.ServerListManager do shutdown begin
2024-11-21 21:51:25.306 [SpringApplicationShutdownHook] WARN  com.alibaba.nacos.client.naming - [NamingHttpClientManager] Start destroying NacosRestTemplate
2024-11-21 21:51:25.306 [SpringApplicationShutdownHook] WARN  com.alibaba.nacos.client.naming - [NamingHttpClientManager] Destruction of the end
2024-11-21 21:51:25.307 [SpringApplicationShutdownHook] INFO  com.alibaba.nacos.client.naming - com.alibaba.nacos.client.naming.core.ServerListManager do shutdown stop
2024-11-21 21:51:25.307 [SpringApplicationShutdownHook] INFO  com.alibaba.nacos.client.naming - com.alibaba.nacos.client.naming.remote.http.NamingHttpClientProxy do shutdown begin
2024-11-21 21:51:25.307 [SpringApplicationShutdownHook] WARN  com.alibaba.nacos.client.naming - [NamingHttpClientManager] Start destroying NacosRestTemplate
2024-11-21 21:51:25.307 [SpringApplicationShutdownHook] WARN  com.alibaba.nacos.client.naming - [NamingHttpClientManager] Destruction of the end
2024-11-21 21:51:25.307 [SpringApplicationShutdownHook] INFO  com.alibaba.nacos.client.naming - com.alibaba.nacos.client.naming.remote.http.NamingHttpClientProxy do shutdown stop
2024-11-21 21:51:25.307 [SpringApplicationShutdownHook] INFO  com.alibaba.nacos.common.remote.client - Shutdown rpc client, set status to shutdown
2024-11-21 21:51:25.307 [SpringApplicationShutdownHook] INFO  com.alibaba.nacos.common.remote.client - Shutdown client event executor java.util.concurrent.ScheduledThreadPoolExecutor@7b002bb0[Running, pool size = 2, active threads = 2, queued tasks = 0, completed tasks = 0]
2024-11-21 21:51:25.307 [SpringApplicationShutdownHook] INFO  com.alibaba.nacos.common.remote.client - Close current connection 1732196424505_192.168.117.1_63222
2024-11-21 21:51:25.310 [nacos-grpc-client-executor-192.168.117.200-148] INFO  c.a.nacos.common.remote.client.grpc.GrpcClient - [1732196424505_192.168.117.1_63222]Ignore complete event,isRunning:false,isAbandon=false
2024-11-21 21:51:25.311 [SpringApplicationShutdownHook] INFO  c.a.nacos.common.remote.client.grpc.GrpcClient - Shutdown grpc executor java.util.concurrent.ThreadPoolExecutor@4a7b837b[Running, pool size = 4, active threads = 0, queued tasks = 0, completed tasks = 149]
2024-11-21 21:51:25.312 [SpringApplicationShutdownHook] INFO  com.alibaba.nacos.client.naming - Shutdown grpc redo service executor java.util.concurrent.ScheduledThreadPoolExecutor@25972d67[Running, pool size = 1, active threads = 0, queued tasks = 1, completed tasks = 219]
2024-11-21 21:51:25.312 [SpringApplicationShutdownHook] INFO  c.a.n.client.auth.ram.identify.CredentialWatcher - [null] CredentialWatcher is stopped
2024-11-21 21:51:25.313 [SpringApplicationShutdownHook] INFO  c.a.n.client.auth.ram.identify.CredentialService - [null] CredentialService is freed
2024-11-21 21:51:25.313 [SpringApplicationShutdownHook] INFO  com.alibaba.nacos.client.naming - com.alibaba.nacos.client.naming.remote.NamingClientProxyDelegate do shutdown stop
