2024-11-13 20:29:33.251 [main] INFO  c.a.xiaohashu.oss.biz.XiaohashuOssBizApplication - Starting XiaohashuOssBizApplication using Java 17.0.2 with PID 32852 (E:\java_workspace\project\xiaohashu\xiaohashu\xiaohashu-oss\xiaohashu-oss-biz\target\classes started by xu in E:\java_workspace\project\xiaohashu\xiaohashu)
2024-11-13 20:29:33.254 [main] INFO  c.a.xiaohashu.oss.biz.XiaohashuOssBizApplication - The following 1 profile is active: "dev"
2024-11-13 20:29:34.349 [main] INFO  o.s.boot.web.embedded.tomcat.TomcatWebServer - Tomcat initialized with port(s): 8081 (http)
2024-11-13 20:29:34.361 [main] INFO  org.apache.catalina.core.StandardService - Starting service [Tomcat]
2024-11-13 20:29:34.361 [main] INFO  org.apache.catalina.core.StandardEngine - Starting Servlet engine: [Apache Tomcat/10.1.5]
2024-11-13 20:29:34.453 [main] INFO  o.a.c.core.ContainerBase.[Tomcat].[localhost].[/] - Initializing Spring embedded WebApplicationContext
2024-11-13 20:29:34.454 [main] INFO  o.s.b.w.s.c.ServletWebServerApplicationContext - Root WebApplicationContext: initialization completed in 1155 ms
2024-11-13 20:29:34.799 [main] INFO  o.s.boot.web.embedded.tomcat.TomcatWebServer - Tomcat started on port(s): 8081 (http) with context path ''
2024-11-13 20:29:34.806 [main] INFO  c.a.xiaohashu.oss.biz.XiaohashuOssBizApplication - Started XiaohashuOssBizApplication in 2.155 seconds (process running for 3.23)
2024-11-13 21:06:12.920 [main] WARN  com.alibaba.nacos.client.logging.NacosLogging - Load Logback Configuration of Nacos fail, message: Could not initialize Logback Nacos logging from classpath:nacos-logback.xml
2024-11-13 21:06:12.981 [main] WARN  com.alibaba.nacos.client.logging.NacosLogging - Load Logback Configuration of Nacos fail, message: Could not initialize Logback Nacos logging from classpath:nacos-logback.xml
2024-11-13 21:06:13.184 [main] WARN  com.alibaba.nacos.client.logging.NacosLogging - Load Logback Configuration of Nacos fail, message: Could not initialize Logback Nacos logging from classpath:nacos-logback.xml
2024-11-13 21:06:13.186 [main] INFO  com.alibaba.nacos.client.utils.ParamUtil - [settings] [req-serv] nacos-server port:8848
2024-11-13 21:06:13.186 [main] INFO  com.alibaba.nacos.client.utils.ParamUtil - [settings] [http-client] connect timeout:1000
2024-11-13 21:06:13.187 [main] INFO  com.alibaba.nacos.client.utils.ParamUtil - PER_TASK_CONFIG_SIZE: 3000.0
2024-11-13 21:06:13.211 [main] INFO  c.a.n.p.auth.spi.client.ClientAuthPluginManager - [ClientAuthPluginManager] Load ClientAuthService com.alibaba.nacos.client.auth.impl.NacosClientAuthServiceImpl success.
2024-11-13 21:06:13.211 [main] INFO  c.a.n.p.auth.spi.client.ClientAuthPluginManager - [ClientAuthPluginManager] Load ClientAuthService com.alibaba.nacos.client.auth.ram.RamClientAuthServiceImpl success.
2024-11-13 21:06:13.214 [main] INFO  c.a.n.client.auth.ram.identify.CredentialWatcher - null No credential found
2024-11-13 21:06:13.581 [main] WARN  com.alibaba.nacos.client.logging.NacosLogging - Load Logback Configuration of Nacos fail, message: Could not initialize Logback Nacos logging from classpath:nacos-logback.xml
2024-11-13 21:06:13.592 [main] INFO  c.a.n.client.config.impl.LocalConfigInfoProcessor - LOCAL_SNAPSHOT_PATH:C:\Users\xu\nacos\config
2024-11-13 21:06:13.597 [main] INFO  com.alibaba.nacos.common.remote.client - [RpcClientFactory] create a new rpc client of da6fd0df-141b-43a3-a5a3-53d723b0e20a_config-0
2024-11-13 21:06:13.617 [main] INFO  com.alibaba.nacos.common.remote.client - [da6fd0df-141b-43a3-a5a3-53d723b0e20a_config-0] Register server push request handler:com.alibaba.nacos.client.config.impl.ClientWorker$ConfigRpcTransportClient$$Lambda$587/0x0000000800f77c18
2024-11-13 21:06:13.617 [main] INFO  com.alibaba.nacos.common.remote.client - [da6fd0df-141b-43a3-a5a3-53d723b0e20a_config-0] Register server push request handler:com.alibaba.nacos.client.config.impl.ClientWorker$ConfigRpcTransportClient$$Lambda$588/0x0000000800f78200
2024-11-13 21:06:13.617 [main] INFO  com.alibaba.nacos.common.remote.client - [da6fd0df-141b-43a3-a5a3-53d723b0e20a_config-0] Registry connection listener to current client:com.alibaba.nacos.client.config.impl.ClientWorker$ConfigRpcTransportClient$1
2024-11-13 21:06:13.618 [main] INFO  com.alibaba.nacos.common.remote.client - [da6fd0df-141b-43a3-a5a3-53d723b0e20a_config-0] RpcClient init, ServerListFactory = com.alibaba.nacos.client.config.impl.ClientWorker$ConfigRpcTransportClient$2
2024-11-13 21:06:13.624 [main] INFO  com.alibaba.nacos.common.remote.client - [da6fd0df-141b-43a3-a5a3-53d723b0e20a_config-0] Try to connect to server on start up, server: {serverIp = '192.168.117.200', server main port = 8848}
2024-11-13 21:06:13.657 [main] INFO  c.a.nacos.common.remote.client.grpc.GrpcClient - grpc client connection server:192.168.117.200 ip,serverPort:9848,grpcTslConfig:{"sslProvider":"OPENSSL","enableTls":false,"mutualAuthEnable":false,"trustAll":false}
2024-11-13 21:06:14.763 [main] INFO  com.alibaba.nacos.common.remote.client - [da6fd0df-141b-43a3-a5a3-53d723b0e20a_config-0] Success to connect to server [192.168.117.200:8848] on start up, connectionId = 1731503176242_192.168.117.1_55887
2024-11-13 21:06:14.763 [com.alibaba.nacos.client.remote.worker] INFO  com.alibaba.nacos.common.remote.client - [da6fd0df-141b-43a3-a5a3-53d723b0e20a_config-0] Notify connected event to listeners.
2024-11-13 21:06:14.764 [com.alibaba.nacos.client.remote.worker] INFO  com.alibaba.nacos.client.config.impl.ClientWorker - [da6fd0df-141b-43a3-a5a3-53d723b0e20a_config-0] Connected,notify listen context...
2024-11-13 21:06:14.764 [main] INFO  com.alibaba.nacos.common.remote.client - [da6fd0df-141b-43a3-a5a3-53d723b0e20a_config-0] Register server push request handler:com.alibaba.nacos.common.remote.client.RpcClient$ConnectResetRequestHandler
2024-11-13 21:06:14.764 [main] INFO  com.alibaba.nacos.common.remote.client - [da6fd0df-141b-43a3-a5a3-53d723b0e20a_config-0] Register server push request handler:com.alibaba.nacos.common.remote.client.RpcClient$$Lambda$608/0x00000008010cf8f0
2024-11-13 21:06:14.804 [main] INFO  com.alibaba.nacos.client.config.impl.Limiter - limitTime:5.0
2024-11-13 21:06:14.834 [main] WARN  c.a.cloud.nacos.client.NacosPropertySourceBuilder - Ignore the empty nacos configuration and get it based on dataId[xiaohashu-oss] & group[DEFAULT_GROUP]
2024-11-13 21:06:14.908 [main] WARN  c.a.cloud.nacos.client.NacosPropertySourceBuilder - Ignore the empty nacos configuration and get it based on dataId[xiaohashu-oss.yaml] & group[DEFAULT_GROUP]
2024-11-13 21:06:15.020 [main] INFO  com.alibaba.nacos.client.config.utils.JvmUtil - isMultiInstance:false
2024-11-13 21:06:15.027 [main] INFO  o.s.c.b.c.PropertySourceBootstrapConfiguration - Located property source: [BootstrapPropertySource {name='bootstrapProperties-xiaohashu-oss-dev.yaml,DEFAULT_GROUP'}, BootstrapPropertySource {name='bootstrapProperties-xiaohashu-oss.yaml,DEFAULT_GROUP'}, BootstrapPropertySource {name='bootstrapProperties-xiaohashu-oss,DEFAULT_GROUP'}]
2024-11-13 21:06:15.033 [main] WARN  com.alibaba.nacos.client.logging.NacosLogging - Load Logback Configuration of Nacos fail, message: Could not initialize Logback Nacos logging from classpath:nacos-logback.xml
2024-11-13 21:06:15.034 [main] INFO  c.a.xiaohashu.oss.biz.XiaohashuOssBizApplication - The following 1 profile is active: "dev"
2024-11-13 21:06:15.567 [main] INFO  o.springframework.cloud.context.scope.GenericScope - BeanFactory id=f74d5694-5b73-33fe-b397-17e4ea666ab6
2024-11-13 21:06:15.795 [main] INFO  o.s.boot.web.embedded.tomcat.TomcatWebServer - Tomcat initialized with port(s): 8081 (http)
2024-11-13 21:06:15.803 [main] INFO  org.apache.catalina.core.StandardService - Starting service [Tomcat]
2024-11-13 21:06:15.803 [main] INFO  org.apache.catalina.core.StandardEngine - Starting Servlet engine: [Apache Tomcat/10.1.5]
2024-11-13 21:06:15.866 [main] INFO  o.a.c.core.ContainerBase.[Tomcat].[localhost].[/] - Initializing Spring embedded WebApplicationContext
2024-11-13 21:06:15.866 [main] INFO  o.s.b.w.s.c.ServletWebServerApplicationContext - Root WebApplicationContext: initialization completed in 816 ms
2024-11-13 21:06:15.920 [main] WARN  o.s.b.w.s.c.AnnotationConfigServletWebServerApplicationContext - Exception encountered during context initialization - cancelling refresh attempt: org.springframework.beans.factory.BeanCreationException: Error creating bean with name 'fileController': Injection of resource dependencies failed
2024-11-13 21:06:15.920 [main] INFO  org.apache.catalina.core.StandardService - Stopping service [Tomcat]
2024-11-13 21:06:15.930 [main] INFO  o.s.b.a.logging.ConditionEvaluationReportLogger - 

Error starting ApplicationContext. To display the condition evaluation report re-run your application with 'debug' enabled.
2024-11-13 21:06:15.951 [main] ERROR o.s.b.diagnostics.LoggingFailureAnalysisReporter - 

***************************
APPLICATION FAILED TO START
***************************

Description:

A component required a bean of type 'com.arnanzz.xiaohashu.oss.biz.service.FileService' that could not be found.


Action:

Consider defining a bean of type 'com.arnanzz.xiaohashu.oss.biz.service.FileService' in your configuration.

2024-11-13 21:06:15.952 [Thread-2] WARN  c.alibaba.nacos.common.http.HttpClientBeanHolder - [HttpClientBeanHolder] Start destroying common HttpClient
2024-11-13 21:06:15.952 [Thread-9] WARN  com.alibaba.nacos.common.notify.NotifyCenter - [NotifyCenter] Start destroying Publisher
2024-11-13 21:06:15.952 [Thread-9] WARN  com.alibaba.nacos.common.notify.NotifyCenter - [NotifyCenter] Destruction of the end
2024-11-13 21:06:15.953 [Thread-2] WARN  c.alibaba.nacos.common.http.HttpClientBeanHolder - [HttpClientBeanHolder] Destruction of the end
2024-11-13 21:08:36.200 [main] WARN  com.alibaba.nacos.client.logging.NacosLogging - Load Logback Configuration of Nacos fail, message: Could not initialize Logback Nacos logging from classpath:nacos-logback.xml
2024-11-13 21:08:36.259 [main] WARN  com.alibaba.nacos.client.logging.NacosLogging - Load Logback Configuration of Nacos fail, message: Could not initialize Logback Nacos logging from classpath:nacos-logback.xml
2024-11-13 21:08:36.477 [main] WARN  com.alibaba.nacos.client.logging.NacosLogging - Load Logback Configuration of Nacos fail, message: Could not initialize Logback Nacos logging from classpath:nacos-logback.xml
2024-11-13 21:08:36.478 [main] INFO  com.alibaba.nacos.client.utils.ParamUtil - [settings] [req-serv] nacos-server port:8848
2024-11-13 21:08:36.478 [main] INFO  com.alibaba.nacos.client.utils.ParamUtil - [settings] [http-client] connect timeout:1000
2024-11-13 21:08:36.479 [main] INFO  com.alibaba.nacos.client.utils.ParamUtil - PER_TASK_CONFIG_SIZE: 3000.0
2024-11-13 21:08:36.500 [main] INFO  c.a.n.p.auth.spi.client.ClientAuthPluginManager - [ClientAuthPluginManager] Load ClientAuthService com.alibaba.nacos.client.auth.impl.NacosClientAuthServiceImpl success.
2024-11-13 21:08:36.500 [main] INFO  c.a.n.p.auth.spi.client.ClientAuthPluginManager - [ClientAuthPluginManager] Load ClientAuthService com.alibaba.nacos.client.auth.ram.RamClientAuthServiceImpl success.
2024-11-13 21:08:36.502 [main] INFO  c.a.n.client.auth.ram.identify.CredentialWatcher - null No credential found
2024-11-13 21:08:36.861 [main] WARN  com.alibaba.nacos.client.logging.NacosLogging - Load Logback Configuration of Nacos fail, message: Could not initialize Logback Nacos logging from classpath:nacos-logback.xml
2024-11-13 21:08:36.871 [main] INFO  c.a.n.client.config.impl.LocalConfigInfoProcessor - LOCAL_SNAPSHOT_PATH:C:\Users\xu\nacos\config
2024-11-13 21:08:36.874 [main] INFO  com.alibaba.nacos.common.remote.client - [RpcClientFactory] create a new rpc client of 08354225-e775-40e3-9c7d-da8ea6026617_config-0
2024-11-13 21:08:36.893 [main] INFO  com.alibaba.nacos.common.remote.client - [08354225-e775-40e3-9c7d-da8ea6026617_config-0] Register server push request handler:com.alibaba.nacos.client.config.impl.ClientWorker$ConfigRpcTransportClient$$Lambda$587/0x0000000800f8f410
2024-11-13 21:08:36.893 [main] INFO  com.alibaba.nacos.common.remote.client - [08354225-e775-40e3-9c7d-da8ea6026617_config-0] Register server push request handler:com.alibaba.nacos.client.config.impl.ClientWorker$ConfigRpcTransportClient$$Lambda$588/0x0000000800f8f830
2024-11-13 21:08:36.894 [main] INFO  com.alibaba.nacos.common.remote.client - [08354225-e775-40e3-9c7d-da8ea6026617_config-0] Registry connection listener to current client:com.alibaba.nacos.client.config.impl.ClientWorker$ConfigRpcTransportClient$1
2024-11-13 21:08:36.894 [main] INFO  com.alibaba.nacos.common.remote.client - [08354225-e775-40e3-9c7d-da8ea6026617_config-0] RpcClient init, ServerListFactory = com.alibaba.nacos.client.config.impl.ClientWorker$ConfigRpcTransportClient$2
2024-11-13 21:08:36.900 [main] INFO  com.alibaba.nacos.common.remote.client - [08354225-e775-40e3-9c7d-da8ea6026617_config-0] Try to connect to server on start up, server: {serverIp = '192.168.117.200', server main port = 8848}
2024-11-13 21:08:36.933 [main] INFO  c.a.nacos.common.remote.client.grpc.GrpcClient - grpc client connection server:192.168.117.200 ip,serverPort:9848,grpcTslConfig:{"sslProvider":"OPENSSL","enableTls":false,"mutualAuthEnable":false,"trustAll":false}
2024-11-13 21:08:37.897 [main] INFO  com.alibaba.nacos.common.remote.client - [08354225-e775-40e3-9c7d-da8ea6026617_config-0] Success to connect to server [192.168.117.200:8848] on start up, connectionId = 1731503319449_192.168.117.1_55936
2024-11-13 21:08:37.897 [com.alibaba.nacos.client.remote.worker] INFO  com.alibaba.nacos.common.remote.client - [08354225-e775-40e3-9c7d-da8ea6026617_config-0] Notify connected event to listeners.
2024-11-13 21:08:37.897 [com.alibaba.nacos.client.remote.worker] INFO  com.alibaba.nacos.client.config.impl.ClientWorker - [08354225-e775-40e3-9c7d-da8ea6026617_config-0] Connected,notify listen context...
2024-11-13 21:08:37.898 [main] INFO  com.alibaba.nacos.common.remote.client - [08354225-e775-40e3-9c7d-da8ea6026617_config-0] Register server push request handler:com.alibaba.nacos.common.remote.client.RpcClient$ConnectResetRequestHandler
2024-11-13 21:08:37.898 [main] INFO  com.alibaba.nacos.common.remote.client - [08354225-e775-40e3-9c7d-da8ea6026617_config-0] Register server push request handler:com.alibaba.nacos.common.remote.client.RpcClient$$Lambda$608/0x00000008010d76d0
2024-11-13 21:08:37.935 [main] INFO  com.alibaba.nacos.client.config.impl.Limiter - limitTime:5.0
2024-11-13 21:08:37.949 [main] WARN  c.a.cloud.nacos.client.NacosPropertySourceBuilder - Ignore the empty nacos configuration and get it based on dataId[xiaohashu-oss] & group[DEFAULT_GROUP]
2024-11-13 21:08:37.956 [main] WARN  c.a.cloud.nacos.client.NacosPropertySourceBuilder - Ignore the empty nacos configuration and get it based on dataId[xiaohashu-oss.yaml] & group[DEFAULT_GROUP]
2024-11-13 21:08:37.965 [main] INFO  com.alibaba.nacos.client.config.utils.JvmUtil - isMultiInstance:false
2024-11-13 21:08:37.969 [main] INFO  o.s.c.b.c.PropertySourceBootstrapConfiguration - Located property source: [BootstrapPropertySource {name='bootstrapProperties-xiaohashu-oss-dev.yaml,DEFAULT_GROUP'}, BootstrapPropertySource {name='bootstrapProperties-xiaohashu-oss.yaml,DEFAULT_GROUP'}, BootstrapPropertySource {name='bootstrapProperties-xiaohashu-oss,DEFAULT_GROUP'}]
2024-11-13 21:08:37.973 [main] WARN  com.alibaba.nacos.client.logging.NacosLogging - Load Logback Configuration of Nacos fail, message: Could not initialize Logback Nacos logging from classpath:nacos-logback.xml
2024-11-13 21:08:37.974 [main] INFO  c.a.xiaohashu.oss.biz.XiaohashuOssBizApplication - The following 1 profile is active: "dev"
2024-11-13 21:08:38.446 [main] INFO  o.springframework.cloud.context.scope.GenericScope - BeanFactory id=be16fc23-0d75-34e1-aa8d-bbb424b5a6b8
2024-11-13 21:08:38.676 [main] INFO  o.s.boot.web.embedded.tomcat.TomcatWebServer - Tomcat initialized with port(s): 8081 (http)
2024-11-13 21:08:38.684 [main] INFO  org.apache.catalina.core.StandardService - Starting service [Tomcat]
2024-11-13 21:08:38.685 [main] INFO  org.apache.catalina.core.StandardEngine - Starting Servlet engine: [Apache Tomcat/10.1.5]
2024-11-13 21:08:38.745 [main] INFO  o.a.c.core.ContainerBase.[Tomcat].[localhost].[/] - Initializing Spring embedded WebApplicationContext
2024-11-13 21:08:38.746 [main] INFO  o.s.b.w.s.c.ServletWebServerApplicationContext - Root WebApplicationContext: initialization completed in 760 ms
2024-11-13 21:08:40.512 [main] INFO  o.s.boot.web.embedded.tomcat.TomcatWebServer - Tomcat started on port(s): 8081 (http) with context path ''
2024-11-13 21:08:40.516 [main] INFO  com.alibaba.nacos.client.naming - initializer namespace from ans.namespace attribute : null
2024-11-13 21:08:40.516 [main] INFO  com.alibaba.nacos.client.naming - initializer namespace from ALIBABA_ALIWARE_NAMESPACE attribute :null
2024-11-13 21:08:40.517 [main] INFO  com.alibaba.nacos.client.naming - initializer namespace from namespace attribute :null
2024-11-13 21:08:40.523 [main] INFO  c.a.n.p.auth.spi.client.ClientAuthPluginManager - [ClientAuthPluginManager] Load ClientAuthService com.alibaba.nacos.client.auth.impl.NacosClientAuthServiceImpl success.
2024-11-13 21:08:40.523 [main] INFO  c.a.n.p.auth.spi.client.ClientAuthPluginManager - [ClientAuthPluginManager] Load ClientAuthService com.alibaba.nacos.client.auth.ram.RamClientAuthServiceImpl success.
2024-11-13 21:08:40.527 [main] INFO  com.alibaba.nacos.common.remote.client - [RpcClientFactory] create a new rpc client of ba7e69e1-a9bf-42de-88d3-55a23a1dd39d
2024-11-13 21:08:40.528 [main] INFO  com.alibaba.nacos.common.remote.client - [ba7e69e1-a9bf-42de-88d3-55a23a1dd39d] RpcClient init, ServerListFactory = com.alibaba.nacos.client.naming.core.ServerListManager
2024-11-13 21:08:40.528 [main] INFO  com.alibaba.nacos.common.remote.client - [ba7e69e1-a9bf-42de-88d3-55a23a1dd39d] Registry connection listener to current client:com.alibaba.nacos.client.naming.remote.gprc.redo.NamingGrpcRedoService
2024-11-13 21:08:40.529 [main] INFO  com.alibaba.nacos.common.remote.client - [ba7e69e1-a9bf-42de-88d3-55a23a1dd39d] Register server push request handler:com.alibaba.nacos.client.naming.remote.gprc.NamingPushRequestHandler
2024-11-13 21:08:40.529 [main] INFO  com.alibaba.nacos.common.remote.client - [ba7e69e1-a9bf-42de-88d3-55a23a1dd39d] Try to connect to server on start up, server: {serverIp = '192.168.117.200', server main port = 8848}
2024-11-13 21:08:40.529 [main] INFO  c.a.nacos.common.remote.client.grpc.GrpcClient - grpc client connection server:192.168.117.200 ip,serverPort:9848,grpcTslConfig:{"sslProvider":"OPENSSL","enableTls":false,"mutualAuthEnable":false,"trustAll":false}
2024-11-13 21:08:40.825 [main] INFO  com.alibaba.nacos.common.remote.client - [ba7e69e1-a9bf-42de-88d3-55a23a1dd39d] Success to connect to server [192.168.117.200:8848] on start up, connectionId = 1731503322452_192.168.117.1_55937
2024-11-13 21:08:40.825 [main] INFO  com.alibaba.nacos.common.remote.client - [ba7e69e1-a9bf-42de-88d3-55a23a1dd39d] Register server push request handler:com.alibaba.nacos.common.remote.client.RpcClient$ConnectResetRequestHandler
2024-11-13 21:08:40.825 [com.alibaba.nacos.client.remote.worker] INFO  com.alibaba.nacos.common.remote.client - [ba7e69e1-a9bf-42de-88d3-55a23a1dd39d] Notify connected event to listeners.
2024-11-13 21:08:40.825 [main] INFO  com.alibaba.nacos.common.remote.client - [ba7e69e1-a9bf-42de-88d3-55a23a1dd39d] Register server push request handler:com.alibaba.nacos.common.remote.client.RpcClient$$Lambda$608/0x00000008010d76d0
2024-11-13 21:08:40.825 [com.alibaba.nacos.client.remote.worker] INFO  com.alibaba.nacos.client.naming - Grpc connection connect
2024-11-13 21:08:40.826 [main] INFO  com.alibaba.nacos.client.naming - [REGISTER-SERVICE] xiaohashu registering service xiaohashu-oss with instance Instance{instanceId='null', ip='192.168.117.1', port=8081, weight=1.0, healthy=true, enabled=true, ephemeral=true, clusterName='DEFAULT', serviceName='null', metadata={IPv6=null, preserved.register.source=SPRING_CLOUD}}
2024-11-13 21:08:40.845 [main] INFO  c.a.cloud.nacos.registry.NacosServiceRegistry - nacos registry, DEFAULT_GROUP xiaohashu-oss 192.168.117.1:8081 register finished
2024-11-13 21:08:41.157 [main] INFO  c.a.xiaohashu.oss.biz.XiaohashuOssBizApplication - Started XiaohashuOssBizApplication in 5.81 seconds (process running for 6.521)
2024-11-13 21:08:41.160 [main] INFO  com.alibaba.nacos.client.config.impl.CacheData - nacos.cache.data.init.snapshot = true 
2024-11-13 21:08:41.161 [main] INFO  com.alibaba.nacos.client.config.impl.ClientWorker - [fixed-xiaohashu-192.168.117.200_8848] [subscribe] xiaohashu-oss+DEFAULT_GROUP+xiaohashu
2024-11-13 21:08:41.167 [main] INFO  com.alibaba.nacos.client.config.impl.CacheData - [fixed-xiaohashu-192.168.117.200_8848] [add-listener] ok, tenant=xiaohashu, dataId=xiaohashu-oss, group=DEFAULT_GROUP, cnt=1
2024-11-13 21:08:41.167 [main] INFO  c.a.cloud.nacos.refresh.NacosContextRefresher - [Nacos Config] Listening config: dataId=xiaohashu-oss, group=DEFAULT_GROUP
2024-11-13 21:08:41.169 [main] INFO  com.alibaba.nacos.client.config.impl.ClientWorker - [fixed-xiaohashu-192.168.117.200_8848] [subscribe] xiaohashu-oss-dev.yaml+DEFAULT_GROUP+xiaohashu
2024-11-13 21:08:41.169 [main] INFO  com.alibaba.nacos.client.config.impl.CacheData - [fixed-xiaohashu-192.168.117.200_8848] [add-listener] ok, tenant=xiaohashu, dataId=xiaohashu-oss-dev.yaml, group=DEFAULT_GROUP, cnt=1
2024-11-13 21:08:41.169 [main] INFO  c.a.cloud.nacos.refresh.NacosContextRefresher - [Nacos Config] Listening config: dataId=xiaohashu-oss-dev.yaml, group=DEFAULT_GROUP
2024-11-13 21:08:41.169 [main] INFO  com.alibaba.nacos.client.config.impl.ClientWorker - [fixed-xiaohashu-192.168.117.200_8848] [subscribe] xiaohashu-oss.yaml+DEFAULT_GROUP+xiaohashu
2024-11-13 21:08:41.169 [main] INFO  com.alibaba.nacos.client.config.impl.CacheData - [fixed-xiaohashu-192.168.117.200_8848] [add-listener] ok, tenant=xiaohashu, dataId=xiaohashu-oss.yaml, group=DEFAULT_GROUP, cnt=1
2024-11-13 21:08:41.169 [main] INFO  c.a.cloud.nacos.refresh.NacosContextRefresher - [Nacos Config] Listening config: dataId=xiaohashu-oss.yaml, group=DEFAULT_GROUP
2024-11-13 21:09:00.024 [nacos-grpc-client-executor-192.168.117.200-20] INFO  com.alibaba.nacos.common.remote.client - [08354225-e775-40e3-9c7d-da8ea6026617_config-0] Receive server push request, request = ConfigChangeNotifyRequest, requestId = 1
2024-11-13 21:09:00.024 [nacos-grpc-client-executor-192.168.117.200-20] INFO  com.alibaba.nacos.client.config.impl.ClientWorker - [08354225-e775-40e3-9c7d-da8ea6026617_config-0] [server-push] config changed. dataId=xiaohashu-oss-dev.yaml, group=DEFAULT_GROUP,tenant=xiaohashu
2024-11-13 21:09:00.024 [nacos-grpc-client-executor-192.168.117.200-20] INFO  com.alibaba.nacos.common.remote.client - [08354225-e775-40e3-9c7d-da8ea6026617_config-0] Ack server push request, request = ConfigChangeNotifyRequest, requestId = 1
2024-11-13 21:09:00.042 [com.alibaba.nacos.client.Worker] INFO  com.alibaba.nacos.client.config.impl.ClientWorker - [fixed-xiaohashu-192.168.117.200_8848] [data-received] dataId=xiaohashu-oss-dev.yaml, group=DEFAULT_GROUP, tenant=xiaohashu, md5=d7bf848dd3ce17520c00036081011cf1, content=# oss
storage:
  type: aliyun, type=yaml
2024-11-13 21:09:00.043 [com.alibaba.nacos.client.Worker] INFO  com.alibaba.nacos.client.config.impl.CacheData - [fixed-xiaohashu-192.168.117.200_8848] [notify-listener] time cost=0ms in ClientWorker, dataId=xiaohashu-oss-dev.yaml, group=DEFAULT_GROUP, md5=d7bf848dd3ce17520c00036081011cf1, listener=com.alibaba.cloud.nacos.refresh.NacosContextRefresher$1@64c99ce 
2024-11-13 21:09:00.043 [nacos.client.cachedata.internal.notifier] INFO  com.alibaba.nacos.client.config.impl.CacheData - [fixed-xiaohashu-192.168.117.200_8848] [notify-context] dataId=xiaohashu-oss-dev.yaml, group=DEFAULT_GROUP, md5=d7bf848dd3ce17520c00036081011cf1
2024-11-13 21:09:00.396 [nacos.client.cachedata.internal.notifier] WARN  com.alibaba.nacos.client.logging.NacosLogging - Load Logback Configuration of Nacos fail, message: Could not initialize Logback Nacos logging from classpath:nacos-logback.xml
2024-11-13 21:09:00.400 [nacos.client.cachedata.internal.notifier] WARN  com.alibaba.nacos.client.logging.NacosLogging - Load Logback Configuration of Nacos fail, message: Could not initialize Logback Nacos logging from classpath:nacos-logback.xml
2024-11-13 21:09:00.421 [nacos.client.cachedata.internal.notifier] WARN  com.alibaba.nacos.client.logging.NacosLogging - Load Logback Configuration of Nacos fail, message: Could not initialize Logback Nacos logging from classpath:nacos-logback.xml
2024-11-13 21:09:00.485 [nacos.client.cachedata.internal.notifier] WARN  c.a.cloud.nacos.client.NacosPropertySourceBuilder - Ignore the empty nacos configuration and get it based on dataId[xiaohashu-oss] & group[DEFAULT_GROUP]
2024-11-13 21:09:00.606 [nacos.client.cachedata.internal.notifier] WARN  c.a.cloud.nacos.client.NacosPropertySourceBuilder - Ignore the empty nacos configuration and get it based on dataId[xiaohashu-oss.yaml] & group[DEFAULT_GROUP]
2024-11-13 21:09:00.615 [nacos.client.cachedata.internal.notifier] INFO  o.s.c.b.c.PropertySourceBootstrapConfiguration - Located property source: [BootstrapPropertySource {name='bootstrapProperties-xiaohashu-oss-dev.yaml,DEFAULT_GROUP'}, BootstrapPropertySource {name='bootstrapProperties-xiaohashu-oss.yaml,DEFAULT_GROUP'}, BootstrapPropertySource {name='bootstrapProperties-xiaohashu-oss,DEFAULT_GROUP'}]
2024-11-13 21:09:00.616 [nacos.client.cachedata.internal.notifier] WARN  com.alibaba.nacos.client.logging.NacosLogging - Load Logback Configuration of Nacos fail, message: Could not initialize Logback Nacos logging from classpath:nacos-logback.xml
2024-11-13 21:09:00.616 [nacos.client.cachedata.internal.notifier] INFO  org.springframework.boot.SpringApplication - The following 1 profile is active: "dev"
2024-11-13 21:09:00.621 [nacos.client.cachedata.internal.notifier] INFO  org.springframework.boot.SpringApplication - Started application in 0.574 seconds (process running for 25.984)
2024-11-13 21:09:00.655 [nacos.client.cachedata.internal.notifier] INFO  o.s.cloud.endpoint.event.RefreshEventListener - Refresh keys changed: [storage.type]
2024-11-13 21:09:00.655 [nacos.client.cachedata.internal.notifier] INFO  com.alibaba.nacos.client.config.impl.CacheData - [fixed-xiaohashu-192.168.117.200_8848] [notify-ok] dataId=xiaohashu-oss-dev.yaml, group=DEFAULT_GROUP, md5=d7bf848dd3ce17520c00036081011cf1, listener=com.alibaba.cloud.nacos.refresh.NacosContextRefresher$1@64c99ce ,cost=612 millis.
2024-11-13 21:09:20.843 [nacos-grpc-client-executor-192.168.117.200-33] INFO  com.alibaba.nacos.common.remote.client - [08354225-e775-40e3-9c7d-da8ea6026617_config-0] Receive server push request, request = ConfigChangeNotifyRequest, requestId = 2
2024-11-13 21:09:20.843 [nacos-grpc-client-executor-192.168.117.200-33] INFO  com.alibaba.nacos.client.config.impl.ClientWorker - [08354225-e775-40e3-9c7d-da8ea6026617_config-0] [server-push] config changed. dataId=xiaohashu-oss-dev.yaml, group=DEFAULT_GROUP,tenant=xiaohashu
2024-11-13 21:09:20.844 [nacos-grpc-client-executor-192.168.117.200-33] INFO  com.alibaba.nacos.common.remote.client - [08354225-e775-40e3-9c7d-da8ea6026617_config-0] Ack server push request, request = ConfigChangeNotifyRequest, requestId = 2
2024-11-13 21:09:20.858 [com.alibaba.nacos.client.Worker] INFO  com.alibaba.nacos.client.config.impl.ClientWorker - [fixed-xiaohashu-192.168.117.200_8848] [data-received] dataId=xiaohashu-oss-dev.yaml, group=DEFAULT_GROUP, tenant=xiaohashu, md5=cee0cd4a44648b46607f3996eca262a0, content=# oss
storage:
  type: minio, type=yaml
2024-11-13 21:09:20.858 [com.alibaba.nacos.client.Worker] INFO  com.alibaba.nacos.client.config.impl.CacheData - [fixed-xiaohashu-192.168.117.200_8848] [notify-listener] time cost=0ms in ClientWorker, dataId=xiaohashu-oss-dev.yaml, group=DEFAULT_GROUP, md5=cee0cd4a44648b46607f3996eca262a0, listener=com.alibaba.cloud.nacos.refresh.NacosContextRefresher$1@64c99ce 
2024-11-13 21:09:20.858 [nacos.client.cachedata.internal.notifier] INFO  com.alibaba.nacos.client.config.impl.CacheData - [fixed-xiaohashu-192.168.117.200_8848] [notify-context] dataId=xiaohashu-oss-dev.yaml, group=DEFAULT_GROUP, md5=cee0cd4a44648b46607f3996eca262a0
2024-11-13 21:09:21.213 [nacos.client.cachedata.internal.notifier] WARN  com.alibaba.nacos.client.logging.NacosLogging - Load Logback Configuration of Nacos fail, message: Could not initialize Logback Nacos logging from classpath:nacos-logback.xml
2024-11-13 21:09:21.217 [nacos.client.cachedata.internal.notifier] WARN  com.alibaba.nacos.client.logging.NacosLogging - Load Logback Configuration of Nacos fail, message: Could not initialize Logback Nacos logging from classpath:nacos-logback.xml
2024-11-13 21:09:21.236 [nacos.client.cachedata.internal.notifier] WARN  com.alibaba.nacos.client.logging.NacosLogging - Load Logback Configuration of Nacos fail, message: Could not initialize Logback Nacos logging from classpath:nacos-logback.xml
2024-11-13 21:09:21.245 [nacos.client.cachedata.internal.notifier] WARN  c.a.cloud.nacos.client.NacosPropertySourceBuilder - Ignore the empty nacos configuration and get it based on dataId[xiaohashu-oss] & group[DEFAULT_GROUP]
2024-11-13 21:09:21.251 [nacos.client.cachedata.internal.notifier] WARN  c.a.cloud.nacos.client.NacosPropertySourceBuilder - Ignore the empty nacos configuration and get it based on dataId[xiaohashu-oss.yaml] & group[DEFAULT_GROUP]
2024-11-13 21:09:21.258 [nacos.client.cachedata.internal.notifier] INFO  o.s.c.b.c.PropertySourceBootstrapConfiguration - Located property source: [BootstrapPropertySource {name='bootstrapProperties-xiaohashu-oss-dev.yaml,DEFAULT_GROUP'}, BootstrapPropertySource {name='bootstrapProperties-xiaohashu-oss.yaml,DEFAULT_GROUP'}, BootstrapPropertySource {name='bootstrapProperties-xiaohashu-oss,DEFAULT_GROUP'}]
2024-11-13 21:09:21.260 [nacos.client.cachedata.internal.notifier] WARN  com.alibaba.nacos.client.logging.NacosLogging - Load Logback Configuration of Nacos fail, message: Could not initialize Logback Nacos logging from classpath:nacos-logback.xml
2024-11-13 21:09:21.260 [nacos.client.cachedata.internal.notifier] INFO  org.springframework.boot.SpringApplication - The following 1 profile is active: "dev"
2024-11-13 21:09:21.263 [nacos.client.cachedata.internal.notifier] INFO  org.springframework.boot.SpringApplication - Started application in 0.403 seconds (process running for 46.627)
2024-11-13 21:09:21.290 [nacos.client.cachedata.internal.notifier] INFO  o.s.cloud.endpoint.event.RefreshEventListener - Refresh keys changed: [storage.type]
2024-11-13 21:09:21.290 [nacos.client.cachedata.internal.notifier] INFO  com.alibaba.nacos.client.config.impl.CacheData - [fixed-xiaohashu-192.168.117.200_8848] [notify-ok] dataId=xiaohashu-oss-dev.yaml, group=DEFAULT_GROUP, md5=cee0cd4a44648b46607f3996eca262a0, listener=com.alibaba.cloud.nacos.refresh.NacosContextRefresher$1@64c99ce ,cost=432 millis.
2024-11-13 21:14:25.345 [http-nio-8081-exec-2] INFO  o.a.c.core.ContainerBase.[Tomcat].[localhost].[/] - Initializing Spring DispatcherServlet 'dispatcherServlet'
2024-11-13 21:14:25.346 [http-nio-8081-exec-2] INFO  org.springframework.web.servlet.DispatcherServlet - Initializing Servlet 'dispatcherServlet'
2024-11-13 21:14:25.346 [http-nio-8081-exec-2] INFO  org.springframework.web.servlet.DispatcherServlet - Completed initialization in 0 ms
2024-11-13 21:14:25.388 [http-nio-8081-exec-2] INFO  c.a.x.oss.biz.strategy.impl.MinioFileStrategy - ## 上传文件至 Minio ...
2024-11-13 21:14:25.388 [http-nio-8081-exec-2] INFO  c.a.x.oss.biz.strategy.impl.MinioFileStrategy - ==> 开始上传文件至 Minio, ObjectName: c08f3805f05a4e618293dbc8ed5218ab.png
2024-11-13 21:14:25.727 [http-nio-8081-exec-2] INFO  c.a.x.oss.biz.strategy.impl.MinioFileStrategy - ==> 上传文件至 Minio 成功，访问路径: http://124.70.38.88:9000/xiaohashu/c08f3805f05a4e618293dbc8ed5218ab.png
2024-11-13 21:19:04.695 [Thread-2] WARN  c.alibaba.nacos.common.http.HttpClientBeanHolder - [HttpClientBeanHolder] Start destroying common HttpClient
2024-11-13 21:19:04.695 [Thread-9] WARN  com.alibaba.nacos.common.notify.NotifyCenter - [NotifyCenter] Start destroying Publisher
2024-11-13 21:19:04.695 [Thread-9] WARN  com.alibaba.nacos.common.notify.NotifyCenter - [NotifyCenter] Destruction of the end
2024-11-13 21:19:04.696 [Thread-2] WARN  c.alibaba.nacos.common.http.HttpClientBeanHolder - [HttpClientBeanHolder] Destruction of the end
2024-11-13 21:19:04.734 [SpringApplicationShutdownHook] INFO  c.a.cloud.nacos.registry.NacosServiceRegistry - De-registering from Nacos Server now...
2024-11-13 21:19:04.734 [SpringApplicationShutdownHook] INFO  com.alibaba.nacos.client.naming - [DEREGISTER-SERVICE] xiaohashu deregistering service xiaohashu-oss with instance: Instance{instanceId='null', ip='192.168.117.1', port=8081, weight=1.0, healthy=true, enabled=true, ephemeral=true, clusterName='DEFAULT', serviceName='null', metadata={}}
2024-11-13 21:19:04.739 [SpringApplicationShutdownHook] INFO  c.a.cloud.nacos.registry.NacosServiceRegistry - De-registration finished.
2024-11-13 21:19:04.739 [SpringApplicationShutdownHook] INFO  com.alibaba.nacos.client.naming - com.alibaba.nacos.client.naming.cache.ServiceInfoHolder do shutdown begin
2024-11-13 21:19:04.739 [SpringApplicationShutdownHook] INFO  com.alibaba.nacos.client.naming - com.alibaba.nacos.client.naming.backups.FailoverReactor do shutdown begin
2024-11-13 21:19:04.740 [SpringApplicationShutdownHook] INFO  com.alibaba.nacos.client.naming - com.alibaba.nacos.client.naming.backups.FailoverReactor do shutdown stop
2024-11-13 21:19:04.740 [SpringApplicationShutdownHook] INFO  com.alibaba.nacos.client.naming - com.alibaba.nacos.client.naming.cache.ServiceInfoHolder do shutdown stop
2024-11-13 21:19:04.740 [SpringApplicationShutdownHook] INFO  com.alibaba.nacos.client.naming - com.alibaba.nacos.client.naming.remote.NamingClientProxyDelegate do shutdown begin
2024-11-13 21:19:04.740 [SpringApplicationShutdownHook] INFO  com.alibaba.nacos.client.naming - com.alibaba.nacos.client.naming.core.ServiceInfoUpdateService do shutdown begin
2024-11-13 21:19:04.740 [SpringApplicationShutdownHook] INFO  com.alibaba.nacos.client.naming - com.alibaba.nacos.client.naming.core.ServiceInfoUpdateService do shutdown stop
2024-11-13 21:19:04.740 [SpringApplicationShutdownHook] INFO  com.alibaba.nacos.client.naming - com.alibaba.nacos.client.naming.core.ServerListManager do shutdown begin
2024-11-13 21:19:04.740 [SpringApplicationShutdownHook] WARN  com.alibaba.nacos.client.naming - [NamingHttpClientManager] Start destroying NacosRestTemplate
2024-11-13 21:19:04.740 [SpringApplicationShutdownHook] WARN  com.alibaba.nacos.client.naming - [NamingHttpClientManager] Destruction of the end
2024-11-13 21:19:04.740 [SpringApplicationShutdownHook] INFO  com.alibaba.nacos.client.naming - com.alibaba.nacos.client.naming.core.ServerListManager do shutdown stop
2024-11-13 21:19:04.740 [SpringApplicationShutdownHook] INFO  com.alibaba.nacos.client.naming - com.alibaba.nacos.client.naming.remote.http.NamingHttpClientProxy do shutdown begin
2024-11-13 21:19:04.740 [SpringApplicationShutdownHook] WARN  com.alibaba.nacos.client.naming - [NamingHttpClientManager] Start destroying NacosRestTemplate
2024-11-13 21:19:04.740 [SpringApplicationShutdownHook] WARN  com.alibaba.nacos.client.naming - [NamingHttpClientManager] Destruction of the end
2024-11-13 21:19:04.740 [SpringApplicationShutdownHook] INFO  com.alibaba.nacos.client.naming - com.alibaba.nacos.client.naming.remote.http.NamingHttpClientProxy do shutdown stop
2024-11-13 21:19:04.740 [SpringApplicationShutdownHook] INFO  com.alibaba.nacos.common.remote.client - Shutdown rpc client, set status to shutdown
2024-11-13 21:19:04.740 [SpringApplicationShutdownHook] INFO  com.alibaba.nacos.common.remote.client - Shutdown client event executor java.util.concurrent.ScheduledThreadPoolExecutor@aeab602[Running, pool size = 2, active threads = 2, queued tasks = 0, completed tasks = 0]
2024-11-13 21:19:04.740 [SpringApplicationShutdownHook] INFO  com.alibaba.nacos.common.remote.client - Close current connection 1731503322452_192.168.117.1_55937
2024-11-13 21:19:04.742 [SpringApplicationShutdownHook] INFO  c.a.nacos.common.remote.client.grpc.GrpcClient - Shutdown grpc executor java.util.concurrent.ThreadPoolExecutor@4a902dc9[Running, pool size = 3, active threads = 0, queued tasks = 0, completed tasks = 147]
2024-11-13 21:19:04.743 [SpringApplicationShutdownHook] INFO  com.alibaba.nacos.client.naming - Shutdown grpc redo service executor java.util.concurrent.ScheduledThreadPoolExecutor@5cfa6c93[Running, pool size = 1, active threads = 0, queued tasks = 1, completed tasks = 207]
2024-11-13 21:19:04.743 [SpringApplicationShutdownHook] INFO  c.a.n.client.auth.ram.identify.CredentialWatcher - [null] CredentialWatcher is stopped
2024-11-13 21:19:04.743 [SpringApplicationShutdownHook] INFO  c.a.n.client.auth.ram.identify.CredentialService - [null] CredentialService is freed
2024-11-13 21:19:04.743 [SpringApplicationShutdownHook] INFO  com.alibaba.nacos.client.naming - com.alibaba.nacos.client.naming.remote.NamingClientProxyDelegate do shutdown stop
2024-11-13 21:46:36.510 [main] WARN  com.alibaba.nacos.client.logging.NacosLogging - Load Logback Configuration of Nacos fail, message: Could not initialize Logback Nacos logging from classpath:nacos-logback.xml
2024-11-13 21:46:36.561 [main] WARN  com.alibaba.nacos.client.logging.NacosLogging - Load Logback Configuration of Nacos fail, message: Could not initialize Logback Nacos logging from classpath:nacos-logback.xml
2024-11-13 21:46:36.746 [main] WARN  com.alibaba.nacos.client.logging.NacosLogging - Load Logback Configuration of Nacos fail, message: Could not initialize Logback Nacos logging from classpath:nacos-logback.xml
2024-11-13 21:46:36.748 [main] INFO  com.alibaba.nacos.client.utils.ParamUtil - [settings] [req-serv] nacos-server port:8848
2024-11-13 21:46:36.748 [main] INFO  com.alibaba.nacos.client.utils.ParamUtil - [settings] [http-client] connect timeout:1000
2024-11-13 21:46:36.748 [main] INFO  com.alibaba.nacos.client.utils.ParamUtil - PER_TASK_CONFIG_SIZE: 3000.0
2024-11-13 21:46:36.771 [main] INFO  c.a.n.p.auth.spi.client.ClientAuthPluginManager - [ClientAuthPluginManager] Load ClientAuthService com.alibaba.nacos.client.auth.impl.NacosClientAuthServiceImpl success.
2024-11-13 21:46:36.771 [main] INFO  c.a.n.p.auth.spi.client.ClientAuthPluginManager - [ClientAuthPluginManager] Load ClientAuthService com.alibaba.nacos.client.auth.ram.RamClientAuthServiceImpl success.
2024-11-13 21:46:36.774 [main] INFO  c.a.n.client.auth.ram.identify.CredentialWatcher - null No credential found
2024-11-13 21:46:37.128 [main] WARN  com.alibaba.nacos.client.logging.NacosLogging - Load Logback Configuration of Nacos fail, message: Could not initialize Logback Nacos logging from classpath:nacos-logback.xml
2024-11-13 21:46:37.139 [main] INFO  c.a.n.client.config.impl.LocalConfigInfoProcessor - LOCAL_SNAPSHOT_PATH:C:\Users\xu\nacos\config
2024-11-13 21:46:37.142 [main] INFO  com.alibaba.nacos.common.remote.client - [RpcClientFactory] create a new rpc client of 55a02282-0aa9-4a08-8935-6e43ed3bc04b_config-0
2024-11-13 21:46:37.161 [main] INFO  com.alibaba.nacos.common.remote.client - [55a02282-0aa9-4a08-8935-6e43ed3bc04b_config-0] Register server push request handler:com.alibaba.nacos.client.config.impl.ClientWorker$ConfigRpcTransportClient$$Lambda$587/0x0000000800f8f6c8
2024-11-13 21:46:37.161 [main] INFO  com.alibaba.nacos.common.remote.client - [55a02282-0aa9-4a08-8935-6e43ed3bc04b_config-0] Register server push request handler:com.alibaba.nacos.client.config.impl.ClientWorker$ConfigRpcTransportClient$$Lambda$588/0x0000000800f8fae8
2024-11-13 21:46:37.162 [main] INFO  com.alibaba.nacos.common.remote.client - [55a02282-0aa9-4a08-8935-6e43ed3bc04b_config-0] Registry connection listener to current client:com.alibaba.nacos.client.config.impl.ClientWorker$ConfigRpcTransportClient$1
2024-11-13 21:46:37.162 [main] INFO  com.alibaba.nacos.common.remote.client - [55a02282-0aa9-4a08-8935-6e43ed3bc04b_config-0] RpcClient init, ServerListFactory = com.alibaba.nacos.client.config.impl.ClientWorker$ConfigRpcTransportClient$2
2024-11-13 21:46:37.168 [main] INFO  com.alibaba.nacos.common.remote.client - [55a02282-0aa9-4a08-8935-6e43ed3bc04b_config-0] Try to connect to server on start up, server: {serverIp = '192.168.117.200', server main port = 8848}
2024-11-13 21:46:37.199 [main] INFO  c.a.nacos.common.remote.client.grpc.GrpcClient - grpc client connection server:192.168.117.200 ip,serverPort:9848,grpcTslConfig:{"sslProvider":"OPENSSL","enableTls":false,"mutualAuthEnable":false,"trustAll":false}
2024-11-13 21:46:38.235 [main] INFO  com.alibaba.nacos.common.remote.client - [55a02282-0aa9-4a08-8935-6e43ed3bc04b_config-0] Success to connect to server [192.168.117.200:8848] on start up, connectionId = 1731505599728_192.168.117.1_58073
2024-11-13 21:46:38.238 [com.alibaba.nacos.client.remote.worker] INFO  com.alibaba.nacos.common.remote.client - [55a02282-0aa9-4a08-8935-6e43ed3bc04b_config-0] Notify connected event to listeners.
2024-11-13 21:46:38.239 [main] INFO  com.alibaba.nacos.common.remote.client - [55a02282-0aa9-4a08-8935-6e43ed3bc04b_config-0] Register server push request handler:com.alibaba.nacos.common.remote.client.RpcClient$ConnectResetRequestHandler
2024-11-13 21:46:38.239 [com.alibaba.nacos.client.remote.worker] INFO  com.alibaba.nacos.client.config.impl.ClientWorker - [55a02282-0aa9-4a08-8935-6e43ed3bc04b_config-0] Connected,notify listen context...
2024-11-13 21:46:38.240 [main] INFO  com.alibaba.nacos.common.remote.client - [55a02282-0aa9-4a08-8935-6e43ed3bc04b_config-0] Register server push request handler:com.alibaba.nacos.common.remote.client.RpcClient$$Lambda$608/0x00000008010d7080
2024-11-13 21:46:38.291 [main] INFO  com.alibaba.nacos.client.config.impl.Limiter - limitTime:5.0
2024-11-13 21:46:38.304 [main] WARN  c.a.cloud.nacos.client.NacosPropertySourceBuilder - Ignore the empty nacos configuration and get it based on dataId[xiaohashu-oss] & group[DEFAULT_GROUP]
2024-11-13 21:46:38.309 [main] WARN  c.a.cloud.nacos.client.NacosPropertySourceBuilder - Ignore the empty nacos configuration and get it based on dataId[xiaohashu-oss.yaml] & group[DEFAULT_GROUP]
2024-11-13 21:46:38.316 [main] INFO  com.alibaba.nacos.client.config.utils.JvmUtil - isMultiInstance:false
2024-11-13 21:46:38.319 [main] INFO  o.s.c.b.c.PropertySourceBootstrapConfiguration - Located property source: [BootstrapPropertySource {name='bootstrapProperties-xiaohashu-oss-dev.yaml,DEFAULT_GROUP'}, BootstrapPropertySource {name='bootstrapProperties-xiaohashu-oss.yaml,DEFAULT_GROUP'}, BootstrapPropertySource {name='bootstrapProperties-xiaohashu-oss,DEFAULT_GROUP'}]
2024-11-13 21:46:38.322 [main] WARN  com.alibaba.nacos.client.logging.NacosLogging - Load Logback Configuration of Nacos fail, message: Could not initialize Logback Nacos logging from classpath:nacos-logback.xml
2024-11-13 21:46:38.323 [main] INFO  c.a.xiaohashu.oss.biz.XiaohashuOssBizApplication - The following 1 profile is active: "dev"
2024-11-13 21:46:38.743 [main] INFO  o.springframework.cloud.context.scope.GenericScope - BeanFactory id=be16fc23-0d75-34e1-aa8d-bbb424b5a6b8
2024-11-13 21:46:38.974 [main] INFO  o.s.boot.web.embedded.tomcat.TomcatWebServer - Tomcat initialized with port(s): 8081 (http)
2024-11-13 21:46:38.983 [main] INFO  org.apache.catalina.core.StandardService - Starting service [Tomcat]
2024-11-13 21:46:38.983 [main] INFO  org.apache.catalina.core.StandardEngine - Starting Servlet engine: [Apache Tomcat/10.1.5]
2024-11-13 21:46:39.045 [main] INFO  o.a.c.core.ContainerBase.[Tomcat].[localhost].[/] - Initializing Spring embedded WebApplicationContext
2024-11-13 21:46:39.046 [main] INFO  o.s.b.w.s.c.ServletWebServerApplicationContext - Root WebApplicationContext: initialization completed in 714 ms
2024-11-13 21:46:39.106 [main] WARN  o.s.b.w.s.c.AnnotationConfigServletWebServerApplicationContext - Exception encountered during context initialization - cancelling refresh attempt: org.springframework.beans.factory.BeanCreationException: Error creating bean with name 'aliyunOSSClient' defined in class path resource [com/arnanzz/xiaohashu/oss/biz/config/AliyunConfig.class]: Failed to instantiate [com.aliyun.oss.OSS]: Factory method 'aliyunOSSClient' threw exception with message: Access key id should not be null or empty.
2024-11-13 21:46:39.109 [main] INFO  org.apache.catalina.core.StandardService - Stopping service [Tomcat]
2024-11-13 21:46:39.119 [main] INFO  o.s.b.a.logging.ConditionEvaluationReportLogger - 

Error starting ApplicationContext. To display the condition evaluation report re-run your application with 'debug' enabled.
2024-11-13 21:46:39.133 [main] ERROR org.springframework.boot.SpringApplication - Application run failed
org.springframework.beans.factory.BeanCreationException: Error creating bean with name 'aliyunOSSClient' defined in class path resource [com/arnanzz/xiaohashu/oss/biz/config/AliyunConfig.class]: Failed to instantiate [com.aliyun.oss.OSS]: Factory method 'aliyunOSSClient' threw exception with message: Access key id should not be null or empty.
	at org.springframework.beans.factory.support.ConstructorResolver.instantiate(ConstructorResolver.java:657)
	at org.springframework.beans.factory.support.ConstructorResolver.instantiateUsingFactoryMethod(ConstructorResolver.java:491)
	at org.springframework.beans.factory.support.AbstractAutowireCapableBeanFactory.instantiateUsingFactoryMethod(AbstractAutowireCapableBeanFactory.java:1324)
	at org.springframework.beans.factory.support.AbstractAutowireCapableBeanFactory.createBeanInstance(AbstractAutowireCapableBeanFactory.java:1161)
	at org.springframework.beans.factory.support.AbstractAutowireCapableBeanFactory.doCreateBean(AbstractAutowireCapableBeanFactory.java:561)
	at org.springframework.beans.factory.support.AbstractAutowireCapableBeanFactory.createBean(AbstractAutowireCapableBeanFactory.java:521)
	at org.springframework.beans.factory.support.AbstractBeanFactory.lambda$doGetBean$0(AbstractBeanFactory.java:326)
	at org.springframework.beans.factory.support.DefaultSingletonBeanRegistry.getSingleton(DefaultSingletonBeanRegistry.java:234)
	at org.springframework.beans.factory.support.AbstractBeanFactory.doGetBean(AbstractBeanFactory.java:324)
	at org.springframework.beans.factory.support.AbstractBeanFactory.getBean(AbstractBeanFactory.java:200)
	at org.springframework.beans.factory.support.DefaultListableBeanFactory.preInstantiateSingletons(DefaultListableBeanFactory.java:961)
	at org.springframework.context.support.AbstractApplicationContext.finishBeanFactoryInitialization(AbstractApplicationContext.java:915)
	at org.springframework.context.support.AbstractApplicationContext.refresh(AbstractApplicationContext.java:584)
	at org.springframework.boot.web.servlet.context.ServletWebServerApplicationContext.refresh(ServletWebServerApplicationContext.java:146)
	at org.springframework.boot.SpringApplication.refresh(SpringApplication.java:730)
	at org.springframework.boot.SpringApplication.refreshContext(SpringApplication.java:432)
	at org.springframework.boot.SpringApplication.run(SpringApplication.java:308)
	at org.springframework.boot.SpringApplication.run(SpringApplication.java:1302)
	at org.springframework.boot.SpringApplication.run(SpringApplication.java:1291)
	at com.arnanzz.xiaohashu.oss.biz.XiaohashuOssBizApplication.main(XiaohashuOssBizApplication.java:15)
Caused by: org.springframework.beans.BeanInstantiationException: Failed to instantiate [com.aliyun.oss.OSS]: Factory method 'aliyunOSSClient' threw exception with message: Access key id should not be null or empty.
	at org.springframework.beans.factory.support.SimpleInstantiationStrategy.instantiate(SimpleInstantiationStrategy.java:171)
	at org.springframework.beans.factory.support.ConstructorResolver.instantiate(ConstructorResolver.java:653)
	... 19 common frames omitted
Caused by: com.aliyun.oss.common.auth.InvalidCredentialsException: Access key id should not be null or empty.
	at com.aliyun.oss.common.auth.DefaultCredentialProvider.checkCredentials(DefaultCredentialProvider.java:63)
	at com.aliyun.oss.common.auth.DefaultCredentialProvider.<init>(DefaultCredentialProvider.java:38)
	at com.aliyun.oss.common.auth.DefaultCredentialProvider.<init>(DefaultCredentialProvider.java:34)
	at com.aliyun.oss.common.auth.CredentialsProviderFactory.newDefaultCredentialProvider(CredentialsProviderFactory.java:42)
	at com.arnanzz.xiaohashu.oss.biz.config.AliyunConfig.aliyunOSSClient(AliyunConfig.java:29)
	at com.arnanzz.xiaohashu.oss.biz.config.AliyunConfig$$SpringCGLIB$$0.CGLIB$aliyunOSSClient$0(<generated>)
	at com.arnanzz.xiaohashu.oss.biz.config.AliyunConfig$$SpringCGLIB$$2.invoke(<generated>)
	at org.springframework.cglib.proxy.MethodProxy.invokeSuper(MethodProxy.java:258)
	at org.springframework.context.annotation.ConfigurationClassEnhancer$BeanMethodInterceptor.intercept(ConfigurationClassEnhancer.java:331)
	at com.arnanzz.xiaohashu.oss.biz.config.AliyunConfig$$SpringCGLIB$$0.aliyunOSSClient(<generated>)
	at java.base/jdk.internal.reflect.NativeMethodAccessorImpl.invoke0(Native Method)
	at java.base/jdk.internal.reflect.NativeMethodAccessorImpl.invoke(NativeMethodAccessorImpl.java:77)
	at java.base/jdk.internal.reflect.DelegatingMethodAccessorImpl.invoke(DelegatingMethodAccessorImpl.java:43)
	at java.base/java.lang.reflect.Method.invoke(Method.java:568)
	at org.springframework.beans.factory.support.SimpleInstantiationStrategy.instantiate(SimpleInstantiationStrategy.java:139)
	... 20 common frames omitted
2024-11-13 21:46:39.136 [Thread-2] WARN  c.alibaba.nacos.common.http.HttpClientBeanHolder - [HttpClientBeanHolder] Start destroying common HttpClient
2024-11-13 21:46:39.136 [Thread-9] WARN  com.alibaba.nacos.common.notify.NotifyCenter - [NotifyCenter] Start destroying Publisher
2024-11-13 21:46:39.136 [Thread-9] WARN  com.alibaba.nacos.common.notify.NotifyCenter - [NotifyCenter] Destruction of the end
2024-11-13 21:46:39.136 [Thread-2] WARN  c.alibaba.nacos.common.http.HttpClientBeanHolder - [HttpClientBeanHolder] Destruction of the end
2024-11-13 21:47:30.187 [main] WARN  com.alibaba.nacos.client.logging.NacosLogging - Load Logback Configuration of Nacos fail, message: Could not initialize Logback Nacos logging from classpath:nacos-logback.xml
2024-11-13 21:47:30.249 [main] WARN  com.alibaba.nacos.client.logging.NacosLogging - Load Logback Configuration of Nacos fail, message: Could not initialize Logback Nacos logging from classpath:nacos-logback.xml
2024-11-13 21:47:30.457 [main] WARN  com.alibaba.nacos.client.logging.NacosLogging - Load Logback Configuration of Nacos fail, message: Could not initialize Logback Nacos logging from classpath:nacos-logback.xml
2024-11-13 21:47:30.459 [main] INFO  com.alibaba.nacos.client.utils.ParamUtil - [settings] [req-serv] nacos-server port:8848
2024-11-13 21:47:30.459 [main] INFO  com.alibaba.nacos.client.utils.ParamUtil - [settings] [http-client] connect timeout:1000
2024-11-13 21:47:30.460 [main] INFO  com.alibaba.nacos.client.utils.ParamUtil - PER_TASK_CONFIG_SIZE: 3000.0
2024-11-13 21:47:30.482 [main] INFO  c.a.n.p.auth.spi.client.ClientAuthPluginManager - [ClientAuthPluginManager] Load ClientAuthService com.alibaba.nacos.client.auth.impl.NacosClientAuthServiceImpl success.
2024-11-13 21:47:30.482 [main] INFO  c.a.n.p.auth.spi.client.ClientAuthPluginManager - [ClientAuthPluginManager] Load ClientAuthService com.alibaba.nacos.client.auth.ram.RamClientAuthServiceImpl success.
2024-11-13 21:47:30.484 [main] INFO  c.a.n.client.auth.ram.identify.CredentialWatcher - null No credential found
2024-11-13 21:47:30.953 [main] WARN  com.alibaba.nacos.client.logging.NacosLogging - Load Logback Configuration of Nacos fail, message: Could not initialize Logback Nacos logging from classpath:nacos-logback.xml
2024-11-13 21:47:30.970 [main] INFO  c.a.n.client.config.impl.LocalConfigInfoProcessor - LOCAL_SNAPSHOT_PATH:C:\Users\xu\nacos\config
2024-11-13 21:47:30.973 [main] INFO  com.alibaba.nacos.common.remote.client - [RpcClientFactory] create a new rpc client of 15d8d082-f0dd-4ced-bb83-2ef0b5914808_config-0
2024-11-13 21:47:30.997 [main] INFO  com.alibaba.nacos.common.remote.client - [15d8d082-f0dd-4ced-bb83-2ef0b5914808_config-0] Register server push request handler:com.alibaba.nacos.client.config.impl.ClientWorker$ConfigRpcTransportClient$$Lambda$587/0x0000000800f8f6c8
2024-11-13 21:47:30.998 [main] INFO  com.alibaba.nacos.common.remote.client - [15d8d082-f0dd-4ced-bb83-2ef0b5914808_config-0] Register server push request handler:com.alibaba.nacos.client.config.impl.ClientWorker$ConfigRpcTransportClient$$Lambda$588/0x0000000800f8fae8
2024-11-13 21:47:30.998 [main] INFO  com.alibaba.nacos.common.remote.client - [15d8d082-f0dd-4ced-bb83-2ef0b5914808_config-0] Registry connection listener to current client:com.alibaba.nacos.client.config.impl.ClientWorker$ConfigRpcTransportClient$1
2024-11-13 21:47:30.999 [main] INFO  com.alibaba.nacos.common.remote.client - [15d8d082-f0dd-4ced-bb83-2ef0b5914808_config-0] RpcClient init, ServerListFactory = com.alibaba.nacos.client.config.impl.ClientWorker$ConfigRpcTransportClient$2
2024-11-13 21:47:31.009 [main] INFO  com.alibaba.nacos.common.remote.client - [15d8d082-f0dd-4ced-bb83-2ef0b5914808_config-0] Try to connect to server on start up, server: {serverIp = '192.168.117.200', server main port = 8848}
2024-11-13 21:47:31.040 [main] INFO  c.a.nacos.common.remote.client.grpc.GrpcClient - grpc client connection server:192.168.117.200 ip,serverPort:9848,grpcTslConfig:{"sslProvider":"OPENSSL","enableTls":false,"mutualAuthEnable":false,"trustAll":false}
2024-11-13 21:47:32.317 [main] INFO  com.alibaba.nacos.common.remote.client - [15d8d082-f0dd-4ced-bb83-2ef0b5914808_config-0] Success to connect to server [192.168.117.200:8848] on start up, connectionId = 1731505653834_192.168.117.1_58104
2024-11-13 21:47:32.317 [com.alibaba.nacos.client.remote.worker] INFO  com.alibaba.nacos.common.remote.client - [15d8d082-f0dd-4ced-bb83-2ef0b5914808_config-0] Notify connected event to listeners.
2024-11-13 21:47:32.317 [com.alibaba.nacos.client.remote.worker] INFO  com.alibaba.nacos.client.config.impl.ClientWorker - [15d8d082-f0dd-4ced-bb83-2ef0b5914808_config-0] Connected,notify listen context...
2024-11-13 21:47:32.318 [main] INFO  com.alibaba.nacos.common.remote.client - [15d8d082-f0dd-4ced-bb83-2ef0b5914808_config-0] Register server push request handler:com.alibaba.nacos.common.remote.client.RpcClient$ConnectResetRequestHandler
2024-11-13 21:47:32.318 [main] INFO  com.alibaba.nacos.common.remote.client - [15d8d082-f0dd-4ced-bb83-2ef0b5914808_config-0] Register server push request handler:com.alibaba.nacos.common.remote.client.RpcClient$$Lambda$608/0x00000008010d7068
2024-11-13 21:47:32.368 [main] INFO  com.alibaba.nacos.client.config.impl.Limiter - limitTime:5.0
2024-11-13 21:47:32.480 [main] WARN  c.a.cloud.nacos.client.NacosPropertySourceBuilder - Ignore the empty nacos configuration and get it based on dataId[xiaohashu-oss] & group[DEFAULT_GROUP]
2024-11-13 21:47:32.486 [main] WARN  c.a.cloud.nacos.client.NacosPropertySourceBuilder - Ignore the empty nacos configuration and get it based on dataId[xiaohashu-oss.yaml] & group[DEFAULT_GROUP]
2024-11-13 21:47:32.494 [main] INFO  com.alibaba.nacos.client.config.utils.JvmUtil - isMultiInstance:false
2024-11-13 21:47:32.499 [main] INFO  o.s.c.b.c.PropertySourceBootstrapConfiguration - Located property source: [BootstrapPropertySource {name='bootstrapProperties-xiaohashu-oss-dev.yaml,DEFAULT_GROUP'}, BootstrapPropertySource {name='bootstrapProperties-xiaohashu-oss.yaml,DEFAULT_GROUP'}, BootstrapPropertySource {name='bootstrapProperties-xiaohashu-oss,DEFAULT_GROUP'}]
2024-11-13 21:47:32.504 [main] WARN  com.alibaba.nacos.client.logging.NacosLogging - Load Logback Configuration of Nacos fail, message: Could not initialize Logback Nacos logging from classpath:nacos-logback.xml
2024-11-13 21:47:32.504 [main] INFO  c.a.xiaohashu.oss.biz.XiaohashuOssBizApplication - The following 1 profile is active: "dev"
2024-11-13 21:47:33.028 [main] INFO  o.springframework.cloud.context.scope.GenericScope - BeanFactory id=be16fc23-0d75-34e1-aa8d-bbb424b5a6b8
2024-11-13 21:47:33.254 [main] INFO  o.s.boot.web.embedded.tomcat.TomcatWebServer - Tomcat initialized with port(s): 8081 (http)
2024-11-13 21:47:33.262 [main] INFO  org.apache.catalina.core.StandardService - Starting service [Tomcat]
2024-11-13 21:47:33.262 [main] INFO  org.apache.catalina.core.StandardEngine - Starting Servlet engine: [Apache Tomcat/10.1.5]
2024-11-13 21:47:33.321 [main] INFO  o.a.c.core.ContainerBase.[Tomcat].[localhost].[/] - Initializing Spring embedded WebApplicationContext
2024-11-13 21:47:33.322 [main] INFO  o.s.b.w.s.c.ServletWebServerApplicationContext - Root WebApplicationContext: initialization completed in 807 ms
2024-11-13 21:47:35.223 [main] INFO  o.s.boot.web.embedded.tomcat.TomcatWebServer - Tomcat started on port(s): 8081 (http) with context path ''
2024-11-13 21:47:35.230 [main] INFO  com.alibaba.nacos.client.naming - initializer namespace from ans.namespace attribute : null
2024-11-13 21:47:35.230 [main] INFO  com.alibaba.nacos.client.naming - initializer namespace from ALIBABA_ALIWARE_NAMESPACE attribute :null
2024-11-13 21:47:35.231 [main] INFO  com.alibaba.nacos.client.naming - initializer namespace from namespace attribute :null
2024-11-13 21:47:35.240 [main] INFO  c.a.n.p.auth.spi.client.ClientAuthPluginManager - [ClientAuthPluginManager] Load ClientAuthService com.alibaba.nacos.client.auth.impl.NacosClientAuthServiceImpl success.
2024-11-13 21:47:35.240 [main] INFO  c.a.n.p.auth.spi.client.ClientAuthPluginManager - [ClientAuthPluginManager] Load ClientAuthService com.alibaba.nacos.client.auth.ram.RamClientAuthServiceImpl success.
2024-11-13 21:47:35.245 [main] INFO  com.alibaba.nacos.common.remote.client - [RpcClientFactory] create a new rpc client of dfcfc54f-cb73-47d2-bd0e-9edb4fa06f57
2024-11-13 21:47:35.247 [main] INFO  com.alibaba.nacos.common.remote.client - [dfcfc54f-cb73-47d2-bd0e-9edb4fa06f57] RpcClient init, ServerListFactory = com.alibaba.nacos.client.naming.core.ServerListManager
2024-11-13 21:47:35.248 [main] INFO  com.alibaba.nacos.common.remote.client - [dfcfc54f-cb73-47d2-bd0e-9edb4fa06f57] Registry connection listener to current client:com.alibaba.nacos.client.naming.remote.gprc.redo.NamingGrpcRedoService
2024-11-13 21:47:35.248 [main] INFO  com.alibaba.nacos.common.remote.client - [dfcfc54f-cb73-47d2-bd0e-9edb4fa06f57] Register server push request handler:com.alibaba.nacos.client.naming.remote.gprc.NamingPushRequestHandler
2024-11-13 21:47:35.249 [main] INFO  com.alibaba.nacos.common.remote.client - [dfcfc54f-cb73-47d2-bd0e-9edb4fa06f57] Try to connect to server on start up, server: {serverIp = '192.168.117.200', server main port = 8848}
2024-11-13 21:47:35.249 [main] INFO  c.a.nacos.common.remote.client.grpc.GrpcClient - grpc client connection server:192.168.117.200 ip,serverPort:9848,grpcTslConfig:{"sslProvider":"OPENSSL","enableTls":false,"mutualAuthEnable":false,"trustAll":false}
2024-11-13 21:47:35.370 [main] INFO  com.alibaba.nacos.common.remote.client - [dfcfc54f-cb73-47d2-bd0e-9edb4fa06f57] Success to connect to server [192.168.117.200:8848] on start up, connectionId = 1731505657002_192.168.117.1_58108
2024-11-13 21:47:35.370 [main] INFO  com.alibaba.nacos.common.remote.client - [dfcfc54f-cb73-47d2-bd0e-9edb4fa06f57] Register server push request handler:com.alibaba.nacos.common.remote.client.RpcClient$ConnectResetRequestHandler
2024-11-13 21:47:35.370 [com.alibaba.nacos.client.remote.worker] INFO  com.alibaba.nacos.common.remote.client - [dfcfc54f-cb73-47d2-bd0e-9edb4fa06f57] Notify connected event to listeners.
2024-11-13 21:47:35.370 [main] INFO  com.alibaba.nacos.common.remote.client - [dfcfc54f-cb73-47d2-bd0e-9edb4fa06f57] Register server push request handler:com.alibaba.nacos.common.remote.client.RpcClient$$Lambda$608/0x00000008010d7068
2024-11-13 21:47:35.370 [com.alibaba.nacos.client.remote.worker] INFO  com.alibaba.nacos.client.naming - Grpc connection connect
2024-11-13 21:47:35.371 [main] INFO  com.alibaba.nacos.client.naming - [REGISTER-SERVICE] xiaohashu registering service xiaohashu-oss with instance Instance{instanceId='null', ip='192.168.117.1', port=8081, weight=1.0, healthy=true, enabled=true, ephemeral=true, clusterName='DEFAULT', serviceName='null', metadata={IPv6=null, preserved.register.source=SPRING_CLOUD}}
2024-11-13 21:47:35.383 [main] INFO  c.a.cloud.nacos.registry.NacosServiceRegistry - nacos registry, DEFAULT_GROUP xiaohashu-oss 192.168.117.1:8081 register finished
2024-11-13 21:47:35.706 [main] INFO  c.a.xiaohashu.oss.biz.XiaohashuOssBizApplication - Started XiaohashuOssBizApplication in 6.418 seconds (process running for 7.016)
2024-11-13 21:47:35.709 [main] INFO  com.alibaba.nacos.client.config.impl.CacheData - nacos.cache.data.init.snapshot = true 
2024-11-13 21:47:35.710 [main] INFO  com.alibaba.nacos.client.config.impl.ClientWorker - [fixed-xiaohashu-192.168.117.200_8848] [subscribe] xiaohashu-oss+DEFAULT_GROUP+xiaohashu
2024-11-13 21:47:35.717 [main] INFO  com.alibaba.nacos.client.config.impl.CacheData - [fixed-xiaohashu-192.168.117.200_8848] [add-listener] ok, tenant=xiaohashu, dataId=xiaohashu-oss, group=DEFAULT_GROUP, cnt=1
2024-11-13 21:47:35.717 [main] INFO  c.a.cloud.nacos.refresh.NacosContextRefresher - [Nacos Config] Listening config: dataId=xiaohashu-oss, group=DEFAULT_GROUP
2024-11-13 21:47:35.718 [main] INFO  com.alibaba.nacos.client.config.impl.ClientWorker - [fixed-xiaohashu-192.168.117.200_8848] [subscribe] xiaohashu-oss-dev.yaml+DEFAULT_GROUP+xiaohashu
2024-11-13 21:47:35.718 [main] INFO  com.alibaba.nacos.client.config.impl.CacheData - [fixed-xiaohashu-192.168.117.200_8848] [add-listener] ok, tenant=xiaohashu, dataId=xiaohashu-oss-dev.yaml, group=DEFAULT_GROUP, cnt=1
2024-11-13 21:47:35.718 [main] INFO  c.a.cloud.nacos.refresh.NacosContextRefresher - [Nacos Config] Listening config: dataId=xiaohashu-oss-dev.yaml, group=DEFAULT_GROUP
2024-11-13 21:47:35.719 [main] INFO  com.alibaba.nacos.client.config.impl.ClientWorker - [fixed-xiaohashu-192.168.117.200_8848] [subscribe] xiaohashu-oss.yaml+DEFAULT_GROUP+xiaohashu
2024-11-13 21:47:35.719 [main] INFO  com.alibaba.nacos.client.config.impl.CacheData - [fixed-xiaohashu-192.168.117.200_8848] [add-listener] ok, tenant=xiaohashu, dataId=xiaohashu-oss.yaml, group=DEFAULT_GROUP, cnt=1
2024-11-13 21:47:35.719 [main] INFO  c.a.cloud.nacos.refresh.NacosContextRefresher - [Nacos Config] Listening config: dataId=xiaohashu-oss.yaml, group=DEFAULT_GROUP
2024-11-13 22:13:11.012 [Thread-9] WARN  com.alibaba.nacos.common.notify.NotifyCenter - [NotifyCenter] Start destroying Publisher
2024-11-13 22:13:11.012 [Thread-9] WARN  com.alibaba.nacos.common.notify.NotifyCenter - [NotifyCenter] Destruction of the end
2024-11-13 22:13:11.012 [Thread-2] WARN  c.alibaba.nacos.common.http.HttpClientBeanHolder - [HttpClientBeanHolder] Start destroying common HttpClient
2024-11-13 22:13:11.013 [Thread-2] WARN  c.alibaba.nacos.common.http.HttpClientBeanHolder - [HttpClientBeanHolder] Destruction of the end
2024-11-13 22:13:11.096 [SpringApplicationShutdownHook] INFO  c.a.cloud.nacos.registry.NacosServiceRegistry - De-registering from Nacos Server now...
2024-11-13 22:13:11.096 [SpringApplicationShutdownHook] INFO  com.alibaba.nacos.client.naming - [DEREGISTER-SERVICE] xiaohashu deregistering service xiaohashu-oss with instance: Instance{instanceId='null', ip='192.168.117.1', port=8081, weight=1.0, healthy=true, enabled=true, ephemeral=true, clusterName='DEFAULT', serviceName='null', metadata={}}
2024-11-13 22:13:11.145 [SpringApplicationShutdownHook] INFO  c.a.cloud.nacos.registry.NacosServiceRegistry - De-registration finished.
2024-11-13 22:13:11.146 [SpringApplicationShutdownHook] INFO  com.alibaba.nacos.client.naming - com.alibaba.nacos.client.naming.cache.ServiceInfoHolder do shutdown begin
2024-11-13 22:13:11.146 [SpringApplicationShutdownHook] INFO  com.alibaba.nacos.client.naming - com.alibaba.nacos.client.naming.backups.FailoverReactor do shutdown begin
2024-11-13 22:13:11.146 [SpringApplicationShutdownHook] INFO  com.alibaba.nacos.client.naming - com.alibaba.nacos.client.naming.backups.FailoverReactor do shutdown stop
2024-11-13 22:13:11.146 [SpringApplicationShutdownHook] INFO  com.alibaba.nacos.client.naming - com.alibaba.nacos.client.naming.cache.ServiceInfoHolder do shutdown stop
2024-11-13 22:13:11.146 [SpringApplicationShutdownHook] INFO  com.alibaba.nacos.client.naming - com.alibaba.nacos.client.naming.remote.NamingClientProxyDelegate do shutdown begin
2024-11-13 22:13:11.146 [SpringApplicationShutdownHook] INFO  com.alibaba.nacos.client.naming - com.alibaba.nacos.client.naming.core.ServiceInfoUpdateService do shutdown begin
2024-11-13 22:13:11.147 [SpringApplicationShutdownHook] INFO  com.alibaba.nacos.client.naming - com.alibaba.nacos.client.naming.core.ServiceInfoUpdateService do shutdown stop
2024-11-13 22:13:11.147 [SpringApplicationShutdownHook] INFO  com.alibaba.nacos.client.naming - com.alibaba.nacos.client.naming.core.ServerListManager do shutdown begin
2024-11-13 22:13:11.147 [SpringApplicationShutdownHook] WARN  com.alibaba.nacos.client.naming - [NamingHttpClientManager] Start destroying NacosRestTemplate
2024-11-13 22:13:11.147 [SpringApplicationShutdownHook] WARN  com.alibaba.nacos.client.naming - [NamingHttpClientManager] Destruction of the end
2024-11-13 22:13:11.147 [SpringApplicationShutdownHook] INFO  com.alibaba.nacos.client.naming - com.alibaba.nacos.client.naming.core.ServerListManager do shutdown stop
2024-11-13 22:13:11.147 [SpringApplicationShutdownHook] INFO  com.alibaba.nacos.client.naming - com.alibaba.nacos.client.naming.remote.http.NamingHttpClientProxy do shutdown begin
2024-11-13 22:13:11.147 [SpringApplicationShutdownHook] WARN  com.alibaba.nacos.client.naming - [NamingHttpClientManager] Start destroying NacosRestTemplate
2024-11-13 22:13:11.147 [SpringApplicationShutdownHook] WARN  com.alibaba.nacos.client.naming - [NamingHttpClientManager] Destruction of the end
2024-11-13 22:13:11.147 [SpringApplicationShutdownHook] INFO  com.alibaba.nacos.client.naming - com.alibaba.nacos.client.naming.remote.http.NamingHttpClientProxy do shutdown stop
2024-11-13 22:13:11.147 [SpringApplicationShutdownHook] INFO  com.alibaba.nacos.common.remote.client - Shutdown rpc client, set status to shutdown
2024-11-13 22:13:11.147 [SpringApplicationShutdownHook] INFO  com.alibaba.nacos.common.remote.client - Shutdown client event executor java.util.concurrent.ScheduledThreadPoolExecutor@1ec0deda[Running, pool size = 2, active threads = 2, queued tasks = 0, completed tasks = 0]
2024-11-13 22:13:11.147 [SpringApplicationShutdownHook] INFO  com.alibaba.nacos.common.remote.client - Close current connection 1731505657002_192.168.117.1_58108
2024-11-13 22:13:11.154 [nacos-grpc-client-executor-192.168.117.200-328] WARN  c.a.nacos.common.remote.client.grpc.GrpcClient - [1731505657002_192.168.117.1_58108]Ignore error event,isRunning:false,isAbandon=false
2024-11-13 22:13:11.155 [SpringApplicationShutdownHook] INFO  c.a.nacos.common.remote.client.grpc.GrpcClient - Shutdown grpc executor java.util.concurrent.ThreadPoolExecutor@6e55a54[Running, pool size = 4, active threads = 0, queued tasks = 0, completed tasks = 329]
2024-11-13 22:13:11.156 [SpringApplicationShutdownHook] INFO  com.alibaba.nacos.client.naming - Shutdown grpc redo service executor java.util.concurrent.ScheduledThreadPoolExecutor@40c8b66[Running, pool size = 1, active threads = 0, queued tasks = 1, completed tasks = 510]
2024-11-13 22:13:11.157 [SpringApplicationShutdownHook] INFO  c.a.n.client.auth.ram.identify.CredentialWatcher - [null] CredentialWatcher is stopped
2024-11-13 22:13:11.157 [SpringApplicationShutdownHook] INFO  c.a.n.client.auth.ram.identify.CredentialService - [null] CredentialService is freed
2024-11-13 22:13:11.158 [SpringApplicationShutdownHook] INFO  com.alibaba.nacos.client.naming - com.alibaba.nacos.client.naming.remote.NamingClientProxyDelegate do shutdown stop
